#
# A fatal error has been detected by the Java Runtime Environment:
#
#  EXCEPTION_ACCESS_VIOLATION (0xc0000005) at pc=0x00007ffcbef56730, pid=13364, tid=2488
#
# JRE version: Java(TM) SE Runtime Environment (11.0+28) (build 11+28)
# Java VM: Java HotSpot(TM) 64-Bit Server VM (11+28, mixed mode, tiered, compressed oops, g1 gc, windows-amd64)
# Problematic frame:
# C  [glass.dll+0x26730]
#
# No core dump will be written. Minidumps are not enabled by default on client versions of Windows
#
# If you would like to submit a bug report, please visit:
#   http://bugreport.java.com/bugreport/crash.jsp
#

---------------  S U M M A R Y ------------

Command Line: -javaagent:C:\Program Files\JetBrains\IntelliJ IDEA 2022.2\lib\idea_rt.jar=55409:C:\Program Files\JetBrains\IntelliJ IDEA 2022.2\bin -Dfile.encoding=UTF-8 --module-path=C:\Users\User\.m2\repository\org\bouncycastle\bcprov-jdk15on\1.70\bcprov-jdk15on-1.70.jar;C:\Users\User\.m2\repository\com\fasterxml\woodstox\woodstox-core\6.2.7\woodstox-core-6.2.7.jar;C:\Users\User\.m2\repository\org\openjfx\javafx-fxml\11.0.2\javafx-fxml-11.0.2-win.jar;C:\Users\User\.m2\repository\org\postgresql\postgresql\42.2.8\postgresql-42.2.8.jar;C:\Users\User\.m2\repository\org\openjfx\javafx-controls\11.0.2\javafx-controls-11.0.2-win.jar;C:\Users\User\.m2\repository\org\openjfx\javafx-graphics\11.0.2\javafx-graphics-11.0.2-win.jar;C:\Users\User\Desktop\Sistemas Administrativos II\Sistema-Contable\target\classes;C:\Users\User\.m2\repository\net\sf\jasperreports\jasperreports\6.20.0\jasperreports-6.20.0.jar;C:\Users\User\.m2\repository\org\testng\testng\7.5\testng-7.5.jar;C:\Users\User\.m2\repository\org\openjfx\javafx-base\11.0.2\javafx-base-11.0.2-win.jar;C:\Users\User\.m2\repository\org\codehaus\woodstox\stax2-api\4.2.1\stax2-api-4.2.1.jar -Djdk.module.main=sistemacontable.sistemacontable sistemacontable.sistemacontable/sistemacontable.sistemacontable.HelloApplication

Host: Intel(R) Core(TM) i3-2350M CPU @ 2.30GHz, 4 cores, 7G,  Windows 10 , 64 bit Build 19041 (10.0.19041.1889)
Time: Thu Dec  8 00:18:50 2022 Hora estándar de Argentina elapsed time: 53 seconds (0d 0h 0m 53s)

---------------  T H R E A D  ---------------

Current thread (0x000002057f28d000):  VMThread "VM Thread" [stack: 0x000000fb04700000,0x000000fb04800000] [id=2488]

Stack: [0x000000fb04700000,0x000000fb04800000],  sp=0x000000fb047fee10,  free space=1019k
Native frames: (J=compiled Java code, j=interpreted, Vv=VM code, C=native code)
C  [glass.dll+0x26730]


siginfo: EXCEPTION_ACCESS_VIOLATION (0xc0000005), reading address 0x0000000000000000


Register to memory mapping:

RIP=0x00007ffcbef56730 glass.dll
RAX=0x0 is NULL
RBX=0x000002057f2bb430 is a global jni handle
RCX=0x000002057f28d000 points into unknown readable memory
RDX=0x000000fb047fee10 points into unknown readable memory
RSP=0x000000fb047fee10 points into unknown readable memory
RBP=0x00000205144c17c8 points into unknown readable memory
RSI=0x00000205144c17a0 points into unknown readable memory
RDI=0x0000f1a88a030180 is an unknown value
R8 =0x0000000000010002 is an unknown value
R9 =0x0000f1a88a030180 is an unknown value
R10=0x0000000000008000 is an unknown value
R11=0x000000fb047fedb0 points into unknown readable memory
R12=0x00007ffcbef53be0 glass.dll
R13=0x000000fb064febf0 is pointing into the stack for thread: 0x000002051452f800
R14=0x000000fb047fef18 points into unknown readable memory
R15=0x00000205144c17a0 points into unknown readable memory


Registers:
RAX=0x0000000000000000, RBX=0x000002057f2bb430, RCX=0x000002057f28d000, RDX=0x000000fb047fee10
RSP=0x000000fb047fee10, RBP=0x00000205144c17c8, RSI=0x00000205144c17a0, RDI=0x0000f1a88a030180
R8 =0x0000000000010002, R9 =0x0000f1a88a030180, R10=0x0000000000008000, R11=0x000000fb047fedb0
R12=0x00007ffcbef53be0, R13=0x000000fb064febf0, R14=0x000000fb047fef18, R15=0x00000205144c17a0
RIP=0x00007ffcbef56730, EFLAGS=0x0000000000010202

Top of Stack: (sp=0x000000fb047fee10)
0x000000fb047fee10:   0000000000000000 00007ffce399f05b
0x000000fb047fee20:   00000205144c17b0 00000205144c17a0
0x000000fb047fee30:   fffffffffffffffe 00007ffcbef53be0
0x000000fb047fee40:   00000205144c17a8 00007ffce39a42d6
0x000000fb047fee50:   00000205144c17b0 0000020500000000
0x000000fb047fee60:   00000205144c17c8 00000205144c17a0
0x000000fb047fee70:   fffffffffffffffe 0000000000000000
0x000000fb047fee80:   0000000000000001 00007ffcbef30000
0x000000fb047fee90:   000000fb047fef08 00007ffce39a41fb
0x000000fb047feea0:   0000000000000000 000000fb047fef18
0x000000fb047feeb0:   000000fb047ff1d0 00007ffce3a80e40
0x000000fb047feec0:   0000000000000001 00007ffce39a41b4
0x000000fb047feed0:   0000000000000000 0000000000000001
0x000000fb047feee0:   0000020518c92590 000000fb047fef08
0x000000fb047feef0:   0000000000000006 00007ffcbef53a60
0x000000fb047fef00:   00007ffcbef6d100 00007ffc00000002 

Instructions: (pc=0x00007ffcbef56730)
0x00007ffcbef56710:   40 53 48 83 ec 30 48 c7 44 24 20 fe ff ff ff 48
0x00007ffcbef56720:   8b 1d ea 63 01 00 48 85 db 74 16 e8 90 86 ff ff
0x00007ffcbef56730:   4c 8b 00 48 8b d3 48 8b c8 41 ff 90 b0 00 00 00
0x00007ffcbef56740:   90 48 83 c4 30 5b c3 cc cc cc cc cc cc cc cc cc 


VM_Operation (0x000000fb064febf0): Exit, mode: safepoint, requested by thread 0x000002051452f800


---------------  P R O C E S S  ---------------

Threads class SMR info:
_java_thread_list=0x000002051364e320, length=18, elements={
0x0000020573eed800, 0x000002057f2c4800, 0x000002057f2cf000, 0x0000020512ff3800,
0x000002057f2c0000, 0x000002057f2d8000, 0x000002057f2df000, 0x000002051314f000,
0x000002051337a000, 0x0000020513373800, 0x000002051323b000, 0x0000020514093000,
0x0000020514501000, 0x0000020514124800, 0x0000020514138800, 0x000002051931f000,
0x0000020514b45000, 0x000002051452f800
}

Java Threads: ( => current thread )
  0x0000020573eed800 JavaThread "main" [_thread_blocked, id=9060, stack(0x000000fb04100000,0x000000fb04200000)]
  0x000002057f2c4800 JavaThread "Reference Handler" daemon [_thread_blocked, id=15240, stack(0x000000fb04800000,0x000000fb04900000)]
  0x000002057f2cf000 JavaThread "Finalizer" daemon [_thread_blocked, id=1224, stack(0x000000fb04900000,0x000000fb04a00000)]
  0x0000020512ff3800 JavaThread "Attach Listener" daemon [_thread_blocked, id=5260, stack(0x000000fb04b00000,0x000000fb04c00000)]
  0x000002057f2c0000 JavaThread "C2 CompilerThread0" daemon [_thread_blocked, id=12304, stack(0x000000fb04c00000,0x000000fb04d00000)]
  0x000002057f2d8000 JavaThread "C1 CompilerThread0" daemon [_thread_blocked, id=11588, stack(0x000000fb04d00000,0x000000fb04e00000)]
  0x000002057f2df000 JavaThread "Sweeper thread" daemon [_thread_blocked, id=7828, stack(0x000000fb04e00000,0x000000fb04f00000)]
  0x000002051314f000 JavaThread "Common-Cleaner" daemon [_thread_blocked, id=14996, stack(0x000000fb04f00000,0x000000fb05000000)]
  0x000002051337a000 JavaThread "Monitor Ctrl-Break" daemon [_thread_in_native, id=8304, stack(0x000000fb05400000,0x000000fb05500000)]
  0x0000020513373800 JavaThread "Service Thread" daemon [_thread_blocked, id=12332, stack(0x000000fb05500000,0x000000fb05600000)]
  0x000002051323b000 JavaThread "QuantumRenderer-0" daemon [_thread_blocked, id=12124, stack(0x000000fb05300000,0x000000fb05400000)]
  0x0000020514093000 JavaThread "InvokeLaterDispatcher" daemon [_thread_blocked, id=15840, stack(0x000000fb05800000,0x000000fb05900000)]
  0x0000020514501000 JavaThread "JavaFX Application Thread" [_thread_in_native, id=1252, stack(0x000000fb05900000,0x000000fb05a00000)]
  0x0000020514124800 JavaThread "Thread-1" daemon [_thread_in_native, id=620, stack(0x000000fb05b00000,0x000000fb05c00000)]
  0x0000020514138800 JavaThread "JavaFX-Launcher" [_thread_blocked, id=776, stack(0x000000fb05c00000,0x000000fb05d00000)]
  0x000002051931f000 JavaThread "Prism Font Disposer" daemon [_thread_blocked, id=12224, stack(0x000000fb06200000,0x000000fb06300000)]
  0x0000020514b45000 JavaThread "Cleaner-0" daemon [_thread_blocked, id=9852, stack(0x000000fb06300000,0x000000fb06400000)]
  0x000002051452f800 JavaThread "SIGINT handler" daemon [_thread_blocked, id=9696, stack(0x000000fb06400000,0x000000fb06500000)]

Other Threads:
=>0x000002057f28d000 VMThread "VM Thread" [stack: 0x000000fb04700000,0x000000fb04800000] [id=2488]
  0x0000020573f03800 GCTaskThread "GC Thread#0" [stack: 0x000000fb04200000,0x000000fb04300000] [id=13704]
  0x000002051323d000 GCTaskThread "GC Thread#1" [stack: 0x000000fb05000000,0x000000fb05100000] [id=5872]
  0x000002051376b800 GCTaskThread "GC Thread#2" [stack: 0x000000fb05100000,0x000000fb05200000] [id=12872]
  0x000002051475b800 GCTaskThread "GC Thread#3" [stack: 0x000000fb05d00000,0x000000fb05e00000] [id=15676]
  0x0000020573f33000 ConcurrentGCThread "G1 Main Marker" [stack: 0x000000fb04300000,0x000000fb04400000] [id=3328]
  0x0000020573f34800 ConcurrentGCThread "G1 Conc#0" [stack: 0x000000fb04400000,0x000000fb04500000] [id=4824]
  0x0000020573fc5000 ConcurrentGCThread "G1 Refine#0" [stack: 0x000000fb04500000,0x000000fb04600000] [id=9108]
  0x00000205138bb800 ConcurrentGCThread "G1 Refine#1" [stack: 0x000000fb05200000,0x000000fb05300000] [id=13472]
  0x0000020573fc6800 ConcurrentGCThread "G1 Young RemSet Sampling" [stack: 0x000000fb04600000,0x000000fb04700000] [id=14984]

Threads with active compile tasks:
C1 CompilerThread05257       3       java.util.concurrent.ConcurrentHashMap::sumCount (60 bytes)

VM state:at safepoint (shutting down)

VM Mutex/Monitor currently owned by a thread:  ([mutex/lock_event])
[0x0000020573ee87a0] Threads_lock - owner thread: 0x000002057f28d000

Heap address: 0x0000000081400000, size: 2028 MB, Compressed Oops mode: 32-bit
Narrow klass base: 0x0000000000000000, Narrow klass shift: 3
Compressed class space size: 1073741824 Address: 0x0000000100000000

Heap:
 garbage-first heap   total 157696K, used 103779K [0x0000000081400000, 0x0000000100000000)
  region size 1024K, 5 young (5120K), 3 survivors (3072K)
 Metaspace       used 34542K, capacity 35968K, committed 36220K, reserved 1081344K
  class space    used 4302K, capacity 4897K, committed 4992K, reserved 1048576K
Heap Regions: E=young(eden), S=young(survivor), O=old, HS=humongous(starts), HC=humongous(continues), CS=collection set, F=free, A=archive, TAMS=top-at-mark-start (previous, next)
|   0|0x0000000081400000, 0x0000000081500000, 0x0000000081500000|100%| O|  |TAMS 0x0000000081500000, 0x0000000081400000| Untracked 
|   1|0x0000000081500000, 0x0000000081500000, 0x0000000081600000|  0%| F|  |TAMS 0x0000000081500000, 0x0000000081500000| Untracked 
|   2|0x0000000081600000, 0x0000000081600000, 0x0000000081700000|  0%| F|  |TAMS 0x0000000081600000, 0x0000000081600000| Untracked 
|   3|0x0000000081700000, 0x0000000081800000, 0x0000000081800000|100%| O|  |TAMS 0x0000000081800000, 0x0000000081700000| Untracked 
|   4|0x0000000081800000, 0x0000000081900000, 0x0000000081900000|100%| O|  |TAMS 0x0000000081900000, 0x0000000081800000| Untracked 
|   5|0x0000000081900000, 0x0000000081a00000, 0x0000000081a00000|100%| O|  |TAMS 0x0000000081a00000, 0x0000000081900000| Untracked 
|   6|0x0000000081a00000, 0x0000000081b00000, 0x0000000081b00000|100%| O|  |TAMS 0x0000000081b00000, 0x0000000081a00000| Untracked 
|   7|0x0000000081b00000, 0x0000000081c00000, 0x0000000081c00000|100%| O|  |TAMS 0x0000000081c00000, 0x0000000081b00000| Untracked 
|   8|0x0000000081c00000, 0x0000000081d00000, 0x0000000081d00000|100%| O|  |TAMS 0x0000000081d00000, 0x0000000081c00000| Untracked 
|   9|0x0000000081d00000, 0x0000000081e00000, 0x0000000081e00000|100%| O|  |TAMS 0x0000000081e00000, 0x0000000081d00000| Untracked 
|  10|0x0000000081e00000, 0x0000000081f00000, 0x0000000081f00000|100%| O|  |TAMS 0x0000000081f00000, 0x0000000081e00000| Untracked 
|  11|0x0000000081f00000, 0x0000000082000000, 0x0000000082000000|100%| O|  |TAMS 0x0000000082000000, 0x0000000081f00000| Untracked 
|  12|0x0000000082000000, 0x0000000082100000, 0x0000000082100000|100%|HS|  |TAMS 0x0000000082100000, 0x0000000082000000| Complete 
|  13|0x0000000082100000, 0x0000000082200000, 0x0000000082200000|100%|HC|  |TAMS 0x0000000082200000, 0x0000000082100000| Complete 
|  14|0x0000000082200000, 0x0000000082300000, 0x0000000082300000|100%|HC|  |TAMS 0x0000000082300000, 0x0000000082200000| Complete 
|  15|0x0000000082300000, 0x0000000082400000, 0x0000000082400000|100%|HC|  |TAMS 0x0000000082400000, 0x0000000082300000| Complete 
|  16|0x0000000082400000, 0x0000000082500000, 0x0000000082500000|100%|HC|  |TAMS 0x0000000082500000, 0x0000000082400000| Complete 
|  17|0x0000000082500000, 0x0000000082600000, 0x0000000082600000|100%|HS|  |TAMS 0x0000000082600000, 0x0000000082500000| Complete 
|  18|0x0000000082600000, 0x0000000082700000, 0x0000000082700000|100%| O|  |TAMS 0x0000000082700000, 0x0000000082600000| Untracked 
|  19|0x0000000082700000, 0x0000000082800000, 0x0000000082800000|100%| O|  |TAMS 0x0000000082800000, 0x0000000082700000| Untracked 
|  20|0x0000000082800000, 0x0000000082900000, 0x0000000082900000|100%| O|  |TAMS 0x0000000082900000, 0x0000000082800000| Untracked 
|  21|0x0000000082900000, 0x0000000082a00000, 0x0000000082a00000|100%| O|  |TAMS 0x0000000082a00000, 0x0000000082900000| Untracked 
|  22|0x0000000082a00000, 0x0000000082b00000, 0x0000000082b00000|100%| O|  |TAMS 0x0000000082b00000, 0x0000000082a00000| Untracked 
|  23|0x0000000082b00000, 0x0000000082c00000, 0x0000000082c00000|100%| O|  |TAMS 0x0000000082c00000, 0x0000000082b00000| Untracked 
|  24|0x0000000082c00000, 0x0000000082d00000, 0x0000000082d00000|100%|HS|  |TAMS 0x0000000082d00000, 0x0000000082c00000| Complete 
|  25|0x0000000082d00000, 0x0000000082e00000, 0x0000000082e00000|100%| O|  |TAMS 0x0000000082e00000, 0x0000000082d00000| Untracked 
|  26|0x0000000082e00000, 0x0000000082f00000, 0x0000000082f00000|100%| O|  |TAMS 0x0000000082f00000, 0x0000000082e00000| Untracked 
|  27|0x0000000082f00000, 0x0000000083000000, 0x0000000083000000|100%| O|  |TAMS 0x0000000083000000, 0x0000000082f00000| Untracked 
|  28|0x0000000083000000, 0x0000000083100000, 0x0000000083100000|100%| O|  |TAMS 0x0000000083100000, 0x0000000083000000| Untracked 
|  29|0x0000000083100000, 0x0000000083200000, 0x0000000083200000|100%| O|  |TAMS 0x0000000083200000, 0x0000000083100000| Untracked 
|  30|0x0000000083200000, 0x0000000083300000, 0x0000000083300000|100%|HS|  |TAMS 0x0000000083300000, 0x0000000083200000| Complete 
|  31|0x0000000083300000, 0x0000000083400000, 0x0000000083400000|100%|HC|  |TAMS 0x0000000083400000, 0x0000000083300000| Complete 
|  32|0x0000000083400000, 0x0000000083500000, 0x0000000083500000|100%|HC|  |TAMS 0x0000000083500000, 0x0000000083400000| Complete 
|  33|0x0000000083500000, 0x0000000083600000, 0x0000000083600000|100%|HC|  |TAMS 0x0000000083600000, 0x0000000083500000| Complete 
|  34|0x0000000083600000, 0x0000000083700000, 0x0000000083700000|100%|HC|  |TAMS 0x0000000083700000, 0x0000000083600000| Complete 
|  35|0x0000000083700000, 0x0000000083800000, 0x0000000083800000|100%|HC|  |TAMS 0x0000000083800000, 0x0000000083700000| Complete 
|  36|0x0000000083800000, 0x0000000083900000, 0x0000000083900000|100%|HC|  |TAMS 0x0000000083900000, 0x0000000083800000| Complete 
|  37|0x0000000083900000, 0x0000000083a00000, 0x0000000083a00000|100%|HC|  |TAMS 0x0000000083a00000, 0x0000000083900000| Complete 
|  38|0x0000000083a00000, 0x0000000083b00000, 0x0000000083b00000|100%|HC|  |TAMS 0x0000000083b00000, 0x0000000083a00000| Complete 
|  39|0x0000000083b00000, 0x0000000083c00000, 0x0000000083c00000|100%|HC|  |TAMS 0x0000000083c00000, 0x0000000083b00000| Complete 
|  40|0x0000000083c00000, 0x0000000083d00000, 0x0000000083d00000|100%|HC|  |TAMS 0x0000000083d00000, 0x0000000083c00000| Complete 
|  41|0x0000000083d00000, 0x0000000083e00000, 0x0000000083e00000|100%|HC|  |TAMS 0x0000000083e00000, 0x0000000083d00000| Complete 
|  42|0x0000000083e00000, 0x0000000083f00000, 0x0000000083f00000|100%|HC|  |TAMS 0x0000000083f00000, 0x0000000083e00000| Complete 
|  43|0x0000000083f00000, 0x0000000084000000, 0x0000000084000000|100%|HC|  |TAMS 0x0000000084000000, 0x0000000083f00000| Complete 
|  44|0x0000000084000000, 0x0000000084100000, 0x0000000084100000|100%|HC|  |TAMS 0x0000000084100000, 0x0000000084000000| Complete 
|  45|0x0000000084100000, 0x0000000084200000, 0x0000000084200000|100%|HC|  |TAMS 0x0000000084200000, 0x0000000084100000| Complete 
|  46|0x0000000084200000, 0x0000000084300000, 0x0000000084300000|100%|HC|  |TAMS 0x0000000084300000, 0x0000000084200000| Complete 
|  47|0x0000000084300000, 0x0000000084400000, 0x0000000084400000|100%|HC|  |TAMS 0x0000000084400000, 0x0000000084300000| Complete 
|  48|0x0000000084400000, 0x0000000084500000, 0x0000000084500000|100%|HC|  |TAMS 0x0000000084500000, 0x0000000084400000| Complete 
|  49|0x0000000084500000, 0x0000000084600000, 0x0000000084600000|100%|HC|  |TAMS 0x0000000084600000, 0x0000000084500000| Complete 
|  50|0x0000000084600000, 0x0000000084700000, 0x0000000084700000|100%|HC|  |TAMS 0x0000000084700000, 0x0000000084600000| Complete 
|  51|0x0000000084700000, 0x0000000084800000, 0x0000000084800000|100%|HC|  |TAMS 0x0000000084800000, 0x0000000084700000| Complete 
|  52|0x0000000084800000, 0x0000000084900000, 0x0000000084900000|100%|HC|  |TAMS 0x0000000084900000, 0x0000000084800000| Complete 
|  53|0x0000000084900000, 0x0000000084a00000, 0x0000000084a00000|100%|HC|  |TAMS 0x0000000084a00000, 0x0000000084900000| Complete 
|  54|0x0000000084a00000, 0x0000000084b00000, 0x0000000084b00000|100%|HC|  |TAMS 0x0000000084b00000, 0x0000000084a00000| Complete 
|  55|0x0000000084b00000, 0x0000000084c00000, 0x0000000084c00000|100%|HC|  |TAMS 0x0000000084c00000, 0x0000000084b00000| Complete 
|  56|0x0000000084c00000, 0x0000000084d00000, 0x0000000084d00000|100%|HC|  |TAMS 0x0000000084d00000, 0x0000000084c00000| Complete 
|  57|0x0000000084d00000, 0x0000000084e00000, 0x0000000084e00000|100%|HC|  |TAMS 0x0000000084e00000, 0x0000000084d00000| Complete 
|  58|0x0000000084e00000, 0x0000000084f00000, 0x0000000084f00000|100%|HC|  |TAMS 0x0000000084f00000, 0x0000000084e00000| Complete 
|  59|0x0000000084f00000, 0x0000000085000000, 0x0000000085000000|100%|HC|  |TAMS 0x0000000085000000, 0x0000000084f00000| Complete 
|  60|0x0000000085000000, 0x0000000085100000, 0x0000000085100000|100%|HC|  |TAMS 0x0000000085100000, 0x0000000085000000| Complete 
|  61|0x0000000085100000, 0x0000000085200000, 0x0000000085200000|100%|HC|  |TAMS 0x0000000085200000, 0x0000000085100000| Complete 
|  62|0x0000000085200000, 0x0000000085300000, 0x0000000085300000|100%|HC|  |TAMS 0x0000000085300000, 0x0000000085200000| Complete 
|  63|0x0000000085300000, 0x0000000085400000, 0x0000000085400000|100%|HC|  |TAMS 0x0000000085400000, 0x0000000085300000| Complete 
|  64|0x0000000085400000, 0x0000000085500000, 0x0000000085500000|100%|HC|  |TAMS 0x0000000085500000, 0x0000000085400000| Complete 
|  65|0x0000000085500000, 0x0000000085600000, 0x0000000085600000|100%|HC|  |TAMS 0x0000000085600000, 0x0000000085500000| Complete 
|  66|0x0000000085600000, 0x0000000085700000, 0x0000000085700000|100%|HC|  |TAMS 0x0000000085700000, 0x0000000085600000| Complete 
|  67|0x0000000085700000, 0x0000000085800000, 0x0000000085800000|100%|HC|  |TAMS 0x0000000085800000, 0x0000000085700000| Complete 
|  68|0x0000000085800000, 0x0000000085900000, 0x0000000085900000|100%|HC|  |TAMS 0x0000000085900000, 0x0000000085800000| Complete 
|  69|0x0000000085900000, 0x0000000085a00000, 0x0000000085a00000|100%|HC|  |TAMS 0x0000000085a00000, 0x0000000085900000| Complete 
|  70|0x0000000085a00000, 0x0000000085b00000, 0x0000000085b00000|100%|HC|  |TAMS 0x0000000085b00000, 0x0000000085a00000| Complete 
|  71|0x0000000085b00000, 0x0000000085c00000, 0x0000000085c00000|100%|HC|  |TAMS 0x0000000085c00000, 0x0000000085b00000| Complete 
|  72|0x0000000085c00000, 0x0000000085d00000, 0x0000000085d00000|100%|HC|  |TAMS 0x0000000085d00000, 0x0000000085c00000| Complete 
|  73|0x0000000085d00000, 0x0000000085e00000, 0x0000000085e00000|100%|HC|  |TAMS 0x0000000085e00000, 0x0000000085d00000| Complete 
|  74|0x0000000085e00000, 0x0000000085f00000, 0x0000000085f00000|100%|HC|  |TAMS 0x0000000085f00000, 0x0000000085e00000| Complete 
|  75|0x0000000085f00000, 0x0000000086000000, 0x0000000086000000|100%|HC|  |TAMS 0x0000000086000000, 0x0000000085f00000| Complete 
|  76|0x0000000086000000, 0x0000000086100000, 0x0000000086100000|100%|HC|  |TAMS 0x0000000086100000, 0x0000000086000000| Complete 
|  77|0x0000000086100000, 0x0000000086200000, 0x0000000086200000|100%|HC|  |TAMS 0x0000000086200000, 0x0000000086100000| Complete 
|  78|0x0000000086200000, 0x0000000086300000, 0x0000000086300000|100%|HC|  |TAMS 0x0000000086300000, 0x0000000086200000| Complete 
|  79|0x0000000086300000, 0x0000000086400000, 0x0000000086400000|100%|HC|  |TAMS 0x0000000086400000, 0x0000000086300000| Complete 
|  80|0x0000000086400000, 0x0000000086500000, 0x0000000086500000|100%|HC|  |TAMS 0x0000000086500000, 0x0000000086400000| Complete 
|  81|0x0000000086500000, 0x0000000086600000, 0x0000000086600000|100%|HC|  |TAMS 0x0000000086600000, 0x0000000086500000| Complete 
|  82|0x0000000086600000, 0x0000000086700000, 0x0000000086700000|100%|HC|  |TAMS 0x0000000086700000, 0x0000000086600000| Complete 
|  83|0x0000000086700000, 0x0000000086800000, 0x0000000086800000|100%|HC|  |TAMS 0x0000000086800000, 0x0000000086700000| Complete 
|  84|0x0000000086800000, 0x0000000086900000, 0x0000000086900000|100%|HC|  |TAMS 0x0000000086900000, 0x0000000086800000| Complete 
|  85|0x0000000086900000, 0x0000000086a00000, 0x0000000086a00000|100%|HC|  |TAMS 0x0000000086a00000, 0x0000000086900000| Complete 
|  86|0x0000000086a00000, 0x0000000086b00000, 0x0000000086b00000|100%|HC|  |TAMS 0x0000000086b00000, 0x0000000086a00000| Complete 
|  87|0x0000000086b00000, 0x0000000086c00000, 0x0000000086c00000|100%|HC|  |TAMS 0x0000000086c00000, 0x0000000086b00000| Complete 
|  88|0x0000000086c00000, 0x0000000086d00000, 0x0000000086d00000|100%| O|  |TAMS 0x0000000086d00000, 0x0000000086c00000| Untracked 
|  89|0x0000000086d00000, 0x0000000086e00000, 0x0000000086e00000|100%|HS|  |TAMS 0x0000000086e00000, 0x0000000086d00000| Complete 
|  90|0x0000000086e00000, 0x0000000086f00000, 0x0000000086f00000|100%|HC|  |TAMS 0x0000000086f00000, 0x0000000086e00000| Complete 
|  91|0x0000000086f00000, 0x0000000087000000, 0x0000000087000000|100%|HC|  |TAMS 0x0000000087000000, 0x0000000086f00000| Complete 
|  92|0x0000000087000000, 0x0000000087100000, 0x0000000087100000|100%| O|  |TAMS 0x0000000087100000, 0x0000000087000000| Untracked 
|  93|0x0000000087100000, 0x0000000087200000, 0x0000000087200000|100%| O|  |TAMS 0x0000000087200000, 0x0000000087100000| Untracked 
|  94|0x0000000087200000, 0x0000000087300000, 0x0000000087300000|100%| O|  |TAMS 0x0000000087300000, 0x0000000087200000| Untracked 
|  95|0x0000000087300000, 0x0000000087400000, 0x0000000087400000|100%| O|  |TAMS 0x0000000087400000, 0x0000000087300000| Untracked 
|  96|0x0000000087400000, 0x0000000087500000, 0x0000000087500000|100%| O|  |TAMS 0x0000000087500000, 0x0000000087400000| Untracked 
|  97|0x0000000087500000, 0x000000008757e800, 0x0000000087600000| 49%| O|  |TAMS 0x000000008757e800, 0x0000000087500000| Untracked 
|  98|0x0000000087600000, 0x0000000087700000, 0x0000000087700000|100%|HS|  |TAMS 0x0000000087600000, 0x0000000087600000| Complete 
|  99|0x0000000087700000, 0x0000000087800000, 0x0000000087800000|100%|HC|  |TAMS 0x0000000087700000, 0x0000000087700000| Complete 
| 100|0x0000000087800000, 0x0000000087800000, 0x0000000087900000|  0%| F|  |TAMS 0x0000000087800000, 0x0000000087800000| Untracked 
| 101|0x0000000087900000, 0x0000000087900000, 0x0000000087a00000|  0%| F|  |TAMS 0x0000000087900000, 0x0000000087900000| Untracked 
| 102|0x0000000087a00000, 0x0000000087a00000, 0x0000000087b00000|  0%| F|  |TAMS 0x0000000087a00000, 0x0000000087a00000| Untracked 
| 103|0x0000000087b00000, 0x0000000087b00000, 0x0000000087c00000|  0%| F|  |TAMS 0x0000000087b00000, 0x0000000087b00000| Untracked 
| 104|0x0000000087c00000, 0x0000000087c00000, 0x0000000087d00000|  0%| F|  |TAMS 0x0000000087c00000, 0x0000000087c00000| Untracked 
| 105|0x0000000087d00000, 0x0000000087d00000, 0x0000000087e00000|  0%| F|  |TAMS 0x0000000087d00000, 0x0000000087d00000| Untracked 
| 106|0x0000000087e00000, 0x0000000087e00000, 0x0000000087f00000|  0%| F|  |TAMS 0x0000000087e00000, 0x0000000087e00000| Untracked 
| 107|0x0000000087f00000, 0x0000000087f00000, 0x0000000088000000|  0%| F|  |TAMS 0x0000000087f00000, 0x0000000087f00000| Untracked 
| 108|0x0000000088000000, 0x0000000088000000, 0x0000000088100000|  0%| F|  |TAMS 0x0000000088000000, 0x0000000088000000| Untracked 
| 109|0x0000000088100000, 0x0000000088100000, 0x0000000088200000|  0%| F|  |TAMS 0x0000000088100000, 0x0000000088100000| Untracked 
| 110|0x0000000088200000, 0x0000000088200000, 0x0000000088300000|  0%| F|  |TAMS 0x0000000088200000, 0x0000000088200000| Untracked 
| 111|0x0000000088300000, 0x0000000088300000, 0x0000000088400000|  0%| F|  |TAMS 0x0000000088300000, 0x0000000088300000| Untracked 
| 112|0x0000000088400000, 0x0000000088400000, 0x0000000088500000|  0%| F|  |TAMS 0x0000000088400000, 0x0000000088400000| Untracked 
| 113|0x0000000088500000, 0x0000000088500000, 0x0000000088600000|  0%| F|  |TAMS 0x0000000088500000, 0x0000000088500000| Untracked 
| 114|0x0000000088600000, 0x0000000088600000, 0x0000000088700000|  0%| F|  |TAMS 0x0000000088600000, 0x0000000088600000| Untracked 
| 115|0x0000000088700000, 0x0000000088700000, 0x0000000088800000|  0%| F|  |TAMS 0x0000000088700000, 0x0000000088700000| Untracked 
| 116|0x0000000088800000, 0x0000000088800000, 0x0000000088900000|  0%| F|  |TAMS 0x0000000088800000, 0x0000000088800000| Untracked 
| 117|0x0000000088900000, 0x0000000088900000, 0x0000000088a00000|  0%| F|  |TAMS 0x0000000088900000, 0x0000000088900000| Untracked 
| 118|0x0000000088a00000, 0x0000000088a00000, 0x0000000088b00000|  0%| F|  |TAMS 0x0000000088a00000, 0x0000000088a00000| Untracked 
| 119|0x0000000088b00000, 0x0000000088b00000, 0x0000000088c00000|  0%| F|  |TAMS 0x0000000088b00000, 0x0000000088b00000| Untracked 
| 120|0x0000000088c00000, 0x0000000088c00000, 0x0000000088d00000|  0%| F|  |TAMS 0x0000000088c00000, 0x0000000088c00000| Untracked 
| 121|0x0000000088d00000, 0x0000000088d00000, 0x0000000088e00000|  0%| F|  |TAMS 0x0000000088d00000, 0x0000000088d00000| Untracked 
| 122|0x0000000088e00000, 0x0000000088e00000, 0x0000000088f00000|  0%| F|  |TAMS 0x0000000088e00000, 0x0000000088e00000| Untracked 
| 123|0x0000000088f00000, 0x0000000088f00000, 0x0000000089000000|  0%| F|  |TAMS 0x0000000088f00000, 0x0000000088f00000| Untracked 
| 124|0x0000000089000000, 0x0000000089000000, 0x0000000089100000|  0%| F|  |TAMS 0x0000000089000000, 0x0000000089000000| Untracked 
| 125|0x0000000089100000, 0x0000000089100000, 0x0000000089200000|  0%| F|  |TAMS 0x0000000089100000, 0x0000000089100000| Untracked 
| 126|0x0000000089200000, 0x0000000089200000, 0x0000000089300000|  0%| F|  |TAMS 0x0000000089200000, 0x0000000089200000| Untracked 
| 127|0x0000000089300000, 0x0000000089300000, 0x0000000089400000|  0%| F|  |TAMS 0x0000000089300000, 0x0000000089300000| Untracked 
| 128|0x0000000089400000, 0x0000000089400000, 0x0000000089500000|  0%| F|  |TAMS 0x0000000089400000, 0x0000000089400000| Untracked 
| 129|0x0000000089500000, 0x0000000089500000, 0x0000000089600000|  0%| F|  |TAMS 0x0000000089500000, 0x0000000089500000| Untracked 
| 130|0x0000000089600000, 0x0000000089600000, 0x0000000089700000|  0%| F|  |TAMS 0x0000000089600000, 0x0000000089600000| Untracked 
| 131|0x0000000089700000, 0x0000000089700000, 0x0000000089800000|  0%| F|  |TAMS 0x0000000089700000, 0x0000000089700000| Untracked 
| 132|0x0000000089800000, 0x0000000089800000, 0x0000000089900000|  0%| F|  |TAMS 0x0000000089800000, 0x0000000089800000| Untracked 
| 133|0x0000000089900000, 0x0000000089900000, 0x0000000089a00000|  0%| F|  |TAMS 0x0000000089900000, 0x0000000089900000| Untracked 
| 134|0x0000000089a00000, 0x0000000089a00000, 0x0000000089b00000|  0%| F|  |TAMS 0x0000000089a00000, 0x0000000089a00000| Untracked 
| 135|0x0000000089b00000, 0x0000000089b00000, 0x0000000089c00000|  0%| F|  |TAMS 0x0000000089b00000, 0x0000000089b00000| Untracked 
| 136|0x0000000089c00000, 0x0000000089c00000, 0x0000000089d00000|  0%| F|  |TAMS 0x0000000089c00000, 0x0000000089c00000| Untracked 
| 137|0x0000000089d00000, 0x0000000089d00000, 0x0000000089e00000|  0%| F|  |TAMS 0x0000000089d00000, 0x0000000089d00000| Untracked 
| 138|0x0000000089e00000, 0x0000000089e00000, 0x0000000089f00000|  0%| F|  |TAMS 0x0000000089e00000, 0x0000000089e00000| Untracked 
| 139|0x0000000089f00000, 0x0000000089f00000, 0x000000008a000000|  0%| F|  |TAMS 0x0000000089f00000, 0x0000000089f00000| Untracked 
| 140|0x000000008a000000, 0x000000008a000000, 0x000000008a100000|  0%| F|  |TAMS 0x000000008a000000, 0x000000008a000000| Untracked 
| 141|0x000000008a100000, 0x000000008a100000, 0x000000008a200000|  0%| F|  |TAMS 0x000000008a100000, 0x000000008a100000| Untracked 
| 142|0x000000008a200000, 0x000000008a200000, 0x000000008a300000|  0%| F|  |TAMS 0x000000008a200000, 0x000000008a200000| Untracked 
| 143|0x000000008a300000, 0x000000008a300000, 0x000000008a400000|  0%| F|  |TAMS 0x000000008a300000, 0x000000008a300000| Untracked 
| 144|0x000000008a400000, 0x000000008a4da480, 0x000000008a500000| 85%| S|CS|TAMS 0x000000008a400000, 0x000000008a400000| Complete 
| 145|0x000000008a500000, 0x000000008a600000, 0x000000008a600000|100%| S|CS|TAMS 0x000000008a500000, 0x000000008a500000| Complete 
| 146|0x000000008a600000, 0x000000008a700000, 0x000000008a700000|100%| S|CS|TAMS 0x000000008a600000, 0x000000008a600000| Complete 
| 147|0x000000008a700000, 0x000000008a700000, 0x000000008a800000|  0%| F|  |TAMS 0x000000008a700000, 0x000000008a700000| Untracked 
| 148|0x000000008a800000, 0x000000008a800000, 0x000000008a900000|  0%| F|  |TAMS 0x000000008a800000, 0x000000008a800000| Untracked 
| 149|0x000000008a900000, 0x000000008a900000, 0x000000008aa00000|  0%| F|  |TAMS 0x000000008a900000, 0x000000008a900000| Untracked 
| 150|0x000000008aa00000, 0x000000008aa00000, 0x000000008ab00000|  0%| F|  |TAMS 0x000000008aa00000, 0x000000008aa00000| Untracked 
| 151|0x000000008ab00000, 0x000000008ab00000, 0x000000008ac00000|  0%| F|  |TAMS 0x000000008ab00000, 0x000000008ab00000| Untracked 
| 152|0x000000008ac00000, 0x000000008ac23550, 0x000000008ad00000| 13%| E|  |TAMS 0x000000008ac00000, 0x000000008ac00000| Complete 
| 153|0x000000008ad00000, 0x000000008ae00000, 0x000000008ae00000|100%| E|CS|TAMS 0x000000008ad00000, 0x000000008ad00000| Complete 

Card table byte_map: [0x000002057c620000,0x000002057ca20000] _byte_map_base: 0x000002057c216000

Marking Bits (Prev, Next): (CMBitMap*) 0x0000020573f2a530, (CMBitMap*) 0x0000020573f2a4f8
 Prev Bits: [0x000002050f000000, 0x0000020510fb0000)
 Next Bits: [0x000002057ce20000, 0x000002057edd0000)

Polling page: 0x0000020571ea0000

Metaspace:

Usage:
  Non-class:     30.34 MB capacity,    29.53 MB ( 97%) used,   669.69 KB (  2%) free+waste,   161.81 KB ( <1%) overhead. 
      Class:      4.78 MB capacity,     4.20 MB ( 88%) used,   514.38 KB ( 11%) free+waste,    79.81 KB (  2%) overhead. 
       Both:     35.13 MB capacity,    33.73 MB ( 96%) used,     1.16 MB (  3%) free+waste,   241.63 KB ( <1%) overhead. 

Virtual space:
  Non-class space:       32.00 MB reserved,      30.50 MB ( 95%) committed 
      Class space:        1.00 GB reserved,       4.88 MB ( <1%) committed 
             Both:        1.03 GB reserved,      35.37 MB (  3%) committed 

Chunk freelists:
   Non-Class:  3.63 KB
       Class:  0 bytes
        Both:  3.63 KB

CodeHeap 'non-profiled nmethods': size=120064Kb used=2558Kb max_used=2558Kb free=117505Kb
 bounds [0x0000020507ac0000, 0x0000020507d40000, 0x000002050f000000]
CodeHeap 'profiled nmethods': size=120000Kb used=11173Kb max_used=11173Kb free=108826Kb
 bounds [0x0000020500590000, 0x0000020501080000, 0x0000020507ac0000]
CodeHeap 'non-nmethods': size=5696Kb used=1378Kb max_used=1415Kb free=4318Kb
 bounds [0x0000020500000000, 0x0000020500270000, 0x0000020500590000]
 total_blobs=7141 nmethods=5230 adapters=727
 compilation: enabled
              stopped_count=0, restarted_count=0
 full_count=0

Compilation events (10 events):
Event: 48.335 Thread 0x000002057f2d8000 nmethod 5252 0x0000020501077f10 code [0x00000205010780c0, 0x0000020501078218]
Event: 48.335 Thread 0x000002057f2d8000 5253       3       javafx.scene.shape.Rectangle::getY (19 bytes)
Event: 48.336 Thread 0x000002057f2d8000 nmethod 5253 0x0000020501078290 code [0x0000020501078460, 0x0000020501078830]
Event: 48.336 Thread 0x000002057f2d8000 5254       3       javafx.scene.shape.Rectangle::getWidth (8 bytes)
Event: 48.337 Thread 0x000002057f2d8000 nmethod 5254 0x0000020501078910 code [0x0000020501078ae0, 0x0000020501078e50]
Event: 48.337 Thread 0x000002057f2d8000 5255       3       javafx.scene.shape.Rectangle::getHeight (8 bytes)
Event: 48.338 Thread 0x000002057f2d8000 nmethod 5255 0x0000020501078f90 code [0x0000020501079160, 0x00000205010794d0]
Event: 48.620 Thread 0x000002057f2c0000 5256       4       com.sun.javafx.event.EventDispatchChainImpl::dispatchEvent (101 bytes)
Event: 48.625 Thread 0x000002057f2c0000 nmethod 5256 0x0000020507d3f690 code [0x0000020507d3f820, 0x0000020507d3f9b8]
Event: 52.785 Thread 0x000002057f2d8000 5257       3       java.util.concurrent.ConcurrentHashMap::sumCount (60 bytes)

GC Heap History (10 events):
Event: 16.556 GC heap before
{Heap before GC invocations=7 (full 0):
 garbage-first heap   total 157696K, used 50912K [0x0000000081400000, 0x0000000100000000)
  region size 1024K, 23 young (23552K), 5 survivors (5120K)
 Metaspace       used 30495K, capacity 31383K, committed 31612K, reserved 1077248K
  class space    used 3771K, capacity 4142K, committed 4224K, reserved 1048576K
}
Event: 16.575 GC heap after
{Heap after GC invocations=8 (full 0):
 garbage-first heap   total 157696K, used 31880K [0x0000000081400000, 0x0000000100000000)
  region size 1024K, 6 young (6144K), 6 survivors (6144K)
 Metaspace       used 30495K, capacity 31383K, committed 31612K, reserved 1077248K
  class space    used 3771K, capacity 4142K, committed 4224K, reserved 1048576K
}
Event: 17.214 GC heap before
{Heap before GC invocations=9 (full 0):
 garbage-first heap   total 157696K, used 90248K [0x0000000081400000, 0x0000000100000000)
  region size 1024K, 7 young (7168K), 6 survivors (6144K)
 Metaspace       used 30508K, capacity 31395K, committed 31612K, reserved 1077248K
  class space    used 3772K, capacity 4144K, committed 4224K, reserved 1048576K
}
Event: 17.227 GC heap after
{Heap after GC invocations=10 (full 0):
 garbage-first heap   total 157696K, used 90429K [0x0000000081400000, 0x0000000100000000)
  region size 1024K, 3 young (3072K), 3 survivors (3072K)
 Metaspace       used 30508K, capacity 31395K, committed 31612K, reserved 1077248K
  class space    used 3772K, capacity 4144K, committed 4224K, reserved 1048576K
}
Event: 20.072 GC heap before
{Heap before GC invocations=11 (full 0):
 garbage-first heap   total 157696K, used 94525K [0x0000000081400000, 0x0000000100000000)
  region size 1024K, 7 young (7168K), 3 survivors (3072K)
 Metaspace       used 30968K, capacity 31948K, committed 32124K, reserved 1077248K
  class space    used 3797K, capacity 4208K, committed 4224K, reserved 1048576K
}
Event: 20.081 GC heap after
{Heap after GC invocations=12 (full 0):
 garbage-first heap   total 157696K, used 92305K [0x0000000081400000, 0x0000000100000000)
  region size 1024K, 2 young (2048K), 2 survivors (2048K)
 Metaspace       used 30968K, capacity 31948K, committed 32124K, reserved 1077248K
  class space    used 3797K, capacity 4208K, committed 4224K, reserved 1048576K
}
Event: 25.307 GC heap before
{Heap before GC invocations=13 (full 0):
 garbage-first heap   total 157696K, used 116881K [0x0000000081400000, 0x0000000100000000)
  region size 1024K, 24 young (24576K), 2 survivors (2048K)
 Metaspace       used 34240K, capacity 35701K, committed 35964K, reserved 1081344K
  class space    used 4297K, capacity 4894K, committed 4992K, reserved 1048576K
}
Event: 25.320 GC heap after
{Heap after GC invocations=14 (full 0):
 garbage-first heap   total 157696K, used 99791K [0x0000000081400000, 0x0000000100000000)
  region size 1024K, 3 young (3072K), 3 survivors (3072K)
 Metaspace       used 34240K, capacity 35701K, committed 35964K, reserved 1081344K
  class space    used 4297K, capacity 4894K, committed 4992K, reserved 1048576K
}
Event: 25.741 GC heap before
{Heap before GC invocations=14 (full 0):
 garbage-first heap   total 157696K, used 105935K [0x0000000081400000, 0x0000000100000000)
  region size 1024K, 10 young (10240K), 3 survivors (3072K)
 Metaspace       used 34483K, capacity 35896K, committed 36220K, reserved 1081344K
  class space    used 4299K, capacity 4895K, committed 4992K, reserved 1048576K
}
Event: 25.762 GC heap after
{Heap after GC invocations=15 (full 0):
 garbage-first heap   total 157696K, used 102755K [0x0000000081400000, 0x0000000100000000)
  region size 1024K, 3 young (3072K), 3 survivors (3072K)
 Metaspace       used 34483K, capacity 35896K, committed 36220K, reserved 1081344K
  class space    used 4299K, capacity 4895K, committed 4992K, reserved 1048576K
}

Deoptimization events (10 events):
Event: 25.161 Thread 0x0000020514501000 Uncommon trap: reason=unstable_if action=reinterpret pc=0x0000020507b29900 method=java.util.stream.StreamOpFlag.fromCharacteristics(Ljava/util/Spliterator;)I @ 10 c2
Event: 25.289 Thread 0x0000020514501000 Uncommon trap: reason=unstable_if action=reinterpret pc=0x0000020507cdc6dc method=javafx.scene.CssStyleHelper.getStyle(Ljavafx/css/Styleable;Ljava/lang/String;Lcom/sun/javafx/css/StyleMap;Ljava/util/Set;)Lcom/sun/javafx/css/CascadingStyle; @ 1 c2
Event: 25.325 Thread 0x0000020514501000 Uncommon trap: reason=profile_predicate action=maybe_recompile pc=0x0000020507d1500c method=javafx.css.CompoundSelector.applies(Ljavafx/css/Styleable;[Ljava/util/Set;I)Z @ 89 c2
Event: 25.325 Thread 0x0000020514501000 Uncommon trap: reason=profile_predicate action=maybe_recompile pc=0x0000020507d1500c method=javafx.css.CompoundSelector.applies(Ljavafx/css/Styleable;[Ljava/util/Set;I)Z @ 89 c2
Event: 25.327 Thread 0x0000020514501000 Uncommon trap: reason=profile_predicate action=maybe_recompile pc=0x0000020507d1500c method=javafx.css.CompoundSelector.applies(Ljavafx/css/Styleable;[Ljava/util/Set;I)Z @ 89 c2
Event: 25.327 Thread 0x0000020514501000 Uncommon trap: reason=profile_predicate action=maybe_recompile pc=0x0000020507d1500c method=javafx.css.CompoundSelector.applies(Ljavafx/css/Styleable;[Ljava/util/Set;I)Z @ 89 c2
Event: 25.484 Thread 0x0000020514501000 Uncommon trap: reason=array_check action=maybe_recompile pc=0x0000020507d19578 method=javafx.css.CompoundSelector.applies(Ljavafx/css/Styleable;[Ljava/util/Set;I)Z @ 128 c2
Event: 25.484 Thread 0x0000020514501000 Uncommon trap: reason=array_check action=maybe_recompile pc=0x0000020507d19578 method=javafx.css.CompoundSelector.applies(Ljavafx/css/Styleable;[Ljava/util/Set;I)Z @ 128 c2
Event: 25.485 Thread 0x0000020514501000 Uncommon trap: reason=array_check action=maybe_recompile pc=0x0000020507d19578 method=javafx.css.CompoundSelector.applies(Ljavafx/css/Styleable;[Ljava/util/Set;I)Z @ 128 c2
Event: 25.485 Thread 0x0000020514501000 Uncommon trap: reason=array_check action=maybe_recompile pc=0x0000020507d19578 method=javafx.css.CompoundSelector.applies(Ljavafx/css/Styleable;[Ljava/util/Set;I)Z @ 128 c2

Classes redefined (0 events):
No events

Internal exceptions (10 events):
Event: 15.171 Thread 0x0000020514501000 Exception <a 'java/lang/NoSuchMethodError'{0x000000008782b220}: java.lang.invoke.DirectMethodHandle$Holder.invokeStaticInit(Ljava/lang/Object;Ljava/lang/Object;IIII)Ljava/lang/Object;> (0x000000008782b220) thrown at [t:/workspace/open/src/hotspot/share/in
Event: 15.849 Thread 0x0000020514501000 Exception <a 'sun/nio/fs/WindowsException'{0x000000008a0e2538}> (0x000000008a0e2538) thrown at [t:/workspace/open/src/hotspot/share/prims/jni.cpp, line 615]
Event: 15.860 Thread 0x0000020514501000 Exception <a 'sun/nio/fs/WindowsException'{0x000000008a0f8ee0}> (0x000000008a0f8ee0) thrown at [t:/workspace/open/src/hotspot/share/prims/jni.cpp, line 615]
Event: 17.279 Thread 0x0000020514501000 Exception <a 'sun/nio/fs/WindowsException'{0x000000008ad75908}> (0x000000008ad75908) thrown at [t:/workspace/open/src/hotspot/share/prims/jni.cpp, line 615]
Event: 17.613 Thread 0x0000020514501000 Exception <a 'java/io/FileNotFoundException'{0x000000008a939508}> (0x000000008a939508) thrown at [t:/workspace/open/src/hotspot/share/prims/jni.cpp, line 615]
Event: 21.892 Thread 0x0000020514501000 Exception <a 'java/io/FileNotFoundException'{0x000000008a801148}> (0x000000008a801148) thrown at [t:/workspace/open/src/hotspot/share/prims/jni.cpp, line 615]
Event: 24.943 Thread 0x0000020514501000 Exception <a 'java/io/FileNotFoundException'{0x0000000089a14fb0}> (0x0000000089a14fb0) thrown at [t:/workspace/open/src/hotspot/share/prims/jni.cpp, line 615]
Event: 25.186 Thread 0x0000020514501000 Exception <a 'java/lang/NoSuchMethodError'{0x0000000089801fd8}: java.lang.invoke.DirectMethodHandle$Holder.invokeSpecialIFC(Ljava/lang/Object;Ljava/lang/Object;Ljava/lang/Object;Ljava/lang/Object;)V> (0x0000000089801fd8) thrown at [t:/workspace/open/src/h
Event: 25.289 Thread 0x0000020514501000 Implicit null exception at 0x0000020507cdb9da to 0x0000020507cdc6c6
Event: 52.785 Thread 0x0000020513989800 Exception <a 'java/lang/IllegalStateException'{0x000000008ac17678}> (0x000000008ac17678) thrown at [t:/workspace/open/src/hotspot/share/prims/jvm.cpp, line 1312]

Events (10 events):
Event: 52.782 Executing VM operation: RevokeBias
Event: 52.782 Executing VM operation: RevokeBias done
Event: 52.782 Executing VM operation: RevokeBias
Event: 52.783 Executing VM operation: RevokeBias done
Event: 52.783 Thread 0x000002051404a000 Thread exited: 0x000002051404a000
Event: 52.784 loading class com/sun/javafx/tk/quantum/QuantumToolkit
Event: 52.784 loading class com/sun/javafx/tk/quantum/QuantumToolkit done
Event: 52.785 Thread 0x0000020513989800 Thread exited: 0x0000020513989800
Event: 52.786 Thread 0x0000020512ff2800 Thread exited: 0x0000020512ff2800
Event: 52.786 Executing VM operation: Exit


Dynamic libraries:
0x00007ff78e7b0000 - 0x00007ff78e7f7000 	C:\Program Files\Java\jdk-11\bin\java.exe
0x00007ffce61d0000 - 0x00007ffce63c8000 	C:\WINDOWS\SYSTEM32\ntdll.dll
0x00007ffce60d0000 - 0x00007ffce618d000 	C:\WINDOWS\System32\KERNEL32.DLL
0x00007ffce3a90000 - 0x00007ffce3d62000 	C:\WINDOWS\System32\KERNELBASE.dll
0x00007ffce47d0000 - 0x00007ffce487e000 	C:\WINDOWS\System32\ADVAPI32.dll
0x00007ffce4e80000 - 0x00007ffce4f1e000 	C:\WINDOWS\System32\msvcrt.dll
0x00007ffce5f60000 - 0x00007ffce5ffc000 	C:\WINDOWS\System32\sechost.dll
0x00007ffce4b40000 - 0x00007ffce4c65000 	C:\WINDOWS\System32\RPCRT4.dll
0x00007ffce5310000 - 0x00007ffce54ad000 	C:\WINDOWS\System32\USER32.dll
0x00007ffce4200000 - 0x00007ffce4222000 	C:\WINDOWS\System32\win32u.dll
0x00007ffce4e50000 - 0x00007ffce4e7b000 	C:\WINDOWS\System32\GDI32.dll
0x00007ffce40f0000 - 0x00007ffce41ff000 	C:\WINDOWS\System32\gdi32full.dll
0x00007ffce4050000 - 0x00007ffce40ed000 	C:\WINDOWS\System32\msvcp_win.dll
0x00007ffce3990000 - 0x00007ffce3a90000 	C:\WINDOWS\System32\ucrtbase.dll
0x00007ffcd21d0000 - 0x00007ffcd246a000 	C:\WINDOWS\WinSxS\amd64_microsoft.windows.common-controls_6595b64144ccf1df_6.0.19041.1110_none_60b5254171f9507e\COMCTL32.dll
0x00007ffcda5c0000 - 0x00007ffcda5ca000 	C:\WINDOWS\SYSTEM32\VERSION.dll
0x00007ffce4c70000 - 0x00007ffce4ca0000 	C:\WINDOWS\System32\IMM32.DLL
0x00007ffce05f0000 - 0x00007ffce0606000 	C:\Program Files\Java\jdk-11\bin\vcruntime140.dll
0x00007ffccff30000 - 0x00007ffccffda000 	C:\Program Files\Java\jdk-11\bin\msvcp140.dll
0x00007ffcb4030000 - 0x00007ffcb4b72000 	C:\Program Files\Java\jdk-11\bin\server\jvm.dll
0x00007ffce5220000 - 0x00007ffce5228000 	C:\WINDOWS\System32\PSAPI.DLL
0x00007ffcd7990000 - 0x00007ffcd7999000 	C:\WINDOWS\SYSTEM32\WSOCK32.dll
0x00007ffce6000000 - 0x00007ffce606b000 	C:\WINDOWS\System32\WS2_32.dll
0x00007ffcdd9e0000 - 0x00007ffcdda07000 	C:\WINDOWS\SYSTEM32\WINMM.dll
0x00007ffce17a0000 - 0x00007ffce17b2000 	C:\WINDOWS\SYSTEM32\kernel.appcore.dll
0x00007ffcdc4b0000 - 0x00007ffcdc4c1000 	C:\Program Files\Java\jdk-11\bin\verify.dll
0x00007ffcd35a0000 - 0x00007ffcd3784000 	C:\WINDOWS\SYSTEM32\DBGHELP.DLL
0x00007ffcd45b0000 - 0x00007ffcd45dc000 	C:\WINDOWS\SYSTEM32\dbgcore.DLL
0x00007ffce3fc0000 - 0x00007ffce4042000 	C:\WINDOWS\System32\bcryptPrimitives.dll
0x00007ffcd9140000 - 0x00007ffcd9169000 	C:\Program Files\Java\jdk-11\bin\java.dll
0x00007ffcd33c0000 - 0x00007ffcd33ef000 	C:\Program Files\Java\jdk-11\bin\instrument.dll
0x00007ffcd4d00000 - 0x00007ffcd4d16000 	C:\Program Files\Java\jdk-11\bin\zip.dll
0x00007ffcdd830000 - 0x00007ffcdd83a000 	C:\Program Files\Java\jdk-11\bin\jimage.dll
0x00007ffce54b0000 - 0x00007ffce5bf3000 	C:\WINDOWS\System32\SHELL32.dll
0x00007ffce19a0000 - 0x00007ffce2131000 	C:\WINDOWS\SYSTEM32\windows.storage.dll
0x00007ffce5c00000 - 0x00007ffce5f54000 	C:\WINDOWS\System32\combase.dll
0x00007ffce3260000 - 0x00007ffce3290000 	C:\WINDOWS\SYSTEM32\Wldp.dll
0x00007ffce4970000 - 0x00007ffce4a1d000 	C:\WINDOWS\System32\SHCORE.dll
0x00007ffce6070000 - 0x00007ffce60c5000 	C:\WINDOWS\System32\shlwapi.dll
0x00007ffce3820000 - 0x00007ffce383f000 	C:\WINDOWS\SYSTEM32\profapi.dll
0x00007ffcd4b80000 - 0x00007ffcd4b99000 	C:\Program Files\Java\jdk-11\bin\net.dll
0x00007ffcdc200000 - 0x00007ffcdc30d000 	C:\WINDOWS\SYSTEM32\WINHTTP.dll
0x00007ffce2fc0000 - 0x00007ffce302a000 	C:\WINDOWS\system32\mswsock.dll
0x00007ffcd4250000 - 0x00007ffcd4263000 	C:\Program Files\Java\jdk-11\bin\nio.dll
0x00007ffcd33a0000 - 0x00007ffcd33ba000 	C:\Program Files\JetBrains\IntelliJ IDEA 2022.2\bin\breakgen64.dll
0x0000020573e20000 - 0x0000020573e23000 	C:\Program Files\Java\jdk-11\bin\api-ms-win-core-console-l1-1-0.dll
0x0000020573e30000 - 0x0000020573e33000 	C:\Program Files\Java\jdk-11\bin\api-ms-win-core-datetime-l1-1-0.dll
0x0000020573e40000 - 0x0000020573e43000 	C:\Program Files\Java\jdk-11\bin\api-ms-win-core-debug-l1-1-0.dll
0x0000020573e50000 - 0x0000020573e53000 	C:\Program Files\Java\jdk-11\bin\api-ms-win-core-errorhandling-l1-1-0.dll
0x0000020573e60000 - 0x0000020573e64000 	C:\Program Files\Java\jdk-11\bin\api-ms-win-core-file-l1-1-0.dll
0x0000020573e70000 - 0x0000020573e73000 	C:\Program Files\Java\jdk-11\bin\api-ms-win-core-file-l1-2-0.dll
0x0000020573e80000 - 0x0000020573e83000 	C:\Program Files\Java\jdk-11\bin\api-ms-win-core-file-l2-1-0.dll
0x0000020514d80000 - 0x0000020514d83000 	C:\Program Files\Java\jdk-11\bin\api-ms-win-core-handle-l1-1-0.dll
0x0000020514d90000 - 0x0000020514d93000 	C:\Program Files\Java\jdk-11\bin\api-ms-win-core-heap-l1-1-0.dll
0x0000020514da0000 - 0x0000020514da3000 	C:\Program Files\Java\jdk-11\bin\api-ms-win-core-interlocked-l1-1-0.dll
0x0000020514db0000 - 0x0000020514db3000 	C:\Program Files\Java\jdk-11\bin\api-ms-win-core-libraryloader-l1-1-0.dll
0x0000020514dc0000 - 0x0000020514dc3000 	C:\Program Files\Java\jdk-11\bin\api-ms-win-core-localization-l1-2-0.dll
0x0000020514dd0000 - 0x0000020514dd3000 	C:\Program Files\Java\jdk-11\bin\api-ms-win-core-memory-l1-1-0.dll
0x0000020514de0000 - 0x0000020514de3000 	C:\Program Files\Java\jdk-11\bin\api-ms-win-core-namedpipe-l1-1-0.dll
0x0000020514df0000 - 0x0000020514df3000 	C:\Program Files\Java\jdk-11\bin\api-ms-win-core-processenvironment-l1-1-0.dll
0x0000020514e00000 - 0x0000020514e03000 	C:\Program Files\Java\jdk-11\bin\api-ms-win-core-processthreads-l1-1-0.dll
0x0000020514e10000 - 0x0000020514e13000 	C:\Program Files\Java\jdk-11\bin\api-ms-win-core-processthreads-l1-1-1.dll
0x0000020514e20000 - 0x0000020514e23000 	C:\Program Files\Java\jdk-11\bin\api-ms-win-core-profile-l1-1-0.dll
0x0000020514e30000 - 0x0000020514e33000 	C:\Program Files\Java\jdk-11\bin\api-ms-win-core-rtlsupport-l1-1-0.dll
0x0000020514e40000 - 0x0000020514e43000 	C:\Program Files\Java\jdk-11\bin\api-ms-win-core-string-l1-1-0.dll
0x0000020514e50000 - 0x0000020514e53000 	C:\Program Files\Java\jdk-11\bin\api-ms-win-core-synch-l1-1-0.dll
0x0000020514e60000 - 0x0000020514e63000 	C:\Program Files\Java\jdk-11\bin\api-ms-win-core-synch-l1-2-0.dll
0x0000020514e70000 - 0x0000020514e73000 	C:\Program Files\Java\jdk-11\bin\api-ms-win-core-sysinfo-l1-1-0.dll
0x0000020514e80000 - 0x0000020514e83000 	C:\Program Files\Java\jdk-11\bin\api-ms-win-core-timezone-l1-1-0.dll
0x0000020514e90000 - 0x0000020514e93000 	C:\Program Files\Java\jdk-11\bin\api-ms-win-core-util-l1-1-0.dll
0x0000020514ea0000 - 0x0000020514ea3000 	C:\Program Files\Java\jdk-11\bin\api-ms-win-crt-conio-l1-1-0.dll
0x0000020514eb0000 - 0x0000020514eb4000 	C:\Program Files\Java\jdk-11\bin\api-ms-win-crt-convert-l1-1-0.dll
0x0000020514ec0000 - 0x0000020514ec3000 	C:\Program Files\Java\jdk-11\bin\api-ms-win-crt-environment-l1-1-0.dll
0x0000020514ed0000 - 0x0000020514ed3000 	C:\Program Files\Java\jdk-11\bin\api-ms-win-crt-filesystem-l1-1-0.dll
0x0000020514ee0000 - 0x0000020514ee3000 	C:\Program Files\Java\jdk-11\bin\api-ms-win-crt-heap-l1-1-0.dll
0x0000020514ef0000 - 0x0000020514ef3000 	C:\Program Files\Java\jdk-11\bin\api-ms-win-crt-locale-l1-1-0.dll
0x0000020514f00000 - 0x0000020514f05000 	C:\Program Files\Java\jdk-11\bin\api-ms-win-crt-math-l1-1-0.dll
0x0000020514f10000 - 0x0000020514f15000 	C:\Program Files\Java\jdk-11\bin\api-ms-win-crt-multibyte-l1-1-0.dll
0x0000020514f20000 - 0x0000020514f30000 	C:\Program Files\Java\jdk-11\bin\api-ms-win-crt-private-l1-1-0.dll
0x0000020514f30000 - 0x0000020514f33000 	C:\Program Files\Java\jdk-11\bin\api-ms-win-crt-process-l1-1-0.dll
0x0000020514f40000 - 0x0000020514f44000 	C:\Program Files\Java\jdk-11\bin\api-ms-win-crt-runtime-l1-1-0.dll
0x0000020514f50000 - 0x0000020514f54000 	C:\Program Files\Java\jdk-11\bin\api-ms-win-crt-stdio-l1-1-0.dll
0x0000020514f60000 - 0x0000020514f64000 	C:\Program Files\Java\jdk-11\bin\api-ms-win-crt-string-l1-1-0.dll
0x0000020514f70000 - 0x0000020514f73000 	C:\Program Files\Java\jdk-11\bin\api-ms-win-crt-time-l1-1-0.dll
0x0000020514f80000 - 0x0000020514f83000 	C:\Program Files\Java\jdk-11\bin\api-ms-win-crt-utility-l1-1-0.dll
0x00007ffca8ca0000 - 0x00007ffca8d96000 	C:\Program Files\Java\jdk-11\bin\ucrtbase.dll
0x00007ffcc0a20000 - 0x00007ffcc0a6d000 	C:\Windows\System32\concrt140.dll
0x00007ffcd78e0000 - 0x00007ffcd78ec000 	C:\WINDOWS\SYSTEM32\VCRUNTIME140_1.dll
0x00007ffccfca0000 - 0x00007ffccfcc3000 	C:\Users\User\.openjfx\cache\11.0.2\prism_d3d.dll
0x00007ffcbdb40000 - 0x00007ffcbdd0f000 	C:\WINDOWS\system32\d3d9.dll
0x00007ffce13b0000 - 0x00007ffce13df000 	C:\WINDOWS\SYSTEM32\dwmapi.dll
0x00007ffce12a0000 - 0x00007ffce133e000 	C:\WINDOWS\system32\uxtheme.dll
0x00007ffcb4b80000 - 0x00007ffcb57a0000 	C:\WINDOWS\SYSTEM32\igdumd64.dll
0x00007ffcbef30000 - 0x00007ffcbef75000 	C:\Users\User\.openjfx\cache\11.0.2\glass.dll
0x00007ffce5230000 - 0x00007ffce530a000 	C:\WINDOWS\System32\COMDLG32.dll
0x00007ffce4230000 - 0x00007ffce435a000 	C:\WINDOWS\System32\ole32.dll
0x00007ffce48a0000 - 0x00007ffce496d000 	C:\WINDOWS\System32\OLEAUT32.dll
0x00007ffce4a20000 - 0x00007ffce4b35000 	C:\WINDOWS\System32\MSCTF.dll
0x00007ffcc4870000 - 0x00007ffcc489c000 	C:\Users\User\.openjfx\cache\11.0.2\javafx_iio.dll
0x00007ffccb720000 - 0x00007ffccb734000 	C:\Users\User\.openjfx\cache\11.0.2\javafx_font.dll
0x00007ffcd5830000 - 0x00007ffcd5aaf000 	C:\WINDOWS\SYSTEM32\dwrite.dll
0x00007ffce5170000 - 0x00007ffce521f000 	C:\WINDOWS\System32\clbcatq.dll
0x00007ffcd6280000 - 0x00007ffcd6434000 	C:\WINDOWS\SYSTEM32\WindowsCodecs.dll
0x00007ffce3f20000 - 0x00007ffce3f47000 	C:\WINDOWS\System32\bcrypt.dll
0x00007ffcd0cb0000 - 0x00007ffcd0cee000 	C:\WINDOWS\system32\dataexchange.dll
0x00007ffcdec90000 - 0x00007ffcdee73000 	C:\WINDOWS\system32\dcomp.dll
0x00007ffcdd0f0000 - 0x00007ffcdd353000 	C:\WINDOWS\system32\d3d11.dll
0x00007ffce21a0000 - 0x00007ffce2293000 	C:\WINDOWS\system32\dxgi.dll
0x00007ffce0830000 - 0x00007ffce0a30000 	C:\WINDOWS\system32\twinapi.appcore.dll
0x00007ffcc0950000 - 0x00007ffcc0984000 	C:\Program Files\Common Files\Microsoft Shared\Ink\rtscom.dll
0x00007ffcdaed0000 - 0x00007ffcdafc9000 	C:\WINDOWS\SYSTEM32\textinputframework.dll
0x00007ffcdf6d0000 - 0x00007ffcdf7c2000 	C:\WINDOWS\System32\CoreMessaging.dll
0x00007ffcdf360000 - 0x00007ffcdf6be000 	C:\WINDOWS\System32\CoreUIComponents.dll
0x00007ffce2a00000 - 0x00007ffce2a33000 	C:\WINDOWS\SYSTEM32\ntmarta.dll
0x00007ffce06d0000 - 0x00007ffce0824000 	C:\WINDOWS\SYSTEM32\wintypes.dll
0x00007ffce2d40000 - 0x00007ffce2e0a000 	C:\WINDOWS\SYSTEM32\DNSAPI.dll
0x00007ffce2cb0000 - 0x00007ffce2ceb000 	C:\WINDOWS\SYSTEM32\IPHLPAPI.DLL
0x00007ffce5160000 - 0x00007ffce5168000 	C:\WINDOWS\System32\NSI.dll
0x00007ffcdb910000 - 0x00007ffcdb91a000 	C:\Windows\System32\rasadhlp.dll
0x00007ffcdc310000 - 0x00007ffcdc390000 	C:\WINDOWS\System32\fwpuclnt.dll
0x00007ffce31b0000 - 0x00007ffce31c8000 	C:\WINDOWS\SYSTEM32\CRYPTSP.dll
0x00007ffce28e0000 - 0x00007ffce2914000 	C:\WINDOWS\system32\rsaenh.dll
0x00007ffce37e0000 - 0x00007ffce380e000 	C:\WINDOWS\SYSTEM32\USERENV.dll
0x00007ffce31d0000 - 0x00007ffce31dc000 	C:\WINDOWS\SYSTEM32\CRYPTBASE.dll
0x00007ffcdcb40000 - 0x00007ffcdcb57000 	C:\WINDOWS\SYSTEM32\dhcpcsvc6.DLL
0x00007ffcdd380000 - 0x00007ffcdd39d000 	C:\WINDOWS\SYSTEM32\dhcpcsvc.DLL
0x00007ffcbe020000 - 0x00007ffcbe047000 	C:\Program Files\Java\jdk-11\bin\sunec.dll

dbghelp: loaded successfully - version: 4.0.5 - missing functions: none
symbol engine: initialized successfully - sym options: 0x614 - pdb path: .;C:\Program Files\Java\jdk-11\bin;C:\WINDOWS\SYSTEM32;C:\WINDOWS\WinSxS\amd64_microsoft.windows.common-controls_6595b64144ccf1df_6.0.19041.1110_none_60b5254171f9507e;C:\Program Files\Java\jdk-11\bin\server;C:\Program Files\JetBrains\IntelliJ IDEA 2022.2\bin;C:\Users\User\.openjfx\cache\11.0.2;C:\Program Files\Common Files\Microsoft Shared\Ink

VM Arguments:
jvm_args: -javaagent:C:\Program Files\JetBrains\IntelliJ IDEA 2022.2\lib\idea_rt.jar=55409:C:\Program Files\JetBrains\IntelliJ IDEA 2022.2\bin -Dfile.encoding=UTF-8 --module-path=C:\Users\User\.m2\repository\org\bouncycastle\bcprov-jdk15on\1.70\bcprov-jdk15on-1.70.jar;C:\Users\User\.m2\repository\com\fasterxml\woodstox\woodstox-core\6.2.7\woodstox-core-6.2.7.jar;C:\Users\User\.m2\repository\org\openjfx\javafx-fxml\11.0.2\javafx-fxml-11.0.2-win.jar;C:\Users\User\.m2\repository\org\postgresql\postgresql\42.2.8\postgresql-42.2.8.jar;C:\Users\User\.m2\repository\org\openjfx\javafx-controls\11.0.2\javafx-controls-11.0.2-win.jar;C:\Users\User\.m2\repository\org\openjfx\javafx-graphics\11.0.2\javafx-graphics-11.0.2-win.jar;C:\Users\User\Desktop\Sistemas Administrativos II\Sistema-Contable\target\classes;C:\Users\User\.m2\repository\net\sf\jasperreports\jasperreports\6.20.0\jasperreports-6.20.0.jar;C:\Users\User\.m2\repository\org\testng\testng\7.5\testng-7.5.jar;C:\Users\User\.m2\repository\org\openjfx\javafx-base\11.0.2\javafx-base-11.0.2-win.jar;C:\Users\User\.m2\repository\org\codehaus\woodstox\stax2-api\4.2.1\stax2-api-4.2.1.jar -Djdk.module.main=sistemacontable.sistemacontable 
java_command: sistemacontable.sistemacontable/sistemacontable.sistemacontable.HelloApplication
java_class_path (initial): C:\Users\User\.m2\repository\commons-beanutils\commons-beanutils\1.9.4\commons-beanutils-1.9.4.jar;C:\Users\User\.m2\repository\commons-collections\commons-collections\3.2.2\commons-collections-3.2.2.jar;C:\Users\User\.m2\repository\commons-digester\commons-digester\2.1\commons-digester-2.1.jar;C:\Users\User\.m2\repository\commons-logging\commons-logging\1.1.1\commons-logging-1.1.1.jar;C:\Users\User\.m2\repository\org\apache\commons\commons-collections4\4.2\commons-collections4-4.2.jar;C:\Users\User\.m2\repository\com\lowagie\itext\2.1.7.js10\itext-2.1.7.js10.jar;C:\Users\User\.m2\repository\org\bouncycastle\bcutil-jdk15on\1.70\bcutil-jdk15on-1.70.jar;C:\Users\User\.m2\repository\org\jfree\jcommon\1.0.23\jcommon-1.0.23.jar;C:\Users\User\.m2\repository\org\jfree\jfreechart\1.0.19\jfreechart-1.0.19.jar;C:\Users\User\.m2\repository\org\eclipse\jdt\ecj\3.21.0\ecj-3.21.0.jar;C:\Users\User\.m2\repository\com\fasterxml\jackson\core\jackson-core\2.13.3\jackson-core-2.13.3.jar;C:\Users\User\.m2\repository\com\fasterxml\jackson\core\jackson-databind\2.13.3\jackson-databind-2.13.3.jar;C:\Users\User\.m2\repository\com\fasterxml\jackson\core\jackson-annotations\2.13.3\jackson-annotations-2.13.3.jar;C:\Users\User\.m2\repository\com\fasterxml\jackson\dataformat\jackson-dataformat-xml\2.13.3\jackson-dataformat-xml-2.13.3.jar;C:\Users\User\.m2\repository\org\openjfx\javafx-controls\11.0.2\javafx-controls-11.0.2.jar;C:\Users\User\.m2\repository\org\openjfx\javafx-graphics\11.0.2\javafx-graphics-11.0.2.jar;C:\Users\User\.m2\repository\org\openjfx\javafx-base\11.0.2\javafx-base-11.0.2.jar;C:\Users\User\.m2\repository\org\openjfx\javafx-fxml\11.0.2\javafx-fxml-11.0.2.jar;C:\Users\User\.m2\repository\com\lowagie\itext\2.1.7\itext-2.1.7.jar;C:\Users\User\.m2\repository\bouncycastle\bcmail-jdk14\138\bcmail-jdk14-138.jar;C:\Users\User\.m2\repository\bouncycastle\bcprov-jdk14\138\bcprov-jdk14-138.jar;C:\Users\User\.m2\repository\org\bouncycastle\bctsp-jdk14\1.38\
Launcher Type: SUN_STANDARD

[Global flags]
     intx CICompilerCount                          = 3                                         {product} {ergonomic}
     uint ConcGCThreads                            = 1                                         {product} {ergonomic}
     uint G1ConcRefinementThreads                  = 4                                         {product} {ergonomic}
   size_t G1HeapRegionSize                         = 1048576                                   {product} {ergonomic}
    uintx GCDrainStackTargetSize                   = 64                                        {product} {ergonomic}
   size_t InitialHeapSize                          = 134217728                                 {product} {ergonomic}
   size_t MarkStackSize                            = 4194304                                   {product} {ergonomic}
   size_t MaxHeapSize                              = 2126512128                                {product} {ergonomic}
   size_t MaxNewSize                               = 1275068416                                {product} {ergonomic}
   size_t MinHeapDeltaBytes                        = 1048576                                   {product} {ergonomic}
    uintx NonNMethodCodeHeapSize                   = 5830092                                {pd product} {ergonomic}
    uintx NonProfiledCodeHeapSize                  = 122914074                              {pd product} {ergonomic}
    uintx ProfiledCodeHeapSize                     = 122914074                              {pd product} {ergonomic}
    uintx ReservedCodeCacheSize                    = 251658240                              {pd product} {ergonomic}
     bool SegmentedCodeCache                       = true                                      {product} {ergonomic}
     bool UseCompressedClassPointers               = true                                 {lp64_product} {ergonomic}
     bool UseCompressedOops                        = true                                 {lp64_product} {ergonomic}
     bool UseG1GC                                  = true                                      {product} {ergonomic}
     bool UseLargePagesIndividualAllocation        = false                                  {pd product} {ergonomic}

Logging:
Log output configuration:
 #0: stdout all=warning uptime,level,tags
 #1: stderr all=off uptime,level,tags

Environment Variables:
JAVA_HOME=C:\Program Files\Java\jdk-11
PATH=C:\WINDOWS\system32;C:\WINDOWS;C:\WINDOWS\System32\Wbem;C:\WINDOWS\System32\WindowsPowerShell\v1.0\;C:\WINDOWS\System32\OpenSSH\;C:\Program Files\Git\cmd;C:\Users\User\AppData\Local\Microsoft\WindowsApps;C:\Program Files\Java\jdk-11\bin;;C:\Program Files\JetBrains\IntelliJ IDEA 2022.2\bin;
USERNAME=User
OS=Windows_NT
PROCESSOR_IDENTIFIER=Intel64 Family 6 Model 42 Stepping 7, GenuineIntel



---------------  S Y S T E M  ---------------

OS: Windows 10 , 64 bit Build 19041 (10.0.19041.1889)

CPU:total 4 (initial active 4) (2 cores per cpu, 2 threads per core) family 6 model 42 stepping 7, cmov, cx8, fxsr, mmx, sse, sse2, sse3, ssse3, sse4.1, sse4.2, popcnt, avx, clmul, ht, tsc, tscinvbit

Memory: 4k page, system-wide physical 8105M (710M free)
TotalPageFile size 12242M (AvailPageFile size 1976M)
current process WorkingSet (physical memory assigned to process): 449M, peak: 497M
current process commit charge ("private bytes"): 503M, peak: 524M

vm_info: Java HotSpot(TM) 64-Bit Server VM (11+28) for windows-amd64 JRE (11+28), built on Aug 23 2018 03:03:59 by "mach5one" with MS VC++ 15.5 (VS2017)

END.
