#
# A fatal error has been detected by the Java Runtime Environment:
#
#  EXCEPTION_ACCESS_VIOLATION (0xc0000005) at pc=0x00007ffe27f06730, pid=8796, tid=4444
#
# JRE version: OpenJDK Runtime Environment Corretto-11.0.15.9.1 (11.0.15+9) (build 11.0.15+9-LTS)
# Java VM: OpenJDK 64-Bit Server VM Corretto-11.0.15.9.1 (11.0.15+9-LTS, mixed mode, tiered, compressed oops, g1 gc, windows-amd64)
# Problematic frame:
# C  [glass.dll+0x26730]
#
# No core dump will be written. Minidumps are not enabled by default on client versions of Windows
#
# If you would like to submit a bug report, please visit:
#   https://github.com/corretto/corretto-11/issues/
#

---------------  S U M M A R Y ------------

Command Line: -javaagent:C:\Program Files\JetBrains\IntelliJ IDEA 2022.1.3\lib\idea_rt.jar=58414:C:\Program Files\JetBrains\IntelliJ IDEA 2022.1.3\bin -Dfile.encoding=UTF-8 --module-path=C:\Users\Facundo\.m2\repository\org\postgresql\postgresql\42.2.8\postgresql-42.2.8.jar;C:\Users\Facundo\.m2\repository\org\openjfx\javafx-base\11.0.2\javafx-base-11.0.2-win.jar;C:\Users\Facundo\.m2\repository\org\openjfx\javafx-fxml\11.0.2\javafx-fxml-11.0.2-win.jar;C:\Users\Facundo\.m2\repository\org\openjfx\javafx-graphics\11.0.2\javafx-graphics-11.0.2-win.jar;C:\Users\Facundo\Desktop\Facultad 2022\Segundo Cuatrimestre\Sistemas Administrativos II\Sistema Contable\target\classes;C:\Users\Facundo\.m2\repository\org\openjfx\javafx-controls\11.0.2\javafx-controls-11.0.2-win.jar -Djdk.module.main=sistemacontable.sistemacontable sistemacontable.sistemacontable/sistemacontable.sistemacontable.HelloApplication

Host: AMD Ryzen 5 3450U with Radeon Vega Mobile Gfx  , 8 cores, 5G,  Windows 10 , 64 bit Build 19041 (10.0.19041.1889)
Time: Sun Sep 11 23:56:27 2022 Hora estándar de Argentina elapsed time: 148.298962 seconds (0d 0h 2m 28s)

---------------  T H R E A D  ---------------

Current thread (0x0000013128112800):  VMThread "VM Thread" [stack: 0x0000001ba1300000,0x0000001ba1400000] [id=4444]

Stack: [0x0000001ba1300000,0x0000001ba1400000],  sp=0x0000001ba13ff200,  free space=1020k
Native frames: (J=compiled Java code, j=interpreted, Vv=VM code, C=native code)
C  [glass.dll+0x26730]


siginfo: EXCEPTION_ACCESS_VIOLATION (0xc0000005), reading address 0x0000000000000000


Register to memory mapping:

RIP=0x00007ffe27f06730 glass.dll
RAX=0x0 is NULL
RBX=0x0000013128149240 is a global jni handle
RCX=0x0000013128112800 points into unknown readable memory: 0x00007ffdedb7c4c8 | c8 c4 b7 ed fd 7f 00 00
RDX=0x0000001ba13ff200 points into unknown readable memory: 0x0000000000000000 | 00 00 00 00 00 00 00 00
RSP=0x0000001ba13ff200 points into unknown readable memory: 0x0000000000000000 | 00 00 00 00 00 00 00 00
RBP=0x00000131293b76b8 points into unknown readable memory: 0x00003b3922f0206b | 6b 20 f0 22 39 3b 00 00
RSI=0x00000131293b7690 points into unknown readable memory: 0x81b6fb39210fd154 | 54 d1 0f 21 39 fb b6 81
RDI=0x00003b3922f0206b is an unknown value
R8 =0x0000000000010002 is an unknown value
R9 =0x00003b3922f0206b is an unknown value
R10=0x0000000000008000 is an unknown value
R11=0x0000001ba13ff1a0 points into unknown readable memory: 0x00000131293b7690 | 90 76 3b 29 31 01 00 00
R12=0x00007ffe27f03be0 glass.dll
R13=0x0000001ba0afeb70 is pointing into the stack for thread: 0x00000131312d9800
R14=0x0000001ba13ff308 points into unknown readable memory: 0x0000001ba13ff2f0 | f0 f2 3f a1 1b 00 00 00
R15=0x00000131293b7690 points into unknown readable memory: 0x81b6fb39210fd154 | 54 d1 0f 21 39 fb b6 81


Registers:
RAX=0x0000000000000000, RBX=0x0000013128149240, RCX=0x0000013128112800, RDX=0x0000001ba13ff200
RSP=0x0000001ba13ff200, RBP=0x00000131293b76b8, RSI=0x00000131293b7690, RDI=0x00003b3922f0206b
R8 =0x0000000000010002, R9 =0x00003b3922f0206b, R10=0x0000000000008000, R11=0x0000001ba13ff1a0
R12=0x00007ffe27f03be0, R13=0x0000001ba0afeb70, R14=0x0000001ba13ff308, R15=0x00000131293b7690
RIP=0x00007ffe27f06730, EFLAGS=0x0000000000010202

Top of Stack: (sp=0x0000001ba13ff200)
0x0000001ba13ff200:   0000000000000000 00007ffe3530f05b
0x0000001ba13ff210:   00000131293b76a0 00000131293b7690
0x0000001ba13ff220:   fffffffffffffffe 00007ffe27f03be0
0x0000001ba13ff230:   00000131293b7698 00007ffe353142d6
0x0000001ba13ff240:   00000131293b76a0 0000013100000000
0x0000001ba13ff250:   00000131293b76b8 00000131293b7690
0x0000001ba13ff260:   fffffffffffffffe 0000000000000000
0x0000001ba13ff270:   0000000000000001 00007ffe27ee0000
0x0000001ba13ff280:   0000001ba13ff2f8 00007ffe353141fb
0x0000001ba13ff290:   0000000000000000 0000001ba13ff308
0x0000001ba13ff2a0:   0000001ba13ff5c0 00007ffe353f0e40
0x0000001ba13ff2b0:   0000000000000001 00007ffe353141b4
0x0000001ba13ff2c0:   0000000000000000 0000000000000001
0x0000001ba13ff2d0:   00007ffe0000000d 0000001ba13ff2f8
0x0000001ba13ff2e0:   0000000000000000 00007ffe27f03a60
0x0000001ba13ff2f0:   00007ffe27f1d100 0000001b00000002 

Instructions: (pc=0x00007ffe27f06730)
0x00007ffe27f06630:   8b 4d 60 e8 d8 c9 ff ff 48 8b 55 68 48 8b 8d 08
0x00007ffe27f06640:   01 00 00 e8 a9 be ff ff 33 d2 33 c9 e8 a9 de ff
0x00007ffe27f06650:   ff 90 cc cc cc cc cc cc cc cc cc cc cc cc cc cc
0x00007ffe27f06660:   48 8d 8a 80 00 00 00 e9 14 ea fe ff 48 89 54 24
0x00007ffe27f06670:   10 55 48 83 ec 20 48 8b ea 48 8d 05 1d cb ff ff
0x00007ffe27f06680:   48 83 c4 20 5d c3 cc 40 55 48 8b ea 48 8b 01 33
0x00007ffe27f06690:   c9 81 38 05 00 00 c0 0f 94 c1 8b c1 5d c3 cc 40
0x00007ffe27f066a0:   55 48 83 ec 20 48 8b ea 8a 4d 40 48 83 c4 20 5d
0x00007ffe27f066b0:   e9 23 ce ff ff cc 40 55 48 83 ec 20 48 8b ea e8
0x00007ffe27f066c0:   3c cc ff ff 8a 4d 38 48 83 c4 20 5d e9 07 ce ff
0x00007ffe27f066d0:   ff cc 40 55 48 83 ec 30 48 8b ea 48 8b 01 8b 10
0x00007ffe27f066e0:   48 89 4c 24 28 89 54 24 20 4c 8d 0d d0 d1 ff ff
0x00007ffe27f066f0:   4c 8b 45 70 8b 55 68 48 8b 4d 60 e8 70 cb ff ff
0x00007ffe27f06700:   90 48 83 c4 30 5d c3 cc cc cc cc cc cc cc cc cc
0x00007ffe27f06710:   40 53 48 83 ec 30 48 c7 44 24 20 fe ff ff ff 48
0x00007ffe27f06720:   8b 1d ea 63 01 00 48 85 db 74 16 e8 90 86 ff ff
0x00007ffe27f06730:   4c 8b 00 48 8b d3 48 8b c8 41 ff 90 b0 00 00 00
0x00007ffe27f06740:   90 48 83 c4 30 5b c3 cc cc cc cc cc cc cc cc cc
0x00007ffe27f06750:   40 53 48 83 ec 20 48 8b 1d 4b 65 01 00 48 85 db
0x00007ffe27f06760:   74 57 b8 ff ff ff ff f0 0f c1 43 10 83 f8 01 75
0x00007ffe27f06770:   3d 48 85 db 74 38 48 8b 0b 48 85 c9 74 0d ff 15
0x00007ffe27f06780:   24 0b 00 00 48 c7 03 00 00 00 00 48 8b 4b 08 48
0x00007ffe27f06790:   85 c9 74 0d e8 77 c8 ff ff 48 c7 43 08 00 00 00
0x00007ffe27f067a0:   00 ba 18 00 00 00 48 8b cb e8 62 c8 ff ff 48 c7
0x00007ffe27f067b0:   05 ef 64 01 00 00 00 00 00 48 83 c4 20 5b c3 cc
0x00007ffe27f067c0:   40 53 48 83 ec 20 48 8b 1d bb 64 01 00 48 85 db
0x00007ffe27f067d0:   74 57 b8 ff ff ff ff f0 0f c1 43 10 83 f8 01 75
0x00007ffe27f067e0:   3d 48 85 db 74 38 48 8b 0b 48 85 c9 74 0d ff 15
0x00007ffe27f067f0:   b4 0a 00 00 48 c7 03 00 00 00 00 48 8b 4b 08 48
0x00007ffe27f06800:   85 c9 74 0d e8 07 c8 ff ff 48 c7 43 08 00 00 00
0x00007ffe27f06810:   00 ba 18 00 00 00 48 8b cb e8 f2 c7 ff ff 48 c7
0x00007ffe27f06820:   05 5f 64 01 00 00 00 00 00 48 83 c4 20 5b c3 cc 


Stack slot to memory mapping:
stack at sp + 0 slots: 0x0 is NULL
stack at sp + 1 slots: 0x00007ffe3530f05b ucrtbase.dll
stack at sp + 2 slots: 0x00000131293b76a0 points into unknown readable memory: 0x00003b3922f0206b | 6b 20 f0 22 39 3b 00 00
stack at sp + 3 slots: 0x00000131293b7690 points into unknown readable memory: 0x81b6fb39210fd154 | 54 d1 0f 21 39 fb b6 81
stack at sp + 4 slots: 0xfffffffffffffffe is an unknown value
stack at sp + 5 slots: 0x00007ffe27f03be0 glass.dll
stack at sp + 6 slots: 0x00000131293b7698 points into unknown readable memory: 0x00003b3922f0206b | 6b 20 f0 22 39 3b 00 00
stack at sp + 7 slots: 0x00007ffe353142d6 ucrtbase.dll

VM_Operation (0x0000001ba0afeb70): Exit, mode: safepoint, requested by thread 0x00000131312d9800


---------------  P R O C E S S  ---------------

Threads class SMR info:
_java_thread_list=0x0000013129972520, length=19, elements={
0x00000131084ca800, 0x0000013128135800, 0x000001312813e000, 0x0000013128b02800,
0x000001312814d000, 0x000001312814f000, 0x000001312815c800, 0x0000013128163000,
0x0000013128166800, 0x00000131085a2000, 0x0000013128fc2000, 0x00000131299c3000,
0x0000013129301800, 0x0000013129302800, 0x00000131295dd800, 0x000001312925a000,
0x000001312a60a000, 0x000001312a011000, 0x00000131312d9800
}

Java Threads: ( => current thread )
  0x00000131084ca800 JavaThread "main" [_thread_blocked, id=11628, stack(0x0000001ba0d00000,0x0000001ba0e00000)]
  0x0000013128135800 JavaThread "Reference Handler" daemon [_thread_blocked, id=7808, stack(0x0000001ba1400000,0x0000001ba1500000)]
  0x000001312813e000 JavaThread "Finalizer" daemon [_thread_blocked, id=7312, stack(0x0000001ba1500000,0x0000001ba1600000)]
  0x0000013128b02800 JavaThread "Signal Dispatcher" daemon [_thread_blocked, id=3948, stack(0x0000001ba1600000,0x0000001ba1700000)]
  0x000001312814d000 JavaThread "Attach Listener" daemon [_thread_blocked, id=5032, stack(0x0000001ba1700000,0x0000001ba1800000)]
  0x000001312814f000 JavaThread "Service Thread" daemon [_thread_blocked, id=11444, stack(0x0000001ba1800000,0x0000001ba1900000)]
  0x000001312815c800 JavaThread "C2 CompilerThread0" daemon [_thread_blocked, id=4880, stack(0x0000001ba1900000,0x0000001ba1a00000)]
  0x0000013128163000 JavaThread "C1 CompilerThread0" daemon [_thread_blocked, id=9724, stack(0x0000001ba1a00000,0x0000001ba1b00000)]
  0x0000013128166800 JavaThread "Sweeper thread" daemon [_thread_blocked, id=1604, stack(0x0000001ba1b00000,0x0000001ba1c00000)]
  0x00000131085a2000 JavaThread "Common-Cleaner" daemon [_thread_blocked, id=7012, stack(0x0000001ba1c00000,0x0000001ba1d00000)]
  0x0000013128fc2000 JavaThread "Monitor Ctrl-Break" daemon [_thread_in_native, id=7548, stack(0x0000001ba1e00000,0x0000001ba1f00000)]
  0x00000131299c3000 JavaThread "QuantumRenderer-0" daemon [_thread_blocked, id=12264, stack(0x0000001ba2000000,0x0000001ba2100000)]
  0x0000013129301800 JavaThread "InvokeLaterDispatcher" daemon [_thread_blocked, id=8672, stack(0x0000001ba2300000,0x0000001ba2400000)]
  0x0000013129302800 JavaThread "JavaFX Application Thread" [_thread_in_native, id=4268, stack(0x0000001ba2400000,0x0000001ba2500000)]
  0x00000131295dd800 JavaThread "Thread-1" daemon [_thread_in_native, id=4384, stack(0x0000001ba2b00000,0x0000001ba2c00000)]
  0x000001312925a000 JavaThread "JavaFX-Launcher" [_thread_blocked, id=12028, stack(0x0000001ba2c00000,0x0000001ba2d00000)]
  0x000001312a60a000 JavaThread "Prism Font Disposer" daemon [_thread_blocked, id=7784, stack(0x0000001ba3300000,0x0000001ba3400000)]
  0x000001312a011000 JavaThread "Cleaner-0" daemon [_thread_blocked, id=7636, stack(0x0000001ba3500000,0x0000001ba3600000)]
  0x00000131312d9800 JavaThread "SIGINT handler" daemon [_thread_blocked, id=7236, stack(0x0000001ba0a00000,0x0000001ba0b00000)]

Other Threads:
=>0x0000013128112800 VMThread "VM Thread" [stack: 0x0000001ba1300000,0x0000001ba1400000] [id=4444]
  0x00000131084e2000 GCTaskThread "GC Thread#0" [stack: 0x0000001ba0e00000,0x0000001ba0f00000] [id=6628]
  0x0000013129abe800 GCTaskThread "GC Thread#1" [stack: 0x0000001ba2d00000,0x0000001ba2e00000] [id=1708]
  0x0000013129ac7800 GCTaskThread "GC Thread#2" [stack: 0x0000001ba2e00000,0x0000001ba2f00000] [id=8312]
  0x0000013129adc800 GCTaskThread "GC Thread#3" [stack: 0x0000001ba2f00000,0x0000001ba3000000] [id=4248]
  0x0000013129ac8000 GCTaskThread "GC Thread#4" [stack: 0x0000001ba3000000,0x0000001ba3100000] [id=5884]
  0x0000013129ace800 GCTaskThread "GC Thread#5" [stack: 0x0000001ba3100000,0x0000001ba3200000] [id=9316]
  0x000001310850a000 ConcurrentGCThread "G1 Main Marker" [stack: 0x0000001ba0f00000,0x0000001ba1000000] [id=7416]
  0x000001310850b800 ConcurrentGCThread "G1 Conc#0" [stack: 0x0000001ba1000000,0x0000001ba1100000] [id=8592]
  0x000001312a022800 ConcurrentGCThread "G1 Conc#1" [stack: 0x0000001ba3200000,0x0000001ba3300000] [id=5080]
  0x0000013108592800 ConcurrentGCThread "G1 Refine#0" [stack: 0x0000001ba1100000,0x0000001ba1200000] [id=6896]
  0x0000013108593800 ConcurrentGCThread "G1 Young RemSet Sampling" [stack: 0x0000001ba1200000,0x0000001ba1300000] [id=3560]

Threads with active compile tasks:

VM state:at safepoint (shutting down)

VM Mutex/Monitor currently owned by a thread:  ([mutex/lock_event])
[0x00000131084c8440] Threads_lock - owner thread: 0x0000013128112800

Heap address: 0x00000000a1c00000, size: 1508 MB, Compressed Oops mode: 32-bit
Narrow klass base: 0x0000000000000000, Narrow klass shift: 3
Compressed class space size: 1073741824 Address: 0x0000000100000000

Heap:
 garbage-first heap   total 98304K, used 39234K [0x00000000a1c00000, 0x0000000100000000)
  region size 1024K, 38 young (38912K), 7 survivors (7168K)
 Metaspace       used 28108K, capacity 29045K, committed 29104K, reserved 1075200K
  class space    used 3361K, capacity 3786K, committed 3840K, reserved 1048576K
Heap Regions: E=young(eden), S=young(survivor), O=old, HS=humongous(starts), HC=humongous(continues), CS=collection set, F=free, A=archive, TAMS=top-at-mark-start (previous, next)
|   0|0x00000000a1c00000, 0x00000000a1cb1800, 0x00000000a1d00000| 69%| O|  |TAMS 0x00000000a1cb1800, 0x00000000a1c00000| Untracked 
|   1|0x00000000a1d00000, 0x00000000a1e00000, 0x00000000a1e00000|100%|HS|  |TAMS 0x00000000a1d00000, 0x00000000a1d00000| Complete 
|   2|0x00000000a1e00000, 0x00000000a1f00000, 0x00000000a1f00000|100%|HC|  |TAMS 0x00000000a1e00000, 0x00000000a1e00000| Complete 
|   3|0x00000000a1f00000, 0x00000000a1f00000, 0x00000000a2000000|  0%| F|  |TAMS 0x00000000a1f00000, 0x00000000a1f00000| Untracked 
|   4|0x00000000a2000000, 0x00000000a2000000, 0x00000000a2100000|  0%| F|  |TAMS 0x00000000a2000000, 0x00000000a2000000| Untracked 
|   5|0x00000000a2100000, 0x00000000a2100000, 0x00000000a2200000|  0%| F|  |TAMS 0x00000000a2100000, 0x00000000a2100000| Untracked 
|   6|0x00000000a2200000, 0x00000000a2200000, 0x00000000a2300000|  0%| F|  |TAMS 0x00000000a2200000, 0x00000000a2200000| Untracked 
|   7|0x00000000a2300000, 0x00000000a2300000, 0x00000000a2400000|  0%| F|  |TAMS 0x00000000a2300000, 0x00000000a2300000| Untracked 
|   8|0x00000000a2400000, 0x00000000a2400000, 0x00000000a2500000|  0%| F|  |TAMS 0x00000000a2400000, 0x00000000a2400000| Untracked 
|   9|0x00000000a2500000, 0x00000000a2500000, 0x00000000a2600000|  0%| F|  |TAMS 0x00000000a2500000, 0x00000000a2500000| Untracked 
|  10|0x00000000a2600000, 0x00000000a2600000, 0x00000000a2700000|  0%| F|  |TAMS 0x00000000a2600000, 0x00000000a2600000| Untracked 
|  11|0x00000000a2700000, 0x00000000a2700000, 0x00000000a2800000|  0%| F|  |TAMS 0x00000000a2700000, 0x00000000a2700000| Untracked 
|  12|0x00000000a2800000, 0x00000000a2800000, 0x00000000a2900000|  0%| F|  |TAMS 0x00000000a2800000, 0x00000000a2800000| Untracked 
|  13|0x00000000a2900000, 0x00000000a2900000, 0x00000000a2a00000|  0%| F|  |TAMS 0x00000000a2900000, 0x00000000a2900000| Untracked 
|  14|0x00000000a2a00000, 0x00000000a2a00000, 0x00000000a2b00000|  0%| F|  |TAMS 0x00000000a2a00000, 0x00000000a2a00000| Untracked 
|  15|0x00000000a2b00000, 0x00000000a2b00000, 0x00000000a2c00000|  0%| F|  |TAMS 0x00000000a2b00000, 0x00000000a2b00000| Untracked 
|  16|0x00000000a2c00000, 0x00000000a2c00000, 0x00000000a2d00000|  0%| F|  |TAMS 0x00000000a2c00000, 0x00000000a2c00000| Untracked 
|  17|0x00000000a2d00000, 0x00000000a2d00000, 0x00000000a2e00000|  0%| F|  |TAMS 0x00000000a2d00000, 0x00000000a2d00000| Untracked 
|  18|0x00000000a2e00000, 0x00000000a2e00000, 0x00000000a2f00000|  0%| F|  |TAMS 0x00000000a2e00000, 0x00000000a2e00000| Untracked 
|  19|0x00000000a2f00000, 0x00000000a2f00000, 0x00000000a3000000|  0%| F|  |TAMS 0x00000000a2f00000, 0x00000000a2f00000| Untracked 
|  20|0x00000000a3000000, 0x00000000a3000000, 0x00000000a3100000|  0%| F|  |TAMS 0x00000000a3000000, 0x00000000a3000000| Untracked 
|  21|0x00000000a3100000, 0x00000000a3100000, 0x00000000a3200000|  0%| F|  |TAMS 0x00000000a3100000, 0x00000000a3100000| Untracked 
|  22|0x00000000a3200000, 0x00000000a3200000, 0x00000000a3300000|  0%| F|  |TAMS 0x00000000a3200000, 0x00000000a3200000| Untracked 
|  23|0x00000000a3300000, 0x00000000a3300000, 0x00000000a3400000|  0%| F|  |TAMS 0x00000000a3300000, 0x00000000a3300000| Untracked 
|  24|0x00000000a3400000, 0x00000000a3400000, 0x00000000a3500000|  0%| F|  |TAMS 0x00000000a3400000, 0x00000000a3400000| Untracked 
|  25|0x00000000a3500000, 0x00000000a3500000, 0x00000000a3600000|  0%| F|  |TAMS 0x00000000a3500000, 0x00000000a3500000| Untracked 
|  26|0x00000000a3600000, 0x00000000a3600000, 0x00000000a3700000|  0%| F|  |TAMS 0x00000000a3600000, 0x00000000a3600000| Untracked 
|  27|0x00000000a3700000, 0x00000000a3700000, 0x00000000a3800000|  0%| F|  |TAMS 0x00000000a3700000, 0x00000000a3700000| Untracked 
|  28|0x00000000a3800000, 0x00000000a3800000, 0x00000000a3900000|  0%| F|  |TAMS 0x00000000a3800000, 0x00000000a3800000| Untracked 
|  29|0x00000000a3900000, 0x00000000a3900000, 0x00000000a3a00000|  0%| F|  |TAMS 0x00000000a3900000, 0x00000000a3900000| Untracked 
|  30|0x00000000a3a00000, 0x00000000a3a00000, 0x00000000a3b00000|  0%| F|  |TAMS 0x00000000a3a00000, 0x00000000a3a00000| Untracked 
|  31|0x00000000a3b00000, 0x00000000a3b00000, 0x00000000a3c00000|  0%| F|  |TAMS 0x00000000a3b00000, 0x00000000a3b00000| Untracked 
|  32|0x00000000a3c00000, 0x00000000a3c00000, 0x00000000a3d00000|  0%| F|  |TAMS 0x00000000a3c00000, 0x00000000a3c00000| Untracked 
|  33|0x00000000a3d00000, 0x00000000a3d00000, 0x00000000a3e00000|  0%| F|  |TAMS 0x00000000a3d00000, 0x00000000a3d00000| Untracked 
|  34|0x00000000a3e00000, 0x00000000a3e00000, 0x00000000a3f00000|  0%| F|  |TAMS 0x00000000a3e00000, 0x00000000a3e00000| Untracked 
|  35|0x00000000a3f00000, 0x00000000a3f00000, 0x00000000a4000000|  0%| F|  |TAMS 0x00000000a3f00000, 0x00000000a3f00000| Untracked 
|  36|0x00000000a4000000, 0x00000000a4000000, 0x00000000a4100000|  0%| F|  |TAMS 0x00000000a4000000, 0x00000000a4000000| Untracked 
|  37|0x00000000a4100000, 0x00000000a4100000, 0x00000000a4200000|  0%| F|  |TAMS 0x00000000a4100000, 0x00000000a4100000| Untracked 
|  38|0x00000000a4200000, 0x00000000a4200000, 0x00000000a4300000|  0%| F|  |TAMS 0x00000000a4200000, 0x00000000a4200000| Untracked 
|  39|0x00000000a4300000, 0x00000000a4300000, 0x00000000a4400000|  0%| F|  |TAMS 0x00000000a4300000, 0x00000000a4300000| Untracked 
|  40|0x00000000a4400000, 0x00000000a4400000, 0x00000000a4500000|  0%| F|  |TAMS 0x00000000a4400000, 0x00000000a4400000| Untracked 
|  41|0x00000000a4500000, 0x00000000a4500000, 0x00000000a4600000|  0%| F|  |TAMS 0x00000000a4500000, 0x00000000a4500000| Untracked 
|  42|0x00000000a4600000, 0x00000000a4600000, 0x00000000a4700000|  0%| F|  |TAMS 0x00000000a4600000, 0x00000000a4600000| Untracked 
|  43|0x00000000a4700000, 0x00000000a4700000, 0x00000000a4800000|  0%| F|  |TAMS 0x00000000a4700000, 0x00000000a4700000| Untracked 
|  44|0x00000000a4800000, 0x00000000a4800000, 0x00000000a4900000|  0%| F|  |TAMS 0x00000000a4800000, 0x00000000a4800000| Untracked 
|  45|0x00000000a4900000, 0x00000000a4900000, 0x00000000a4a00000|  0%| F|  |TAMS 0x00000000a4900000, 0x00000000a4900000| Untracked 
|  46|0x00000000a4a00000, 0x00000000a4a00000, 0x00000000a4b00000|  0%| F|  |TAMS 0x00000000a4a00000, 0x00000000a4a00000| Untracked 
|  47|0x00000000a4b00000, 0x00000000a4b00000, 0x00000000a4c00000|  0%| F|  |TAMS 0x00000000a4b00000, 0x00000000a4b00000| Untracked 
|  48|0x00000000a4c00000, 0x00000000a4c00000, 0x00000000a4d00000|  0%| F|  |TAMS 0x00000000a4c00000, 0x00000000a4c00000| Untracked 
|  49|0x00000000a4d00000, 0x00000000a4d00000, 0x00000000a4e00000|  0%| F|  |TAMS 0x00000000a4d00000, 0x00000000a4d00000| Untracked 
|  50|0x00000000a4e00000, 0x00000000a4e00000, 0x00000000a4f00000|  0%| F|  |TAMS 0x00000000a4e00000, 0x00000000a4e00000| Untracked 
|  51|0x00000000a4f00000, 0x00000000a4f00000, 0x00000000a5000000|  0%| F|  |TAMS 0x00000000a4f00000, 0x00000000a4f00000| Untracked 
|  52|0x00000000a5000000, 0x00000000a5000000, 0x00000000a5100000|  0%| F|  |TAMS 0x00000000a5000000, 0x00000000a5000000| Untracked 
|  53|0x00000000a5100000, 0x00000000a5100000, 0x00000000a5200000|  0%| F|  |TAMS 0x00000000a5100000, 0x00000000a5100000| Untracked 
|  54|0x00000000a5200000, 0x00000000a5200000, 0x00000000a5300000|  0%| F|  |TAMS 0x00000000a5200000, 0x00000000a5200000| Untracked 
|  55|0x00000000a5300000, 0x00000000a5300000, 0x00000000a5400000|  0%| F|  |TAMS 0x00000000a5300000, 0x00000000a5300000| Untracked 
|  56|0x00000000a5400000, 0x00000000a5400000, 0x00000000a5500000|  0%| F|  |TAMS 0x00000000a5400000, 0x00000000a5400000| Untracked 
|  57|0x00000000a5500000, 0x00000000a5500000, 0x00000000a5600000|  0%| F|  |TAMS 0x00000000a5500000, 0x00000000a5500000| Untracked 
|  58|0x00000000a5600000, 0x00000000a5650640, 0x00000000a5700000| 31%| E|  |TAMS 0x00000000a5600000, 0x00000000a5600000| Complete 
|  59|0x00000000a5700000, 0x00000000a5800000, 0x00000000a5800000|100%| E|CS|TAMS 0x00000000a5700000, 0x00000000a5700000| Complete 
|  60|0x00000000a5800000, 0x00000000a5900000, 0x00000000a5900000|100%| E|CS|TAMS 0x00000000a5800000, 0x00000000a5800000| Complete 
|  61|0x00000000a5900000, 0x00000000a5a00000, 0x00000000a5a00000|100%| E|CS|TAMS 0x00000000a5900000, 0x00000000a5900000| Complete 
|  62|0x00000000a5a00000, 0x00000000a5a9f180, 0x00000000a5b00000| 62%| S|CS|TAMS 0x00000000a5a00000, 0x00000000a5a00000| Complete 
|  63|0x00000000a5b00000, 0x00000000a5c00000, 0x00000000a5c00000|100%| S|CS|TAMS 0x00000000a5b00000, 0x00000000a5b00000| Complete 
|  64|0x00000000a5c00000, 0x00000000a5d00000, 0x00000000a5d00000|100%| S|CS|TAMS 0x00000000a5c00000, 0x00000000a5c00000| Complete 
|  65|0x00000000a5d00000, 0x00000000a5e00000, 0x00000000a5e00000|100%| S|CS|TAMS 0x00000000a5d00000, 0x00000000a5d00000| Complete 
|  66|0x00000000a5e00000, 0x00000000a5f00000, 0x00000000a5f00000|100%| S|CS|TAMS 0x00000000a5e00000, 0x00000000a5e00000| Complete 
|  67|0x00000000a5f00000, 0x00000000a6000000, 0x00000000a6000000|100%| S|CS|TAMS 0x00000000a5f00000, 0x00000000a5f00000| Complete 
|  68|0x00000000a6000000, 0x00000000a6100000, 0x00000000a6100000|100%| S|CS|TAMS 0x00000000a6000000, 0x00000000a6000000| Complete 
|  69|0x00000000a6100000, 0x00000000a6200000, 0x00000000a6200000|100%| E|CS|TAMS 0x00000000a6100000, 0x00000000a6100000| Complete 
|  70|0x00000000a6200000, 0x00000000a6300000, 0x00000000a6300000|100%| E|CS|TAMS 0x00000000a6200000, 0x00000000a6200000| Complete 
|  71|0x00000000a6300000, 0x00000000a6400000, 0x00000000a6400000|100%| E|  |TAMS 0x00000000a6300000, 0x00000000a6300000| Complete 
|  72|0x00000000a6400000, 0x00000000a6500000, 0x00000000a6500000|100%| E|CS|TAMS 0x00000000a6400000, 0x00000000a6400000| Complete 
|  73|0x00000000a6500000, 0x00000000a6600000, 0x00000000a6600000|100%| E|CS|TAMS 0x00000000a6500000, 0x00000000a6500000| Complete 
|  74|0x00000000a6600000, 0x00000000a6700000, 0x00000000a6700000|100%| E|CS|TAMS 0x00000000a6600000, 0x00000000a6600000| Complete 
|  75|0x00000000a6700000, 0x00000000a6800000, 0x00000000a6800000|100%| E|CS|TAMS 0x00000000a6700000, 0x00000000a6700000| Complete 
|  76|0x00000000a6800000, 0x00000000a6900000, 0x00000000a6900000|100%| E|CS|TAMS 0x00000000a6800000, 0x00000000a6800000| Complete 
|  77|0x00000000a6900000, 0x00000000a6a00000, 0x00000000a6a00000|100%| E|CS|TAMS 0x00000000a6900000, 0x00000000a6900000| Complete 
|  78|0x00000000a6a00000, 0x00000000a6b00000, 0x00000000a6b00000|100%| E|CS|TAMS 0x00000000a6a00000, 0x00000000a6a00000| Complete 
|  79|0x00000000a6b00000, 0x00000000a6c00000, 0x00000000a6c00000|100%| E|CS|TAMS 0x00000000a6b00000, 0x00000000a6b00000| Complete 
|  80|0x00000000a6c00000, 0x00000000a6d00000, 0x00000000a6d00000|100%| E|CS|TAMS 0x00000000a6c00000, 0x00000000a6c00000| Complete 
|  81|0x00000000a6d00000, 0x00000000a6e00000, 0x00000000a6e00000|100%| E|CS|TAMS 0x00000000a6d00000, 0x00000000a6d00000| Complete 
|  82|0x00000000a6e00000, 0x00000000a6f00000, 0x00000000a6f00000|100%| E|CS|TAMS 0x00000000a6e00000, 0x00000000a6e00000| Complete 
|  83|0x00000000a6f00000, 0x00000000a7000000, 0x00000000a7000000|100%| E|CS|TAMS 0x00000000a6f00000, 0x00000000a6f00000| Complete 
|  84|0x00000000a7000000, 0x00000000a7100000, 0x00000000a7100000|100%| E|CS|TAMS 0x00000000a7000000, 0x00000000a7000000| Complete 
|  85|0x00000000a7100000, 0x00000000a7200000, 0x00000000a7200000|100%| E|CS|TAMS 0x00000000a7100000, 0x00000000a7100000| Complete 
|  86|0x00000000a7200000, 0x00000000a7300000, 0x00000000a7300000|100%| E|CS|TAMS 0x00000000a7200000, 0x00000000a7200000| Complete 
|  87|0x00000000a7300000, 0x00000000a7400000, 0x00000000a7400000|100%| E|CS|TAMS 0x00000000a7300000, 0x00000000a7300000| Complete 
|  88|0x00000000a7400000, 0x00000000a7500000, 0x00000000a7500000|100%| E|CS|TAMS 0x00000000a7400000, 0x00000000a7400000| Complete 
|  89|0x00000000a7500000, 0x00000000a7600000, 0x00000000a7600000|100%| E|CS|TAMS 0x00000000a7500000, 0x00000000a7500000| Complete 
|  90|0x00000000a7600000, 0x00000000a7700000, 0x00000000a7700000|100%| E|CS|TAMS 0x00000000a7600000, 0x00000000a7600000| Complete 
|  91|0x00000000a7700000, 0x00000000a7800000, 0x00000000a7800000|100%| E|CS|TAMS 0x00000000a7700000, 0x00000000a7700000| Complete 
|  92|0x00000000a7800000, 0x00000000a7900000, 0x00000000a7900000|100%| E|CS|TAMS 0x00000000a7800000, 0x00000000a7800000| Complete 
|  93|0x00000000a7900000, 0x00000000a7a00000, 0x00000000a7a00000|100%| E|CS|TAMS 0x00000000a7900000, 0x00000000a7900000| Complete 
|  94|0x00000000a7a00000, 0x00000000a7b00000, 0x00000000a7b00000|100%| E|CS|TAMS 0x00000000a7a00000, 0x00000000a7a00000| Complete 
|  95|0x00000000a7b00000, 0x00000000a7c00000, 0x00000000a7c00000|100%| E|CS|TAMS 0x00000000a7b00000, 0x00000000a7b00000| Complete 

Card table byte_map: [0x0000013122170000,0x0000013122470000] _byte_map_base: 0x0000013121c62000

Marking Bits (Prev, Next): (CMBitMap*) 0x0000013108503550, (CMBitMap*) 0x0000013108503518
 Prev Bits: [0x0000013123f00000, 0x0000013125690000)
 Next Bits: [0x0000013122770000, 0x0000013123f00000)

Polling page: 0x0000013109d60000

Metaspace:

Usage:
  Non-class:     24.67 MB capacity,    24.17 MB ( 98%) used,   407.30 KB (  2%) free+waste,   104.56 KB ( <1%) overhead. 
      Class:      3.70 MB capacity,     3.28 MB ( 89%) used,   371.34 KB ( 10%) free+waste,    53.00 KB (  1%) overhead. 
       Both:     28.36 MB capacity,    27.45 MB ( 97%) used,   778.64 KB (  3%) free+waste,   157.56 KB ( <1%) overhead. 

Virtual space:
  Non-class space:       26.00 MB reserved,      24.67 MB ( 95%) committed 
      Class space:        1.00 GB reserved,       3.75 MB ( <1%) committed 
             Both:        1.03 GB reserved,      28.42 MB (  3%) committed 

Chunk freelists:
   Non-Class:  5.00 KB
       Class:  22.00 KB
        Both:  27.00 KB

MaxMetaspaceSize: 17179869184.00 GB
CompressedClassSpaceSize: 1.00 GB
Initial GC threshold: 20.80 MB
Current GC threshold: 35.08 MB
CDS: off

CodeHeap 'non-profiled nmethods': size=120000Kb used=1428Kb max_used=1428Kb free=118571Kb
 bounds [0x0000013119ed0000, 0x000001311a140000, 0x0000013121400000]
CodeHeap 'profiled nmethods': size=120000Kb used=6322Kb max_used=6322Kb free=113677Kb
 bounds [0x00000131129a0000, 0x0000013112fd0000, 0x0000013119ed0000]
CodeHeap 'non-nmethods': size=5760Kb used=1450Kb max_used=1507Kb free=4309Kb
 bounds [0x0000013112400000, 0x0000013112670000, 0x00000131129a0000]
 total_blobs=4160 nmethods=3363 adapters=709
 compilation: enabled
              stopped_count=0, restarted_count=0
 full_count=0

Compilation events (20 events):
Event: 13.862 Thread 0x000001312a770000 nmethod 3353 0x000001311a032b90 code [0x000001311a032d20, 0x000001311a032db8]
Event: 13.893 Thread 0x000001312815c800 nmethod 3352 0x000001311a032e90 code [0x000001311a033060, 0x000001311a033f78]
Event: 14.585 Thread 0x0000013128163000 3369       3       com.sun.javafx.application.PlatformImpl::isSupportedImpl (430 bytes)
Event: 14.588 Thread 0x0000013128163000 nmethod 3369 0x0000013112fc5110 code [0x0000013112fc57a0, 0x0000013112fc8708]
Event: 14.593 Thread 0x0000013128163000 3370       3       com.sun.javafx.tk.quantum.QuantumToolkit::isSupported (142 bytes)
Event: 14.594 Thread 0x0000013128163000 nmethod 3370 0x0000013112fc9810 code [0x0000013112fc9b00, 0x0000013112fcac88]
Event: 14.601 Thread 0x000001312815c800 3371       4       com.sun.javafx.collections.VetoableListDecorator::get (11 bytes)
Event: 14.601 Thread 0x0000013128163000 3372       3       javafx.scene.input.MouseEvent::copyFor (7 bytes)
Event: 14.601 Thread 0x0000013128163000 nmethod 3372 0x0000013112fcb190 code [0x0000013112fcb340, 0x0000013112fcb4e8]
Event: 14.604 Thread 0x000001312815c800 nmethod 3371 0x000001311a034790 code [0x000001311a034940, 0x000001311a034a98]
Event: 77.369 Thread 0x0000013128163000 3373       3       com.sun.javafx.tk.quantum.GlassScene::getAccessControlContext (22 bytes)
Event: 77.370 Thread 0x0000013128163000 nmethod 3373 0x0000013112fcb590 code [0x0000013112fcb760, 0x0000013112fcb968]
Event: 77.425 Thread 0x0000013128163000 3374       3       com.sun.glass.ui.View::getWindow (8 bytes)
Event: 77.426 Thread 0x0000013128163000 nmethod 3374 0x0000013112fcba10 code [0x0000013112fcbc00, 0x0000013112fcbf38]
Event: 77.682 Thread 0x0000013128163000 3375       3       com.sun.javafx.tk.quantum.ViewScene::getWindowStage (8 bytes)
Event: 77.682 Thread 0x0000013128163000 nmethod 3375 0x0000013112fcc090 code [0x0000013112fcc240, 0x0000013112fcc438]
Event: 87.067 Thread 0x000001312815c800 3376       4       com.sun.javafx.tk.quantum.QuantumToolkit$$Lambda$104/0x000000010010a040::run (8 bytes)
Event: 87.075 Thread 0x000001312815c800 nmethod 3376 0x000001311a034c90 code [0x000001311a034e60, 0x000001311a035078]
Event: 138.004 Thread 0x0000013128163000 3377       3       com.sun.javafx.css.PseudoClassState::add (6 bytes)
Event: 138.004 Thread 0x0000013128163000 nmethod 3377 0x0000013112fcc510 code [0x0000013112fcc6c0, 0x0000013112fcc7e8]

GC Heap History (4 events):
Event: 1.196 GC heap before
{Heap before GC invocations=0 (full 0):
 garbage-first heap   total 98304K, used 23552K [0x00000000a1c00000, 0x0000000100000000)
  region size 1024K, 24 young (24576K), 0 survivors (0K)
 Metaspace       used 13709K, capacity 14096K, committed 14208K, reserved 1062912K
  class space    used 1421K, capacity 1601K, committed 1664K, reserved 1048576K
}
Event: 1.201 GC heap after
{Heap after GC invocations=1 (full 0):
 garbage-first heap   total 98304K, used 3782K [0x00000000a1c00000, 0x0000000100000000)
  region size 1024K, 3 young (3072K), 3 survivors (3072K)
 Metaspace       used 13709K, capacity 14096K, committed 14208K, reserved 1062912K
  class space    used 1421K, capacity 1601K, committed 1664K, reserved 1048576K
}
Event: 2.025 GC heap before
{Heap before GC invocations=1 (full 0):
 garbage-first heap   total 98304K, used 27334K [0x00000000a1c00000, 0x0000000100000000)
  region size 1024K, 27 young (27648K), 3 survivors (3072K)
 Metaspace       used 20499K, capacity 21129K, committed 21296K, reserved 1069056K
  class space    used 2352K, capacity 2619K, committed 2688K, reserved 1048576K
}
Event: 2.035 GC heap after
{Heap after GC invocations=2 (full 0):
 garbage-first heap   total 98304K, used 7490K [0x00000000a1c00000, 0x0000000100000000)
  region size 1024K, 7 young (7168K), 7 survivors (7168K)
 Metaspace       used 20499K, capacity 21129K, committed 21296K, reserved 1069056K
  class space    used 2352K, capacity 2619K, committed 2688K, reserved 1048576K
}

Deoptimization events (20 events):
Event: 13.828 Thread 0x0000013129302800 DEOPT PACKING pc=0x0000013112cfc8c5 sp=0x0000001ba24f5e90
Event: 13.828 Thread 0x0000013129302800 DEOPT UNPACKING pc=0x000001311244a95e sp=0x0000001ba24f5350 mode 0
Event: 13.829 Thread 0x0000013129302800 DEOPT PACKING pc=0x0000013112cfc8c5 sp=0x0000001ba24f5e90
Event: 13.829 Thread 0x0000013129302800 DEOPT UNPACKING pc=0x000001311244a95e sp=0x0000001ba24f5350 mode 0
Event: 13.829 Thread 0x0000013129302800 DEOPT PACKING pc=0x0000013112cfc8c5 sp=0x0000001ba24f5e90
Event: 13.829 Thread 0x0000013129302800 DEOPT UNPACKING pc=0x000001311244a95e sp=0x0000001ba24f5350 mode 0
Event: 13.829 Thread 0x0000013129302800 DEOPT PACKING pc=0x0000013112cfc8c5 sp=0x0000001ba24f5e90
Event: 13.829 Thread 0x0000013129302800 DEOPT UNPACKING pc=0x000001311244a95e sp=0x0000001ba24f5350 mode 0
Event: 13.829 Thread 0x0000013129302800 DEOPT PACKING pc=0x0000013112cfc8c5 sp=0x0000001ba24f5e90
Event: 13.829 Thread 0x0000013129302800 DEOPT UNPACKING pc=0x000001311244a95e sp=0x0000001ba24f5350 mode 0
Event: 13.829 Thread 0x0000013129302800 DEOPT PACKING pc=0x0000013112cfc8c5 sp=0x0000001ba24f5e90
Event: 13.829 Thread 0x0000013129302800 DEOPT UNPACKING pc=0x000001311244a95e sp=0x0000001ba24f5350 mode 0
Event: 13.829 Thread 0x0000013129302800 DEOPT PACKING pc=0x0000013112cfc8c5 sp=0x0000001ba24f5e90
Event: 13.829 Thread 0x0000013129302800 DEOPT UNPACKING pc=0x000001311244a95e sp=0x0000001ba24f5350 mode 0
Event: 13.829 Thread 0x0000013129302800 DEOPT PACKING pc=0x0000013112cfc8c5 sp=0x0000001ba24f5e90
Event: 13.829 Thread 0x0000013129302800 DEOPT UNPACKING pc=0x000001311244a95e sp=0x0000001ba24f5350 mode 0
Event: 13.830 Thread 0x0000013129302800 DEOPT PACKING pc=0x0000013112cfc8c5 sp=0x0000001ba24f5e90
Event: 13.830 Thread 0x0000013129302800 DEOPT UNPACKING pc=0x000001311244a95e sp=0x0000001ba24f5350 mode 0
Event: 13.830 Thread 0x0000013129302800 DEOPT PACKING pc=0x0000013112cfc8c5 sp=0x0000001ba24f5e90
Event: 13.830 Thread 0x0000013129302800 DEOPT UNPACKING pc=0x000001311244a95e sp=0x0000001ba24f5350 mode 0

Classes redefined (0 events):
No events

Internal exceptions (20 events):
Event: 2.117 Thread 0x0000013129302800 Exception <a 'java/lang/IncompatibleClassChangeError'{0x00000000a795b460}: Found class java.lang.Object, but interface was expected> (0x00000000a795b460) thrown at [./src/hotspot/share/interpreter/linkResolver.cpp, line 839]
Event: 2.207 Thread 0x0000013129302800 Exception <a 'java/lang/ClassNotFoundException'{0x00000000a77dfc80}: com/sun/javafx/scene/control/skin/resources/controls> (0x00000000a77dfc80) thrown at [./src/hotspot/share/prims/jni.cpp, line 638]
Event: 2.209 Thread 0x0000013129302800 Exception <a 'java/lang/ClassNotFoundException'{0x00000000a77ed7d8}: com/sun/javafx/scene/control/skin/resources/controls_es> (0x00000000a77ed7d8) thrown at [./src/hotspot/share/prims/jni.cpp, line 638]
Event: 2.210 Thread 0x0000013129302800 Exception <a 'java/lang/ClassNotFoundException'{0x00000000a77faff0}: com/sun/javafx/scene/control/skin/resources/controls_es_AR> (0x00000000a77faff0) thrown at [./src/hotspot/share/prims/jni.cpp, line 638]
Event: 2.275 Thread 0x0000013129302800 Exception <a 'java/lang/NoSuchMethodError'{0x00000000a7571198}: 'void java.lang.invoke.DirectMethodHandle$Holder.invokeSpecial(java.lang.Object, java.lang.Object, java.lang.Object, java.lang.Object, java.lang.Object, java.lang.Object)'> (0x00000000a7571198) thrown at [./src/hotspot/share/interpreter/linkResolver.cpp, line 773]
Event: 2.408 Thread 0x00000131299c3000 Exception <a 'java/lang/NoSuchMethodError'{0x00000000a7019d20}: 'int java.lang.invoke.DirectMethodHandle$Holder.invokeStaticInit(java.lang.Object, java.lang.Object)'> (0x00000000a7019d20) thrown at [./src/hotspot/share/interpreter/linkResolver.cpp, line 773]
Event: 4.004 Thread 0x0000013129302800 Exception <a 'java/lang/NoSuchMethodError'{0x00000000a6c15f98}: 'long java.lang.invoke.DirectMethodHandle$Holder.invokeStaticInit(java.lang.Object, java.lang.Object, java.lang.Object)'> (0x00000000a6c15f98) thrown at [./src/hotspot/share/interpreter/linkResolver.cpp, line 773]
Event: 4.006 Thread 0x0000013129302800 Exception <a 'java/lang/NoSuchMethodError'{0x00000000a6c2e5e0}: 'java.lang.Object java.lang.invoke.DirectMethodHandle$Holder.invokeStatic(java.lang.Object, java.lang.Object, long)'> (0x00000000a6c2e5e0) thrown at [./src/hotspot/share/interpreter/linkResolver.cpp, line 773]
Event: 4.006 Thread 0x0000013129302800 Exception <a 'java/lang/NoSuchMethodError'{0x00000000a6c34758}: 'java.lang.Object java.lang.invoke.Invokers$Holder.linkToTargetMethod(java.lang.Object, long, java.lang.Object)'> (0x00000000a6c34758) thrown at [./src/hotspot/share/interpreter/linkResolver.cpp, line 773]
Event: 10.914 Thread 0x0000013129302800 Exception <a 'java/lang/NoSuchMethodError'{0x00000000a6b91678}: 'java.lang.Object java.lang.invoke.DirectMethodHandle$Holder.invokeStatic(java.lang.Object, java.lang.Object, int, int, int, int, int, java.lang.Object)'> (0x00000000a6b91678) thrown at [./src/hotspot/share/interpreter/linkResolver.cpp, line 773]
Event: 10.916 Thread 0x0000013129302800 Exception <a 'java/lang/NoSuchMethodError'{0x00000000a6ba1f10}: 'java.lang.Object java.lang.invoke.DirectMethodHandle$Holder.invokeStatic(java.lang.Object, java.lang.Object, java.lang.Object, int, int, int, int, int)'> (0x00000000a6ba1f10) thrown at [./src/hotspot/share/interpreter/linkResolver.cpp, line 773]
Event: 10.916 Thread 0x0000013129302800 Exception <a 'java/lang/NoSuchMethodError'{0x00000000a6ba8780}: 'java.lang.Object java.lang.invoke.Invokers$Holder.linkToTargetMethod(java.lang.Object, java.lang.Object, int, int, int, int, int, java.lang.Object)'> (0x00000000a6ba8780) thrown at [./src/hotspot/share/interpreter/linkResolver.cpp, line 773]
Event: 10.934 Thread 0x0000013129302800 Exception <a 'sun/nio/fs/WindowsException'{0x00000000a6bdc418}> (0x00000000a6bdc418) thrown at [./src/hotspot/share/prims/jni.cpp, line 617]
Event: 11.014 Thread 0x0000013129302800 Exception <a 'java/lang/NoSuchMethodError'{0x00000000a69413d8}: 'java.lang.Object java.lang.invoke.DirectMethodHandle$Holder.invokeStatic(java.lang.Object, int, int, int, int)'> (0x00000000a69413d8) thrown at [./src/hotspot/share/interpreter/linkResolver.cpp, line 773]
Event: 11.014 Thread 0x0000013129302800 Exception <a 'java/lang/NoSuchMethodError'{0x00000000a6944a50}: 'java.lang.Object java.lang.invoke.DirectMethodHandle$Holder.invokeStaticInit(java.lang.Object, int, int, int, int)'> (0x00000000a6944a50) thrown at [./src/hotspot/share/interpreter/linkResolver.cpp, line 773]
Event: 11.190 Thread 0x0000013129302800 Exception <a 'java/lang/NoSuchMethodError'{0x00000000a69a9280}: 'java.lang.Object java.lang.invoke.DirectMethodHandle$Holder.invokeStatic(java.lang.Object, java.lang.Object, int, int, int, int)'> (0x00000000a69a9280) thrown at [./src/hotspot/share/interpreter/linkResolver.cpp, line 773]
Event: 11.191 Thread 0x0000013129302800 Exception <a 'java/lang/NoSuchMethodError'{0x00000000a69acb28}: 'java.lang.Object java.lang.invoke.DirectMethodHandle$Holder.invokeStaticInit(java.lang.Object, java.lang.Object, int, int, int, int)'> (0x00000000a69acb28) thrown at [./src/hotspot/share/interpreter/linkResolver.cpp, line 773]
Event: 11.229 Thread 0x0000013129302800 Exception <a 'sun/nio/fs/WindowsException'{0x00000000a68ce200}> (0x00000000a68ce200) thrown at [./src/hotspot/share/prims/jni.cpp, line 617]
Event: 11.235 Thread 0x0000013129302800 Exception <a 'sun/nio/fs/WindowsException'{0x00000000a68e4710}> (0x00000000a68e4710) thrown at [./src/hotspot/share/prims/jni.cpp, line 617]
Event: 147.780 Thread 0x0000013129d41000 Exception <a 'java/lang/IllegalStateException'{0x00000000a562d938}> (0x00000000a562d938) thrown at [./src/hotspot/share/prims/jvm.cpp, line 1310]

Events (20 events):
Event: 147.777 Executing VM operation: RevokeBias done
Event: 147.777 Executing VM operation: RevokeBias
Event: 147.777 Executing VM operation: RevokeBias done
Event: 147.777 loading class com/sun/javafx/tk/quantum/QuantumRenderer
Event: 147.777 loading class com/sun/javafx/tk/quantum/QuantumRenderer done
Event: 147.777 Executing VM operation: RevokeBias
Event: 147.778 Executing VM operation: RevokeBias done
Event: 147.778 Executing VM operation: RevokeBias
Event: 147.778 Executing VM operation: RevokeBias done
Event: 147.778 Executing VM operation: RevokeBias
Event: 147.778 Executing VM operation: RevokeBias done
Event: 147.778 Executing VM operation: RevokeBias
Event: 147.779 Executing VM operation: RevokeBias done
Event: 147.779 Executing VM operation: RevokeBias
Event: 147.779 Executing VM operation: RevokeBias done
Event: 147.779 Thread 0x00000131298f5000 Thread exited: 0x00000131298f5000
Event: 147.780 loading class com/sun/javafx/tk/quantum/QuantumToolkit
Event: 147.780 loading class com/sun/javafx/tk/quantum/QuantumToolkit done
Event: 147.780 Thread 0x0000013129d41000 Thread exited: 0x0000013129d41000
Event: 147.781 Executing VM operation: Exit


Dynamic libraries:
0x00007ff66bbd0000 - 0x00007ff66bbdd000 	C:\Users\Facundo\.jdks\corretto-11.0.15\bin\java.exe
0x00007ffe37ad0000 - 0x00007ffe37cc8000 	C:\Windows\SYSTEM32\ntdll.dll
0x00007ffe374d0000 - 0x00007ffe3758d000 	C:\Windows\System32\KERNEL32.DLL
0x00007ffe354a0000 - 0x00007ffe3576e000 	C:\Windows\System32\KERNELBASE.dll
0x00007ffe35300000 - 0x00007ffe35400000 	C:\Windows\System32\ucrtbase.dll
0x00007ffe2fe10000 - 0x00007ffe2fe29000 	C:\Users\Facundo\.jdks\corretto-11.0.15\bin\VCRUNTIME140.dll
0x00007ffe2fe40000 - 0x00007ffe2fe57000 	C:\Users\Facundo\.jdks\corretto-11.0.15\bin\jli.dll
0x00007ffe35f80000 - 0x00007ffe36120000 	C:\Windows\System32\USER32.dll
0x00007ffe23c10000 - 0x00007ffe23eaa000 	C:\Windows\WinSxS\amd64_microsoft.windows.common-controls_6595b64144ccf1df_6.0.19041.1110_none_60b5254171f9507e\COMCTL32.dll
0x00007ffe35920000 - 0x00007ffe35942000 	C:\Windows\System32\win32u.dll
0x00007ffe37590000 - 0x00007ffe3762e000 	C:\Windows\System32\msvcrt.dll
0x00007ffe37700000 - 0x00007ffe3772a000 	C:\Windows\System32\GDI32.dll
0x00007ffe351f0000 - 0x00007ffe352fb000 	C:\Windows\System32\gdi32full.dll
0x00007ffe35a90000 - 0x00007ffe35b2d000 	C:\Windows\System32\msvcp_win.dll
0x00007ffe35c70000 - 0x00007ffe35ca0000 	C:\Windows\System32\IMM32.DLL
0x00007ffe28c30000 - 0x00007ffe28ccb000 	C:\Users\Facundo\.jdks\corretto-11.0.15\bin\msvcp140.dll
0x00007ffded240000 - 0x00007ffdeddc3000 	C:\Users\Facundo\.jdks\corretto-11.0.15\bin\server\jvm.dll
0x00007ffe36790000 - 0x00007ffe3683e000 	C:\Windows\System32\ADVAPI32.dll
0x00007ffe361f0000 - 0x00007ffe3628c000 	C:\Windows\System32\sechost.dll
0x00007ffe36850000 - 0x00007ffe36975000 	C:\Windows\System32\RPCRT4.dll
0x00007ffe35c60000 - 0x00007ffe35c68000 	C:\Windows\System32\PSAPI.DLL
0x00007ffe2b540000 - 0x00007ffe2b567000 	C:\Windows\SYSTEM32\WINMM.dll
0x00007ffe20d30000 - 0x00007ffe20d39000 	C:\Windows\SYSTEM32\WSOCK32.dll
0x00007ffe2e620000 - 0x00007ffe2e62a000 	C:\Windows\SYSTEM32\VERSION.dll
0x00007ffe37630000 - 0x00007ffe3769b000 	C:\Windows\System32\WS2_32.dll
0x00007ffe330f0000 - 0x00007ffe33102000 	C:\Windows\SYSTEM32\kernel.appcore.dll
0x00007ffe2fdf0000 - 0x00007ffe2fe00000 	C:\Users\Facundo\.jdks\corretto-11.0.15\bin\verify.dll
0x00007ffe2d670000 - 0x00007ffe2d854000 	C:\Windows\SYSTEM32\DBGHELP.DLL
0x00007ffe25650000 - 0x00007ffe2567c000 	C:\Windows\SYSTEM32\dbgcore.DLL
0x00007ffe35a00000 - 0x00007ffe35a82000 	C:\Windows\System32\bcryptPrimitives.dll
0x00007ffe2f0b0000 - 0x00007ffe2f0d8000 	C:\Users\Facundo\.jdks\corretto-11.0.15\bin\java.dll
0x00007ffe2fde0000 - 0x00007ffe2fdea000 	C:\Users\Facundo\.jdks\corretto-11.0.15\bin\jimage.dll
0x00007ffe2fac0000 - 0x00007ffe2face000 	C:\Users\Facundo\.jdks\corretto-11.0.15\bin\instrument.dll
0x00007ffe2fd30000 - 0x00007ffe2fd48000 	C:\Users\Facundo\.jdks\corretto-11.0.15\bin\zip.dll
0x00007ffe36a60000 - 0x00007ffe371a4000 	C:\Windows\System32\SHELL32.dll
0x00007ffe332f0000 - 0x00007ffe33a84000 	C:\Windows\SYSTEM32\windows.storage.dll
0x00007ffe37730000 - 0x00007ffe37a84000 	C:\Windows\System32\combase.dll
0x00007ffe34be0000 - 0x00007ffe34c10000 	C:\Windows\SYSTEM32\Wldp.dll
0x00007ffe371b0000 - 0x00007ffe3725d000 	C:\Windows\System32\SHCORE.dll
0x00007ffe37260000 - 0x00007ffe372b5000 	C:\Windows\System32\shlwapi.dll
0x00007ffe35130000 - 0x00007ffe3514f000 	C:\Windows\SYSTEM32\profapi.dll
0x00007ffe2eb80000 - 0x00007ffe2eb99000 	C:\Users\Facundo\.jdks\corretto-11.0.15\bin\net.dll
0x00007ffe246c0000 - 0x00007ffe247ca000 	C:\Windows\SYSTEM32\WINHTTP.dll
0x00007ffe348e0000 - 0x00007ffe3494a000 	C:\Windows\system32\mswsock.dll
0x00007ffe2eb60000 - 0x00007ffe2eb73000 	C:\Users\Facundo\.jdks\corretto-11.0.15\bin\nio.dll
0x00007ffe2eb40000 - 0x00007ffe2eb5a000 	C:\Program Files\JetBrains\IntelliJ IDEA 2022.1.3\bin\breakgen64.dll
0x00000131296d0000 - 0x00000131296d3000 	C:\Users\Facundo\.jdks\corretto-11.0.15\bin\api-ms-win-core-console-l1-1-0.dll
0x00000131296e0000 - 0x00000131296e3000 	C:\Users\Facundo\.jdks\corretto-11.0.15\bin\api-ms-win-core-datetime-l1-1-0.dll
0x00000131296f0000 - 0x00000131296f3000 	C:\Users\Facundo\.jdks\corretto-11.0.15\bin\api-ms-win-core-debug-l1-1-0.dll
0x0000013129700000 - 0x0000013129703000 	C:\Users\Facundo\.jdks\corretto-11.0.15\bin\api-ms-win-core-errorhandling-l1-1-0.dll
0x0000013129710000 - 0x0000013129714000 	C:\Users\Facundo\.jdks\corretto-11.0.15\bin\api-ms-win-core-file-l1-1-0.dll
0x0000013129720000 - 0x0000013129723000 	C:\Users\Facundo\.jdks\corretto-11.0.15\bin\api-ms-win-core-file-l1-2-0.dll
0x0000013129730000 - 0x0000013129733000 	C:\Users\Facundo\.jdks\corretto-11.0.15\bin\api-ms-win-core-file-l2-1-0.dll
0x0000013129740000 - 0x0000013129743000 	C:\Users\Facundo\.jdks\corretto-11.0.15\bin\api-ms-win-core-handle-l1-1-0.dll
0x0000013129750000 - 0x0000013129753000 	C:\Users\Facundo\.jdks\corretto-11.0.15\bin\api-ms-win-core-heap-l1-1-0.dll
0x0000013129760000 - 0x0000013129763000 	C:\Users\Facundo\.jdks\corretto-11.0.15\bin\api-ms-win-core-interlocked-l1-1-0.dll
0x0000013129770000 - 0x0000013129773000 	C:\Users\Facundo\.jdks\corretto-11.0.15\bin\api-ms-win-core-libraryloader-l1-1-0.dll
0x0000013129780000 - 0x0000013129783000 	C:\Users\Facundo\.jdks\corretto-11.0.15\bin\api-ms-win-core-localization-l1-2-0.dll
0x0000013129790000 - 0x0000013129793000 	C:\Users\Facundo\.jdks\corretto-11.0.15\bin\api-ms-win-core-memory-l1-1-0.dll
0x00000131297a0000 - 0x00000131297a3000 	C:\Users\Facundo\.jdks\corretto-11.0.15\bin\api-ms-win-core-namedpipe-l1-1-0.dll
0x00000131297b0000 - 0x00000131297b3000 	C:\Users\Facundo\.jdks\corretto-11.0.15\bin\api-ms-win-core-processenvironment-l1-1-0.dll
0x00000131297c0000 - 0x00000131297c3000 	C:\Users\Facundo\.jdks\corretto-11.0.15\bin\api-ms-win-core-processthreads-l1-1-0.dll
0x00000131297d0000 - 0x00000131297d3000 	C:\Users\Facundo\.jdks\corretto-11.0.15\bin\api-ms-win-core-processthreads-l1-1-1.dll
0x00000131297e0000 - 0x00000131297e3000 	C:\Users\Facundo\.jdks\corretto-11.0.15\bin\api-ms-win-core-profile-l1-1-0.dll
0x00000131297f0000 - 0x00000131297f3000 	C:\Users\Facundo\.jdks\corretto-11.0.15\bin\api-ms-win-core-rtlsupport-l1-1-0.dll
0x0000013129800000 - 0x0000013129803000 	C:\Users\Facundo\.jdks\corretto-11.0.15\bin\api-ms-win-core-string-l1-1-0.dll
0x0000013129810000 - 0x0000013129813000 	C:\Users\Facundo\.jdks\corretto-11.0.15\bin\api-ms-win-core-synch-l1-1-0.dll
0x0000013129820000 - 0x0000013129823000 	C:\Users\Facundo\.jdks\corretto-11.0.15\bin\api-ms-win-core-synch-l1-2-0.dll
0x0000013129830000 - 0x0000013129833000 	C:\Users\Facundo\.jdks\corretto-11.0.15\bin\api-ms-win-core-sysinfo-l1-1-0.dll
0x0000013129840000 - 0x0000013129843000 	C:\Users\Facundo\.jdks\corretto-11.0.15\bin\api-ms-win-core-timezone-l1-1-0.dll
0x000001312a820000 - 0x000001312a823000 	C:\Users\Facundo\.jdks\corretto-11.0.15\bin\api-ms-win-core-util-l1-1-0.dll
0x000001312a830000 - 0x000001312a833000 	C:\Users\Facundo\.jdks\corretto-11.0.15\bin\api-ms-win-crt-conio-l1-1-0.dll
0x000001312aa70000 - 0x000001312aa74000 	C:\Users\Facundo\.jdks\corretto-11.0.15\bin\api-ms-win-crt-convert-l1-1-0.dll
0x000001312aa80000 - 0x000001312aa83000 	C:\Users\Facundo\.jdks\corretto-11.0.15\bin\api-ms-win-crt-environment-l1-1-0.dll
0x000001312aa90000 - 0x000001312aa93000 	C:\Users\Facundo\.jdks\corretto-11.0.15\bin\api-ms-win-crt-filesystem-l1-1-0.dll
0x000001312aaa0000 - 0x000001312aaa3000 	C:\Users\Facundo\.jdks\corretto-11.0.15\bin\api-ms-win-crt-heap-l1-1-0.dll
0x000001312a840000 - 0x000001312a843000 	C:\Users\Facundo\.jdks\corretto-11.0.15\bin\api-ms-win-crt-locale-l1-1-0.dll
0x000001312a850000 - 0x000001312a855000 	C:\Users\Facundo\.jdks\corretto-11.0.15\bin\api-ms-win-crt-math-l1-1-0.dll
0x000001312a860000 - 0x000001312a865000 	C:\Users\Facundo\.jdks\corretto-11.0.15\bin\api-ms-win-crt-multibyte-l1-1-0.dll
0x000001312a870000 - 0x000001312a880000 	C:\Users\Facundo\.jdks\corretto-11.0.15\bin\api-ms-win-crt-private-l1-1-0.dll
0x000001312a880000 - 0x000001312a883000 	C:\Users\Facundo\.jdks\corretto-11.0.15\bin\api-ms-win-crt-process-l1-1-0.dll
0x000001312a890000 - 0x000001312a894000 	C:\Users\Facundo\.jdks\corretto-11.0.15\bin\api-ms-win-crt-runtime-l1-1-0.dll
0x000001312a8a0000 - 0x000001312a8a4000 	C:\Users\Facundo\.jdks\corretto-11.0.15\bin\api-ms-win-crt-stdio-l1-1-0.dll
0x000001312a8b0000 - 0x000001312a8b4000 	C:\Users\Facundo\.jdks\corretto-11.0.15\bin\api-ms-win-crt-string-l1-1-0.dll
0x000001312a8c0000 - 0x000001312a8c3000 	C:\Users\Facundo\.jdks\corretto-11.0.15\bin\api-ms-win-crt-time-l1-1-0.dll
0x000001312a8d0000 - 0x000001312a8d3000 	C:\Users\Facundo\.jdks\corretto-11.0.15\bin\api-ms-win-crt-utility-l1-1-0.dll
0x00007ffe15600000 - 0x00007ffe156fc000 	C:\Users\Facundo\.jdks\corretto-11.0.15\bin\ucrtbase.dll
0x00007ffe2e2e0000 - 0x00007ffe2e32e000 	C:\Windows\System32\concrt140.dll
0x00007ffe1ef90000 - 0x00007ffe1ef9c000 	C:\Windows\SYSTEM32\VCRUNTIME140_1.dll
0x00007ffe2e5f0000 - 0x00007ffe2e613000 	C:\Users\Facundo\.openjfx\cache\11.0.2\prism_d3d.dll
0x00007ffe02280000 - 0x00007ffe0244f000 	C:\Windows\system32\d3d9.dll
0x00007ffe32fe0000 - 0x00007ffe3300f000 	C:\Windows\SYSTEM32\dwmapi.dll
0x00007ffe32c10000 - 0x00007ffe32cae000 	C:\Windows\system32\uxtheme.dll
0x00007ffe35cc0000 - 0x00007ffe35dea000 	C:\Windows\System32\ole32.dll
0x00007ffe358d0000 - 0x00007ffe3591e000 	C:\Windows\System32\cfgmgr32.dll
0x00007ffe35400000 - 0x00007ffe35427000 	C:\Windows\System32\bcrypt.dll
0x00007ffe27ee0000 - 0x00007ffe27f25000 	C:\Users\Facundo\.openjfx\cache\11.0.2\glass.dll
0x00007ffe36980000 - 0x00007ffe36a5a000 	C:\Windows\System32\COMDLG32.dll
0x00007ffe36120000 - 0x00007ffe361ed000 	C:\Windows\System32\OLEAUT32.dll
0x00007ffe35b40000 - 0x00007ffe35c55000 	C:\Windows\System32\MSCTF.dll
0x00007ffe2b980000 - 0x00007ffe2b9bb000 	C:\Windows\SYSTEM32\dxcore.dll
0x00007ffe29460000 - 0x00007ffe29474000 	C:\Users\Facundo\.openjfx\cache\11.0.2\javafx_font.dll
0x00007ffe263d0000 - 0x00007ffe2664f000 	C:\Windows\SYSTEM32\dwrite.dll
0x00007ffe35ed0000 - 0x00007ffe35f79000 	C:\Windows\System32\clbcatq.dll
0x00007ffe2f530000 - 0x00007ffe2f6e4000 	C:\Windows\SYSTEM32\WindowsCodecs.dll
0x00007ffe22fc0000 - 0x00007ffe22ffe000 	C:\Windows\system32\dataexchange.dll
0x00007ffe31060000 - 0x00007ffe312c3000 	C:\Windows\system32\d3d11.dll
0x00007ffe31e50000 - 0x00007ffe32034000 	C:\Windows\system32\dcomp.dll
0x00007ffe33af0000 - 0x00007ffe33be3000 	C:\Windows\system32\dxgi.dll
0x00007ffe2f750000 - 0x00007ffe2f950000 	C:\Windows\system32\twinapi.appcore.dll
0x00007ffe28980000 - 0x00007ffe289b4000 	C:\Program Files\Common Files\Microsoft Shared\Ink\rtscom.dll
0x00007ffe27b60000 - 0x00007ffe27c59000 	C:\Windows\SYSTEM32\textinputframework.dll
0x00007ffe32800000 - 0x00007ffe328f2000 	C:\Windows\System32\CoreMessaging.dll
0x00007ffe323c0000 - 0x00007ffe3271e000 	C:\Windows\System32\CoreUIComponents.dll
0x00007ffe33ef0000 - 0x00007ffe33f23000 	C:\Windows\SYSTEM32\ntmarta.dll
0x00007ffe31730000 - 0x00007ffe31884000 	C:\Windows\SYSTEM32\wintypes.dll
0x00007ffe34610000 - 0x00007ffe346da000 	C:\Windows\SYSTEM32\DNSAPI.dll
0x00007ffe345d0000 - 0x00007ffe3460b000 	C:\Windows\SYSTEM32\IPHLPAPI.DLL
0x00007ffe35b30000 - 0x00007ffe35b38000 	C:\Windows\System32\NSI.dll
0x00007ffe245f0000 - 0x00007ffe245fa000 	C:\Windows\System32\rasadhlp.dll
0x00007ffe249d0000 - 0x00007ffe24a50000 	C:\Windows\System32\fwpuclnt.dll
0x00007ffe34ad0000 - 0x00007ffe34ae8000 	C:\Windows\SYSTEM32\CRYPTSP.dll
0x00007ffe34260000 - 0x00007ffe34294000 	C:\Windows\system32\rsaenh.dll
0x00007ffe350b0000 - 0x00007ffe350de000 	C:\Windows\SYSTEM32\USERENV.dll
0x00007ffe34af0000 - 0x00007ffe34afc000 	C:\Windows\SYSTEM32\CRYPTBASE.dll
0x00007ffe2d4c0000 - 0x00007ffe2d4d7000 	C:\Windows\SYSTEM32\dhcpcsvc6.DLL
0x00007ffe2e890000 - 0x00007ffe2e8ad000 	C:\Windows\SYSTEM32\dhcpcsvc.DLL
0x00007ffe23590000 - 0x00007ffe235b5000 	C:\Users\Facundo\.jdks\corretto-11.0.15\bin\sunec.dll

dbghelp: loaded successfully - version: 4.0.5 - missing functions: none
symbol engine: initialized successfully - sym options: 0x614 - pdb path: .;C:\Users\Facundo\.jdks\corretto-11.0.15\bin;C:\Windows\SYSTEM32;C:\Windows\WinSxS\amd64_microsoft.windows.common-controls_6595b64144ccf1df_6.0.19041.1110_none_60b5254171f9507e;C:\Users\Facundo\.jdks\corretto-11.0.15\bin\server;C:\Program Files\JetBrains\IntelliJ IDEA 2022.1.3\bin;C:\Users\Facundo\.openjfx\cache\11.0.2;C:\Windows\System32\DriverStore\FileRepository\u0372351.inf_amd64_d9136d66f2036415\B371894;C:\Program Files\Common Files\Microsoft Shared\Ink

VM Arguments:
jvm_args: -javaagent:C:\Program Files\JetBrains\IntelliJ IDEA 2022.1.3\lib\idea_rt.jar=58414:C:\Program Files\JetBrains\IntelliJ IDEA 2022.1.3\bin -Dfile.encoding=UTF-8 --module-path=C:\Users\Facundo\.m2\repository\org\postgresql\postgresql\42.2.8\postgresql-42.2.8.jar;C:\Users\Facundo\.m2\repository\org\openjfx\javafx-base\11.0.2\javafx-base-11.0.2-win.jar;C:\Users\Facundo\.m2\repository\org\openjfx\javafx-fxml\11.0.2\javafx-fxml-11.0.2-win.jar;C:\Users\Facundo\.m2\repository\org\openjfx\javafx-graphics\11.0.2\javafx-graphics-11.0.2-win.jar;C:\Users\Facundo\Desktop\Facultad 2022\Segundo Cuatrimestre\Sistemas Administrativos II\Sistema Contable\target\classes;C:\Users\Facundo\.m2\repository\org\openjfx\javafx-controls\11.0.2\javafx-controls-11.0.2-win.jar -Djdk.module.main=sistemacontable.sistemacontable 
java_command: sistemacontable.sistemacontable/sistemacontable.sistemacontable.HelloApplication
java_class_path (initial): C:\Users\Facundo\.m2\repository\org\openjfx\javafx-controls\11.0.2\javafx-controls-11.0.2.jar;C:\Users\Facundo\.m2\repository\org\openjfx\javafx-graphics\11.0.2\javafx-graphics-11.0.2.jar;C:\Users\Facundo\.m2\repository\org\openjfx\javafx-base\11.0.2\javafx-base-11.0.2.jar;C:\Users\Facundo\.m2\repository\org\openjfx\javafx-fxml\11.0.2\javafx-fxml-11.0.2.jar;C:\Users\Facundo\.m2\repository\org\testng\testng\7.5\testng-7.5.jar;C:\Users\Facundo\.m2\repository\com\google\code\findbugs\jsr305\3.0.1\jsr305-3.0.1.jar;C:\Users\Facundo\.m2\repository\org\slf4j\slf4j-api\1.7.32\slf4j-api-1.7.32.jar;C:\Users\Facundo\.m2\repository\com\beust\jcommander\1.78\jcommander-1.78.jar;C:\Users\Facundo\.m2\repository\org\webjars\jquery\3.5.1\jquery-3.5.1.jar
Launcher Type: SUN_STANDARD

[Global flags]
     intx CICompilerCount                          = 4                                         {product} {ergonomic}
     uint ConcGCThreads                            = 2                                         {product} {ergonomic}
     uint G1ConcRefinementThreads                  = 8                                         {product} {ergonomic}
   size_t G1HeapRegionSize                         = 1048576                                   {product} {ergonomic}
    uintx GCDrainStackTargetSize                   = 64                                        {product} {ergonomic}
   size_t InitialHeapSize                          = 100663296                                 {product} {ergonomic}
   size_t MarkStackSize                            = 4194304                                   {product} {ergonomic}
   size_t MaxHeapSize                              = 1581252608                                {product} {ergonomic}
   size_t MaxNewSize                               = 947912704                                 {product} {ergonomic}
   size_t MinHeapDeltaBytes                        = 1048576                                   {product} {ergonomic}
    uintx NonNMethodCodeHeapSize                   = 5836300                                {pd product} {ergonomic}
    uintx NonProfiledCodeHeapSize                  = 122910970                              {pd product} {ergonomic}
    uintx ProfiledCodeHeapSize                     = 122910970                              {pd product} {ergonomic}
    uintx ReservedCodeCacheSize                    = 251658240                              {pd product} {ergonomic}
     bool SegmentedCodeCache                       = true                                      {product} {ergonomic}
     bool UseCompressedClassPointers               = true                                 {lp64_product} {ergonomic}
     bool UseCompressedOops                        = true                                 {lp64_product} {ergonomic}
     bool UseG1GC                                  = true                                      {product} {ergonomic}
     bool UseLargePagesIndividualAllocation        = false                                  {pd product} {ergonomic}

Logging:
Log output configuration:
 #0: stdout all=warning uptime,level,tags
 #1: stderr all=off uptime,level,tags

Environment Variables:
PATH=C:\Program Files\Common Files\Oracle\Java\javapath;C:\Program Files (x86)\Common Files\Oracle\Java\javapath;C:\Windows\system32;C:\Windows;C:\Windows\System32\Wbem;C:\Windows\System32\WindowsPowerShell\v1.0\;C:\Windows\System32\OpenSSH\;C:\Program Files\Git\cmd;C:\Users\Facundo\AppData\Local\Microsoft\WindowsApps;
USERNAME=Facundo
OS=Windows_NT
PROCESSOR_IDENTIFIER=AMD64 Family 23 Model 24 Stepping 1, AuthenticAMD



---------------  S Y S T E M  ---------------

OS: Windows 10 , 64 bit Build 19041 (10.0.19041.1889)
OS uptime: 1 days 9:01 hours

CPU:total 8 (initial active 8) (8 cores per cpu, 2 threads per core) family 23 model 24 stepping 1 microcode 0x0, cmov, cx8, fxsr, mmx, sse, sse2, sse3, ssse3, sse4.1, sse4.2, popcnt, avx, avx2, aes, clmul, mmxext, 3dnowpref, lzcnt, sse4a, ht, tsc, tscinvbit, tscinv, bmi1, bmi2, adx, sha, fma

Memory: 4k page, system-wide physical 6030M (371M free)
TotalPageFile size 10382M (AvailPageFile size 1770M)
current process WorkingSet (physical memory assigned to process): 130M, peak: 167M
current process commit charge ("private bytes"): 248M, peak: 291M

vm_info: OpenJDK 64-Bit Server VM (11.0.15+9-LTS) for windows-amd64 JRE (11.0.15+9-LTS), built on Apr 15 2022 22:20:31 by "Administrator" with unknown MS VC++:1916

END.
