#
# A fatal error has been detected by the Java Runtime Environment:
#
#  EXCEPTION_ACCESS_VIOLATION (0xc0000005) at pc=0x00007ffe28bc6730, pid=10204, tid=9788
#
# JRE version: OpenJDK Runtime Environment Corretto-11.0.15.9.1 (11.0.15+9) (build 11.0.15+9-LTS)
# Java VM: OpenJDK 64-Bit Server VM Corretto-11.0.15.9.1 (11.0.15+9-LTS, mixed mode, tiered, compressed oops, g1 gc, windows-amd64)
# Problematic frame:
# C  [glass.dll+0x26730]
#
# No core dump will be written. Minidumps are not enabled by default on client versions of Windows
#
# If you would like to submit a bug report, please visit:
#   https://github.com/corretto/corretto-11/issues/
#

---------------  S U M M A R Y ------------

Command Line: -javaagent:C:\Program Files\JetBrains\IntelliJ IDEA 2022.1.3\lib\idea_rt.jar=56105:C:\Program Files\JetBrains\IntelliJ IDEA 2022.1.3\bin -Dfile.encoding=UTF-8 --module-path=C:\Users\Facundo\.m2\repository\org\postgresql\postgresql\42.2.8\postgresql-42.2.8.jar;C:\Users\Facundo\.m2\repository\org\openjfx\javafx-graphics\11.0.2\javafx-graphics-11.0.2-win.jar;C:\Users\Facundo\.m2\repository\org\openjfx\javafx-fxml\11.0.2\javafx-fxml-11.0.2-win.jar;C:\Users\Facundo\.m2\repository\org\openjfx\javafx-base\11.0.2\javafx-base-11.0.2-win.jar;C:\Users\Facundo\Desktop\Facultad 2022\Segundo Cuatrimestre\Sistemas Administrativos II\Sistema Contable\target\classes;C:\Users\Facundo\.m2\repository\org\openjfx\javafx-controls\11.0.2\javafx-controls-11.0.2-win.jar -Djdk.module.main=sistemacontable.sistemacontable sistemacontable.sistemacontable/sistemacontable.sistemacontable.HelloApplication

Host: AMD Ryzen 5 3450U with Radeon Vega Mobile Gfx  , 8 cores, 5G,  Windows 10 , 64 bit Build 19041 (10.0.19041.1889)
Time: Sun Sep 11 23:41:02 2022 Hora estándar de Argentina elapsed time: 16.769221 seconds (0d 0h 0m 16s)

---------------  T H R E A D  ---------------

Current thread (0x00000248c3020000):  VMThread "VM Thread" [stack: 0x0000008cb0500000,0x0000008cb0600000] [id=9788]

Stack: [0x0000008cb0500000,0x0000008cb0600000],  sp=0x0000008cb05fecc0,  free space=1019k
Native frames: (J=compiled Java code, j=interpreted, Vv=VM code, C=native code)
C  [glass.dll+0x26730]


siginfo: EXCEPTION_ACCESS_VIOLATION (0xc0000005), reading address 0x0000000000000000


Register to memory mapping:

RIP=0x00007ffe28bc6730 glass.dll
RAX=0x0 is NULL
RBX=0x00000248c305a7f0 is a global jni handle
RCX=0x00000248c3020000 points into unknown readable memory: 0x00007ffdedb7c4c8 | c8 c4 b7 ed fd 7f 00 00
RDX=0x0000008cb05fecc0 points into unknown readable memory: 0x0000000000000000 | 00 00 00 00 00 00 00 00
RSP=0x0000008cb05fecc0 points into unknown readable memory: 0x0000000000000000 | 00 00 00 00 00 00 00 00
RBP=0x00000248c3ebc118 points into unknown readable memory: 0x0000966b6cabecec | ec ec ab 6c 6b 96 00 00
RSI=0x00000248c3ebc0f0 points into unknown readable memory: 0xc36d166b6b540e67 | 67 0e 54 6b 6b 16 6d c3
RDI=0x0000966b6cabecec is an unknown value
R8 =0x0000000000010002 is an unknown value
R9 =0x0000966b6cabecec is an unknown value
R10=0x0000000000008000 is an unknown value
R11=0x0000008cb05fec60 points into unknown readable memory: 0x00000248c3ebc0f0 | f0 c0 eb c3 48 02 00 00
R12=0x00007ffe28bc3be0 glass.dll
R13=0x0000008cb2afecb0 is pointing into the stack for thread: 0x00000248c4890000
R14=0x0000008cb05fedc8 points into unknown readable memory: 0x0000008cb05fedb0 | b0 ed 5f b0 8c 00 00 00
R15=0x00000248c3ebc0f0 points into unknown readable memory: 0xc36d166b6b540e67 | 67 0e 54 6b 6b 16 6d c3


Registers:
RAX=0x0000000000000000, RBX=0x00000248c305a7f0, RCX=0x00000248c3020000, RDX=0x0000008cb05fecc0
RSP=0x0000008cb05fecc0, RBP=0x00000248c3ebc118, RSI=0x00000248c3ebc0f0, RDI=0x0000966b6cabecec
R8 =0x0000000000010002, R9 =0x0000966b6cabecec, R10=0x0000000000008000, R11=0x0000008cb05fec60
R12=0x00007ffe28bc3be0, R13=0x0000008cb2afecb0, R14=0x0000008cb05fedc8, R15=0x00000248c3ebc0f0
RIP=0x00007ffe28bc6730, EFLAGS=0x0000000000010206

Top of Stack: (sp=0x0000008cb05fecc0)
0x0000008cb05fecc0:   0000000000000000 00007ffe3530f05b
0x0000008cb05fecd0:   00000248c3ebc100 00000248c3ebc0f0
0x0000008cb05fece0:   fffffffffffffffe 00007ffe28bc3be0
0x0000008cb05fecf0:   00000248c3ebc0f8 00007ffe353142d6
0x0000008cb05fed00:   00000248c3ebc100 0000024800000000
0x0000008cb05fed10:   00000248c3ebc118 00000248c3ebc0f0
0x0000008cb05fed20:   fffffffffffffffe 0000000000000000
0x0000008cb05fed30:   0000000000000001 00007ffe28ba0000
0x0000008cb05fed40:   0000008cb05fedb8 00007ffe353141fb
0x0000008cb05fed50:   0000000000000000 0000008cb05fedc8
0x0000008cb05fed60:   0000008cb05ff080 00007ffe353f0e40
0x0000008cb05fed70:   0000000000000001 00007ffe353141b4
0x0000008cb05fed80:   0000000000000000 0000000000000001
0x0000008cb05fed90:   00007ffe0000000d 0000008cb05fedb8
0x0000008cb05feda0:   0000000000000000 00007ffe28bc3a60
0x0000008cb05fedb0:   00007ffe28bdd100 0000008c00000002 

Instructions: (pc=0x00007ffe28bc6730)
0x00007ffe28bc6630:   8b 4d 60 e8 d8 c9 ff ff 48 8b 55 68 48 8b 8d 08
0x00007ffe28bc6640:   01 00 00 e8 a9 be ff ff 33 d2 33 c9 e8 a9 de ff
0x00007ffe28bc6650:   ff 90 cc cc cc cc cc cc cc cc cc cc cc cc cc cc
0x00007ffe28bc6660:   48 8d 8a 80 00 00 00 e9 14 ea fe ff 48 89 54 24
0x00007ffe28bc6670:   10 55 48 83 ec 20 48 8b ea 48 8d 05 1d cb ff ff
0x00007ffe28bc6680:   48 83 c4 20 5d c3 cc 40 55 48 8b ea 48 8b 01 33
0x00007ffe28bc6690:   c9 81 38 05 00 00 c0 0f 94 c1 8b c1 5d c3 cc 40
0x00007ffe28bc66a0:   55 48 83 ec 20 48 8b ea 8a 4d 40 48 83 c4 20 5d
0x00007ffe28bc66b0:   e9 23 ce ff ff cc 40 55 48 83 ec 20 48 8b ea e8
0x00007ffe28bc66c0:   3c cc ff ff 8a 4d 38 48 83 c4 20 5d e9 07 ce ff
0x00007ffe28bc66d0:   ff cc 40 55 48 83 ec 30 48 8b ea 48 8b 01 8b 10
0x00007ffe28bc66e0:   48 89 4c 24 28 89 54 24 20 4c 8d 0d d0 d1 ff ff
0x00007ffe28bc66f0:   4c 8b 45 70 8b 55 68 48 8b 4d 60 e8 70 cb ff ff
0x00007ffe28bc6700:   90 48 83 c4 30 5d c3 cc cc cc cc cc cc cc cc cc
0x00007ffe28bc6710:   40 53 48 83 ec 30 48 c7 44 24 20 fe ff ff ff 48
0x00007ffe28bc6720:   8b 1d ea 63 01 00 48 85 db 74 16 e8 90 86 ff ff
0x00007ffe28bc6730:   4c 8b 00 48 8b d3 48 8b c8 41 ff 90 b0 00 00 00
0x00007ffe28bc6740:   90 48 83 c4 30 5b c3 cc cc cc cc cc cc cc cc cc
0x00007ffe28bc6750:   40 53 48 83 ec 20 48 8b 1d 4b 65 01 00 48 85 db
0x00007ffe28bc6760:   74 57 b8 ff ff ff ff f0 0f c1 43 10 83 f8 01 75
0x00007ffe28bc6770:   3d 48 85 db 74 38 48 8b 0b 48 85 c9 74 0d ff 15
0x00007ffe28bc6780:   24 0b 00 00 48 c7 03 00 00 00 00 48 8b 4b 08 48
0x00007ffe28bc6790:   85 c9 74 0d e8 77 c8 ff ff 48 c7 43 08 00 00 00
0x00007ffe28bc67a0:   00 ba 18 00 00 00 48 8b cb e8 62 c8 ff ff 48 c7
0x00007ffe28bc67b0:   05 ef 64 01 00 00 00 00 00 48 83 c4 20 5b c3 cc
0x00007ffe28bc67c0:   40 53 48 83 ec 20 48 8b 1d bb 64 01 00 48 85 db
0x00007ffe28bc67d0:   74 57 b8 ff ff ff ff f0 0f c1 43 10 83 f8 01 75
0x00007ffe28bc67e0:   3d 48 85 db 74 38 48 8b 0b 48 85 c9 74 0d ff 15
0x00007ffe28bc67f0:   b4 0a 00 00 48 c7 03 00 00 00 00 48 8b 4b 08 48
0x00007ffe28bc6800:   85 c9 74 0d e8 07 c8 ff ff 48 c7 43 08 00 00 00
0x00007ffe28bc6810:   00 ba 18 00 00 00 48 8b cb e8 f2 c7 ff ff 48 c7
0x00007ffe28bc6820:   05 5f 64 01 00 00 00 00 00 48 83 c4 20 5b c3 cc 


Stack slot to memory mapping:
stack at sp + 0 slots: 0x0 is NULL
stack at sp + 1 slots: 0x00007ffe3530f05b ucrtbase.dll
stack at sp + 2 slots: 0x00000248c3ebc100 points into unknown readable memory: 0x0000966b6cabecec | ec ec ab 6c 6b 96 00 00
stack at sp + 3 slots: 0x00000248c3ebc0f0 points into unknown readable memory: 0xc36d166b6b540e67 | 67 0e 54 6b 6b 16 6d c3
stack at sp + 4 slots: 0xfffffffffffffffe is an unknown value
stack at sp + 5 slots: 0x00007ffe28bc3be0 glass.dll
stack at sp + 6 slots: 0x00000248c3ebc0f8 points into unknown readable memory: 0x0000966b6cabecec | ec ec ab 6c 6b 96 00 00
stack at sp + 7 slots: 0x00007ffe353142d6 ucrtbase.dll

VM_Operation (0x0000008cb2afecb0): Exit, mode: safepoint, requested by thread 0x00000248c4890000


---------------  P R O C E S S  ---------------

Threads class SMR info:
_java_thread_list=0x00000248c4be0360, length=19, elements={
0x00000248a33c9000, 0x00000248c3053000, 0x00000248c3049800, 0x00000248c3a02800,
0x00000248c305c000, 0x00000248c305e000, 0x00000248c3062000, 0x00000248c306e800,
0x00000248c309a000, 0x00000248a34a0000, 0x00000248c457a800, 0x00000248c3cc1800,
0x00000248c4599800, 0x00000248c4729800, 0x00000248c4712000, 0x00000248c3e98800,
0x00000248c488a800, 0x00000248c488f800, 0x00000248c4890000
}

Java Threads: ( => current thread )
  0x00000248a33c9000 JavaThread "main" [_thread_blocked, id=8996, stack(0x0000008caff00000,0x0000008cb0000000)]
  0x00000248c3053000 JavaThread "Reference Handler" daemon [_thread_blocked, id=11236, stack(0x0000008cb0600000,0x0000008cb0700000)]
  0x00000248c3049800 JavaThread "Finalizer" daemon [_thread_blocked, id=11516, stack(0x0000008cb0700000,0x0000008cb0800000)]
  0x00000248c3a02800 JavaThread "Signal Dispatcher" daemon [_thread_blocked, id=8528, stack(0x0000008cb0800000,0x0000008cb0900000)]
  0x00000248c305c000 JavaThread "Attach Listener" daemon [_thread_blocked, id=1656, stack(0x0000008cb0900000,0x0000008cb0a00000)]
  0x00000248c305e000 JavaThread "Service Thread" daemon [_thread_blocked, id=2720, stack(0x0000008cb0a00000,0x0000008cb0b00000)]
  0x00000248c3062000 JavaThread "C2 CompilerThread0" daemon [_thread_blocked, id=7528, stack(0x0000008cb0b00000,0x0000008cb0c00000)]
  0x00000248c306e800 JavaThread "C1 CompilerThread0" daemon [_thread_blocked, id=4676, stack(0x0000008cb0c00000,0x0000008cb0d00000)]
  0x00000248c309a000 JavaThread "Sweeper thread" daemon [_thread_blocked, id=11336, stack(0x0000008cb0d00000,0x0000008cb0e00000)]
  0x00000248a34a0000 JavaThread "Common-Cleaner" daemon [_thread_blocked, id=6372, stack(0x0000008cb0e00000,0x0000008cb0f00000)]
  0x00000248c457a800 JavaThread "Monitor Ctrl-Break" daemon [_thread_in_native, id=9348, stack(0x0000008cb1100000,0x0000008cb1200000)]
  0x00000248c3cc1800 JavaThread "QuantumRenderer-0" daemon [_thread_blocked, id=10252, stack(0x0000008cb1000000,0x0000008cb1100000)]
  0x00000248c4599800 JavaThread "InvokeLaterDispatcher" daemon [_thread_blocked, id=5908, stack(0x0000008cb1500000,0x0000008cb1600000)]
  0x00000248c4729800 JavaThread "JavaFX Application Thread" [_thread_in_native, id=8068, stack(0x0000008cb1600000,0x0000008cb1700000)]
  0x00000248c4712000 JavaThread "Thread-1" daemon [_thread_in_native, id=12280, stack(0x0000008cb1d00000,0x0000008cb1e00000)]
  0x00000248c3e98800 JavaThread "JavaFX-Launcher" [_thread_blocked, id=5524, stack(0x0000008cb1e00000,0x0000008cb1f00000)]
  0x00000248c488a800 JavaThread "Prism Font Disposer" daemon [_thread_blocked, id=1276, stack(0x0000008cb0f00000,0x0000008cb1000000)]
  0x00000248c488f800 JavaThread "Cleaner-0" daemon [_thread_blocked, id=9268, stack(0x0000008cb2700000,0x0000008cb2800000)]
  0x00000248c4890000 JavaThread "SIGINT handler" daemon [_thread_blocked, id=6576, stack(0x0000008cb2a00000,0x0000008cb2b00000)]

Other Threads:
=>0x00000248c3020000 VMThread "VM Thread" [stack: 0x0000008cb0500000,0x0000008cb0600000] [id=9788]
  0x00000248a33e1800 GCTaskThread "GC Thread#0" [stack: 0x0000008cb0000000,0x0000008cb0100000] [id=8348]
  0x00000248c4b2b000 GCTaskThread "GC Thread#1" [stack: 0x0000008cb1f00000,0x0000008cb2000000] [id=6708]
  0x00000248c48ae000 GCTaskThread "GC Thread#2" [stack: 0x0000008cb2000000,0x0000008cb2100000] [id=5460]
  0x00000248c4b2d000 GCTaskThread "GC Thread#3" [stack: 0x0000008cb2100000,0x0000008cb2200000] [id=7948]
  0x00000248c4b2d800 GCTaskThread "GC Thread#4" [stack: 0x0000008cb2200000,0x0000008cb2300000] [id=10888]
  0x00000248c4b34800 GCTaskThread "GC Thread#5" [stack: 0x0000008cb2300000,0x0000008cb2400000] [id=5044]
  0x00000248a3408000 ConcurrentGCThread "G1 Main Marker" [stack: 0x0000008cb0100000,0x0000008cb0200000] [id=6972]
  0x00000248a3409800 ConcurrentGCThread "G1 Conc#0" [stack: 0x0000008cb0200000,0x0000008cb0300000] [id=4648]
  0x00000248c4d81000 ConcurrentGCThread "G1 Conc#1" [stack: 0x0000008cb2500000,0x0000008cb2600000] [id=7336]
  0x00000248a348e800 ConcurrentGCThread "G1 Refine#0" [stack: 0x0000008cb0300000,0x0000008cb0400000] [id=9976]
  0x00000248a348f800 ConcurrentGCThread "G1 Young RemSet Sampling" [stack: 0x0000008cb0400000,0x0000008cb0500000] [id=5076]

Threads with active compile tasks:

VM state:at safepoint (shutting down)

VM Mutex/Monitor currently owned by a thread:  ([mutex/lock_event])
[0x00000248a33c4f00] Threads_lock - owner thread: 0x00000248c3020000

Heap address: 0x00000000a1c00000, size: 1508 MB, Compressed Oops mode: 32-bit
Narrow klass base: 0x0000000000000000, Narrow klass shift: 3
Compressed class space size: 1073741824 Address: 0x0000000100000000

Heap:
 garbage-first heap   total 98304K, used 39527K [0x00000000a1c00000, 0x0000000100000000)
  region size 1024K, 38 young (38912K), 7 survivors (7168K)
 Metaspace       used 28177K, capacity 29117K, committed 29360K, reserved 1075200K
  class space    used 3369K, capacity 3786K, committed 3840K, reserved 1048576K
Heap Regions: E=young(eden), S=young(survivor), O=old, HS=humongous(starts), HC=humongous(continues), CS=collection set, F=free, A=archive, TAMS=top-at-mark-start (previous, next)
|   0|0x00000000a1c00000, 0x00000000a1cd6400, 0x00000000a1d00000| 83%| O|  |TAMS 0x00000000a1cd6400, 0x00000000a1c00000| Untracked 
|   1|0x00000000a1d00000, 0x00000000a1e00000, 0x00000000a1e00000|100%|HS|  |TAMS 0x00000000a1d00000, 0x00000000a1d00000| Complete 
|   2|0x00000000a1e00000, 0x00000000a1f00000, 0x00000000a1f00000|100%|HC|  |TAMS 0x00000000a1e00000, 0x00000000a1e00000| Complete 
|   3|0x00000000a1f00000, 0x00000000a1f00000, 0x00000000a2000000|  0%| F|  |TAMS 0x00000000a1f00000, 0x00000000a1f00000| Untracked 
|   4|0x00000000a2000000, 0x00000000a2000000, 0x00000000a2100000|  0%| F|  |TAMS 0x00000000a2000000, 0x00000000a2000000| Untracked 
|   5|0x00000000a2100000, 0x00000000a2100000, 0x00000000a2200000|  0%| F|  |TAMS 0x00000000a2100000, 0x00000000a2100000| Untracked 
|   6|0x00000000a2200000, 0x00000000a2200000, 0x00000000a2300000|  0%| F|  |TAMS 0x00000000a2200000, 0x00000000a2200000| Untracked 
|   7|0x00000000a2300000, 0x00000000a2300000, 0x00000000a2400000|  0%| F|  |TAMS 0x00000000a2300000, 0x00000000a2300000| Untracked 
|   8|0x00000000a2400000, 0x00000000a2400000, 0x00000000a2500000|  0%| F|  |TAMS 0x00000000a2400000, 0x00000000a2400000| Untracked 
|   9|0x00000000a2500000, 0x00000000a2500000, 0x00000000a2600000|  0%| F|  |TAMS 0x00000000a2500000, 0x00000000a2500000| Untracked 
|  10|0x00000000a2600000, 0x00000000a2600000, 0x00000000a2700000|  0%| F|  |TAMS 0x00000000a2600000, 0x00000000a2600000| Untracked 
|  11|0x00000000a2700000, 0x00000000a2700000, 0x00000000a2800000|  0%| F|  |TAMS 0x00000000a2700000, 0x00000000a2700000| Untracked 
|  12|0x00000000a2800000, 0x00000000a2800000, 0x00000000a2900000|  0%| F|  |TAMS 0x00000000a2800000, 0x00000000a2800000| Untracked 
|  13|0x00000000a2900000, 0x00000000a2900000, 0x00000000a2a00000|  0%| F|  |TAMS 0x00000000a2900000, 0x00000000a2900000| Untracked 
|  14|0x00000000a2a00000, 0x00000000a2a00000, 0x00000000a2b00000|  0%| F|  |TAMS 0x00000000a2a00000, 0x00000000a2a00000| Untracked 
|  15|0x00000000a2b00000, 0x00000000a2b00000, 0x00000000a2c00000|  0%| F|  |TAMS 0x00000000a2b00000, 0x00000000a2b00000| Untracked 
|  16|0x00000000a2c00000, 0x00000000a2c00000, 0x00000000a2d00000|  0%| F|  |TAMS 0x00000000a2c00000, 0x00000000a2c00000| Untracked 
|  17|0x00000000a2d00000, 0x00000000a2d00000, 0x00000000a2e00000|  0%| F|  |TAMS 0x00000000a2d00000, 0x00000000a2d00000| Untracked 
|  18|0x00000000a2e00000, 0x00000000a2e00000, 0x00000000a2f00000|  0%| F|  |TAMS 0x00000000a2e00000, 0x00000000a2e00000| Untracked 
|  19|0x00000000a2f00000, 0x00000000a2f00000, 0x00000000a3000000|  0%| F|  |TAMS 0x00000000a2f00000, 0x00000000a2f00000| Untracked 
|  20|0x00000000a3000000, 0x00000000a3000000, 0x00000000a3100000|  0%| F|  |TAMS 0x00000000a3000000, 0x00000000a3000000| Untracked 
|  21|0x00000000a3100000, 0x00000000a3100000, 0x00000000a3200000|  0%| F|  |TAMS 0x00000000a3100000, 0x00000000a3100000| Untracked 
|  22|0x00000000a3200000, 0x00000000a3200000, 0x00000000a3300000|  0%| F|  |TAMS 0x00000000a3200000, 0x00000000a3200000| Untracked 
|  23|0x00000000a3300000, 0x00000000a3300000, 0x00000000a3400000|  0%| F|  |TAMS 0x00000000a3300000, 0x00000000a3300000| Untracked 
|  24|0x00000000a3400000, 0x00000000a3400000, 0x00000000a3500000|  0%| F|  |TAMS 0x00000000a3400000, 0x00000000a3400000| Untracked 
|  25|0x00000000a3500000, 0x00000000a3500000, 0x00000000a3600000|  0%| F|  |TAMS 0x00000000a3500000, 0x00000000a3500000| Untracked 
|  26|0x00000000a3600000, 0x00000000a3600000, 0x00000000a3700000|  0%| F|  |TAMS 0x00000000a3600000, 0x00000000a3600000| Untracked 
|  27|0x00000000a3700000, 0x00000000a3700000, 0x00000000a3800000|  0%| F|  |TAMS 0x00000000a3700000, 0x00000000a3700000| Untracked 
|  28|0x00000000a3800000, 0x00000000a3800000, 0x00000000a3900000|  0%| F|  |TAMS 0x00000000a3800000, 0x00000000a3800000| Untracked 
|  29|0x00000000a3900000, 0x00000000a3900000, 0x00000000a3a00000|  0%| F|  |TAMS 0x00000000a3900000, 0x00000000a3900000| Untracked 
|  30|0x00000000a3a00000, 0x00000000a3a00000, 0x00000000a3b00000|  0%| F|  |TAMS 0x00000000a3a00000, 0x00000000a3a00000| Untracked 
|  31|0x00000000a3b00000, 0x00000000a3b00000, 0x00000000a3c00000|  0%| F|  |TAMS 0x00000000a3b00000, 0x00000000a3b00000| Untracked 
|  32|0x00000000a3c00000, 0x00000000a3c00000, 0x00000000a3d00000|  0%| F|  |TAMS 0x00000000a3c00000, 0x00000000a3c00000| Untracked 
|  33|0x00000000a3d00000, 0x00000000a3d00000, 0x00000000a3e00000|  0%| F|  |TAMS 0x00000000a3d00000, 0x00000000a3d00000| Untracked 
|  34|0x00000000a3e00000, 0x00000000a3e00000, 0x00000000a3f00000|  0%| F|  |TAMS 0x00000000a3e00000, 0x00000000a3e00000| Untracked 
|  35|0x00000000a3f00000, 0x00000000a3f00000, 0x00000000a4000000|  0%| F|  |TAMS 0x00000000a3f00000, 0x00000000a3f00000| Untracked 
|  36|0x00000000a4000000, 0x00000000a4000000, 0x00000000a4100000|  0%| F|  |TAMS 0x00000000a4000000, 0x00000000a4000000| Untracked 
|  37|0x00000000a4100000, 0x00000000a4100000, 0x00000000a4200000|  0%| F|  |TAMS 0x00000000a4100000, 0x00000000a4100000| Untracked 
|  38|0x00000000a4200000, 0x00000000a4200000, 0x00000000a4300000|  0%| F|  |TAMS 0x00000000a4200000, 0x00000000a4200000| Untracked 
|  39|0x00000000a4300000, 0x00000000a4300000, 0x00000000a4400000|  0%| F|  |TAMS 0x00000000a4300000, 0x00000000a4300000| Untracked 
|  40|0x00000000a4400000, 0x00000000a4400000, 0x00000000a4500000|  0%| F|  |TAMS 0x00000000a4400000, 0x00000000a4400000| Untracked 
|  41|0x00000000a4500000, 0x00000000a4500000, 0x00000000a4600000|  0%| F|  |TAMS 0x00000000a4500000, 0x00000000a4500000| Untracked 
|  42|0x00000000a4600000, 0x00000000a4600000, 0x00000000a4700000|  0%| F|  |TAMS 0x00000000a4600000, 0x00000000a4600000| Untracked 
|  43|0x00000000a4700000, 0x00000000a4700000, 0x00000000a4800000|  0%| F|  |TAMS 0x00000000a4700000, 0x00000000a4700000| Untracked 
|  44|0x00000000a4800000, 0x00000000a4800000, 0x00000000a4900000|  0%| F|  |TAMS 0x00000000a4800000, 0x00000000a4800000| Untracked 
|  45|0x00000000a4900000, 0x00000000a4900000, 0x00000000a4a00000|  0%| F|  |TAMS 0x00000000a4900000, 0x00000000a4900000| Untracked 
|  46|0x00000000a4a00000, 0x00000000a4a00000, 0x00000000a4b00000|  0%| F|  |TAMS 0x00000000a4a00000, 0x00000000a4a00000| Untracked 
|  47|0x00000000a4b00000, 0x00000000a4b00000, 0x00000000a4c00000|  0%| F|  |TAMS 0x00000000a4b00000, 0x00000000a4b00000| Untracked 
|  48|0x00000000a4c00000, 0x00000000a4c00000, 0x00000000a4d00000|  0%| F|  |TAMS 0x00000000a4c00000, 0x00000000a4c00000| Untracked 
|  49|0x00000000a4d00000, 0x00000000a4d00000, 0x00000000a4e00000|  0%| F|  |TAMS 0x00000000a4d00000, 0x00000000a4d00000| Untracked 
|  50|0x00000000a4e00000, 0x00000000a4e00000, 0x00000000a4f00000|  0%| F|  |TAMS 0x00000000a4e00000, 0x00000000a4e00000| Untracked 
|  51|0x00000000a4f00000, 0x00000000a4f00000, 0x00000000a5000000|  0%| F|  |TAMS 0x00000000a4f00000, 0x00000000a4f00000| Untracked 
|  52|0x00000000a5000000, 0x00000000a5000000, 0x00000000a5100000|  0%| F|  |TAMS 0x00000000a5000000, 0x00000000a5000000| Untracked 
|  53|0x00000000a5100000, 0x00000000a5100000, 0x00000000a5200000|  0%| F|  |TAMS 0x00000000a5100000, 0x00000000a5100000| Untracked 
|  54|0x00000000a5200000, 0x00000000a5200000, 0x00000000a5300000|  0%| F|  |TAMS 0x00000000a5200000, 0x00000000a5200000| Untracked 
|  55|0x00000000a5300000, 0x00000000a5300000, 0x00000000a5400000|  0%| F|  |TAMS 0x00000000a5300000, 0x00000000a5300000| Untracked 
|  56|0x00000000a5400000, 0x00000000a5400000, 0x00000000a5500000|  0%| F|  |TAMS 0x00000000a5400000, 0x00000000a5400000| Untracked 
|  57|0x00000000a5500000, 0x00000000a5500000, 0x00000000a5600000|  0%| F|  |TAMS 0x00000000a5500000, 0x00000000a5500000| Untracked 
|  58|0x00000000a5600000, 0x00000000a56224c0, 0x00000000a5700000| 13%| E|  |TAMS 0x00000000a5600000, 0x00000000a5600000| Complete 
|  59|0x00000000a5700000, 0x00000000a5800000, 0x00000000a5800000|100%| E|CS|TAMS 0x00000000a5700000, 0x00000000a5700000| Complete 
|  60|0x00000000a5800000, 0x00000000a5900000, 0x00000000a5900000|100%| E|CS|TAMS 0x00000000a5800000, 0x00000000a5800000| Complete 
|  61|0x00000000a5900000, 0x00000000a5a00000, 0x00000000a5a00000|100%| E|CS|TAMS 0x00000000a5900000, 0x00000000a5900000| Complete 
|  62|0x00000000a5a00000, 0x00000000a5ac3b80, 0x00000000a5b00000| 76%| S|CS|TAMS 0x00000000a5a00000, 0x00000000a5a00000| Complete 
|  63|0x00000000a5b00000, 0x00000000a5c00000, 0x00000000a5c00000|100%| S|CS|TAMS 0x00000000a5b00000, 0x00000000a5b00000| Complete 
|  64|0x00000000a5c00000, 0x00000000a5d00000, 0x00000000a5d00000|100%| S|CS|TAMS 0x00000000a5c00000, 0x00000000a5c00000| Complete 
|  65|0x00000000a5d00000, 0x00000000a5e00000, 0x00000000a5e00000|100%| S|CS|TAMS 0x00000000a5d00000, 0x00000000a5d00000| Complete 
|  66|0x00000000a5e00000, 0x00000000a5f00000, 0x00000000a5f00000|100%| S|CS|TAMS 0x00000000a5e00000, 0x00000000a5e00000| Complete 
|  67|0x00000000a5f00000, 0x00000000a6000000, 0x00000000a6000000|100%| S|CS|TAMS 0x00000000a5f00000, 0x00000000a5f00000| Complete 
|  68|0x00000000a6000000, 0x00000000a6100000, 0x00000000a6100000|100%| S|CS|TAMS 0x00000000a6000000, 0x00000000a6000000| Complete 
|  69|0x00000000a6100000, 0x00000000a6200000, 0x00000000a6200000|100%| E|  |TAMS 0x00000000a6100000, 0x00000000a6100000| Complete 
|  70|0x00000000a6200000, 0x00000000a6300000, 0x00000000a6300000|100%| E|CS|TAMS 0x00000000a6200000, 0x00000000a6200000| Complete 
|  71|0x00000000a6300000, 0x00000000a6400000, 0x00000000a6400000|100%| E|CS|TAMS 0x00000000a6300000, 0x00000000a6300000| Complete 
|  72|0x00000000a6400000, 0x00000000a6500000, 0x00000000a6500000|100%| E|CS|TAMS 0x00000000a6400000, 0x00000000a6400000| Complete 
|  73|0x00000000a6500000, 0x00000000a6600000, 0x00000000a6600000|100%| E|CS|TAMS 0x00000000a6500000, 0x00000000a6500000| Complete 
|  74|0x00000000a6600000, 0x00000000a6700000, 0x00000000a6700000|100%| E|CS|TAMS 0x00000000a6600000, 0x00000000a6600000| Complete 
|  75|0x00000000a6700000, 0x00000000a6800000, 0x00000000a6800000|100%| E|CS|TAMS 0x00000000a6700000, 0x00000000a6700000| Complete 
|  76|0x00000000a6800000, 0x00000000a6900000, 0x00000000a6900000|100%| E|CS|TAMS 0x00000000a6800000, 0x00000000a6800000| Complete 
|  77|0x00000000a6900000, 0x00000000a6a00000, 0x00000000a6a00000|100%| E|CS|TAMS 0x00000000a6900000, 0x00000000a6900000| Complete 
|  78|0x00000000a6a00000, 0x00000000a6b00000, 0x00000000a6b00000|100%| E|CS|TAMS 0x00000000a6a00000, 0x00000000a6a00000| Complete 
|  79|0x00000000a6b00000, 0x00000000a6c00000, 0x00000000a6c00000|100%| E|CS|TAMS 0x00000000a6b00000, 0x00000000a6b00000| Complete 
|  80|0x00000000a6c00000, 0x00000000a6d00000, 0x00000000a6d00000|100%| E|CS|TAMS 0x00000000a6c00000, 0x00000000a6c00000| Complete 
|  81|0x00000000a6d00000, 0x00000000a6e00000, 0x00000000a6e00000|100%| E|CS|TAMS 0x00000000a6d00000, 0x00000000a6d00000| Complete 
|  82|0x00000000a6e00000, 0x00000000a6f00000, 0x00000000a6f00000|100%| E|CS|TAMS 0x00000000a6e00000, 0x00000000a6e00000| Complete 
|  83|0x00000000a6f00000, 0x00000000a7000000, 0x00000000a7000000|100%| E|CS|TAMS 0x00000000a6f00000, 0x00000000a6f00000| Complete 
|  84|0x00000000a7000000, 0x00000000a7100000, 0x00000000a7100000|100%| E|CS|TAMS 0x00000000a7000000, 0x00000000a7000000| Complete 
|  85|0x00000000a7100000, 0x00000000a7200000, 0x00000000a7200000|100%| E|CS|TAMS 0x00000000a7100000, 0x00000000a7100000| Complete 
|  86|0x00000000a7200000, 0x00000000a7300000, 0x00000000a7300000|100%| E|CS|TAMS 0x00000000a7200000, 0x00000000a7200000| Complete 
|  87|0x00000000a7300000, 0x00000000a7400000, 0x00000000a7400000|100%| E|CS|TAMS 0x00000000a7300000, 0x00000000a7300000| Complete 
|  88|0x00000000a7400000, 0x00000000a7500000, 0x00000000a7500000|100%| E|CS|TAMS 0x00000000a7400000, 0x00000000a7400000| Complete 
|  89|0x00000000a7500000, 0x00000000a7600000, 0x00000000a7600000|100%| E|CS|TAMS 0x00000000a7500000, 0x00000000a7500000| Complete 
|  90|0x00000000a7600000, 0x00000000a7700000, 0x00000000a7700000|100%| E|CS|TAMS 0x00000000a7600000, 0x00000000a7600000| Complete 
|  91|0x00000000a7700000, 0x00000000a7800000, 0x00000000a7800000|100%| E|CS|TAMS 0x00000000a7700000, 0x00000000a7700000| Complete 
|  92|0x00000000a7800000, 0x00000000a7900000, 0x00000000a7900000|100%| E|CS|TAMS 0x00000000a7800000, 0x00000000a7800000| Complete 
|  93|0x00000000a7900000, 0x00000000a7a00000, 0x00000000a7a00000|100%| E|CS|TAMS 0x00000000a7900000, 0x00000000a7900000| Complete 
|  94|0x00000000a7a00000, 0x00000000a7b00000, 0x00000000a7b00000|100%| E|CS|TAMS 0x00000000a7a00000, 0x00000000a7a00000| Complete 
|  95|0x00000000a7b00000, 0x00000000a7c00000, 0x00000000a7c00000|100%| E|CS|TAMS 0x00000000a7b00000, 0x00000000a7b00000| Complete 

Card table byte_map: [0x00000248bd080000,0x00000248bd380000] _byte_map_base: 0x00000248bcb72000

Marking Bits (Prev, Next): (CMBitMap*) 0x00000248a3401700, (CMBitMap*) 0x00000248a34016c8
 Prev Bits: [0x00000248bee10000, 0x00000248c05a0000)
 Next Bits: [0x00000248bd680000, 0x00000248bee10000)

Polling page: 0x00000248a34b0000

Metaspace:

Usage:
  Non-class:     24.74 MB capacity,    24.23 MB ( 98%) used,   417.83 KB (  2%) free+waste,   104.75 KB ( <1%) overhead. 
      Class:      3.70 MB capacity,     3.29 MB ( 89%) used,   363.43 KB ( 10%) free+waste,    53.00 KB (  1%) overhead. 
       Both:     28.43 MB capacity,    27.52 MB ( 97%) used,   781.26 KB (  3%) free+waste,   157.75 KB ( <1%) overhead. 

Virtual space:
  Non-class space:       26.00 MB reserved,      24.92 MB ( 96%) committed 
      Class space:        1.00 GB reserved,       3.75 MB ( <1%) committed 
             Both:        1.03 GB reserved,      28.67 MB (  3%) committed 

Chunk freelists:
   Non-Class:  0 bytes
       Class:  22.00 KB
        Both:  22.00 KB

MaxMetaspaceSize: 17179869184.00 GB
CompressedClassSpaceSize: 1.00 GB
Initial GC threshold: 20.80 MB
Current GC threshold: 35.08 MB
CDS: off

CodeHeap 'non-profiled nmethods': size=120000Kb used=1392Kb max_used=1392Kb free=118607Kb
 bounds [0x00000248b4df0000, 0x00000248b5060000, 0x00000248bc320000]
CodeHeap 'profiled nmethods': size=120000Kb used=6423Kb max_used=6423Kb free=113576Kb
 bounds [0x00000248ad8c0000, 0x00000248adf10000, 0x00000248b4df0000]
CodeHeap 'non-nmethods': size=5760Kb used=1454Kb max_used=1485Kb free=4305Kb
 bounds [0x00000248ad320000, 0x00000248ad590000, 0x00000248ad8c0000]
 total_blobs=4177 nmethods=3380 adapters=709
 compilation: enabled
              stopped_count=0, restarted_count=0
 full_count=0

Compilation events (20 events):
Event: 14.100 Thread 0x00000248c306e800 3372       3       com.sun.javafx.geom.transform.Affine3D::deltaTransform (126 bytes)
Event: 14.101 Thread 0x00000248c306e800 nmethod 3372 0x00000248adefd490 code [0x00000248adefd660, 0x00000248adefd9e8]
Event: 14.106 Thread 0x00000248c3062000 3374       4       com.sun.javafx.geom.RectBounds::deriveWithNewBounds (96 bytes)
Event: 14.106 Thread 0x00000248c306e800 3375       3       javafx.scene.input.PickResult::<init> (50 bytes)
Event: 14.106 Thread 0x00000248c306e800 nmethod 3375 0x00000248adefdb90 code [0x00000248adefdd60, 0x00000248adefe058]
Event: 14.106 Thread 0x00000248c306e800 3376       3       com.sun.javafx.event.CompositeEventHandler$NormalEventHandlerRecord::handleCapturingEvent (1 bytes)
Event: 14.106 Thread 0x00000248c306e800 nmethod 3376 0x00000248adefe110 code [0x00000248adefe2c0, 0x00000248adefe3b8]
Event: 14.107 Thread 0x00000248c3062000 nmethod 3374 0x00000248b4f4bd90 code [0x00000248b4f4bf20, 0x00000248b4f4c038]
Event: 14.114 Thread 0x00000248c306e800 3377       3       com.sun.javafx.event.CompositeEventHandler$NormalEventHandlerRecord::handleBubblingEvent (11 bytes)
Event: 14.114 Thread 0x00000248c306e800 nmethod 3377 0x00000248adefe490 code [0x00000248adefe640, 0x00000248adefe808]
Event: 14.114 Thread 0x00000248c306e800 3378       3       javafx.beans.property.BooleanPropertyBase::fireValueChangedEvent (8 bytes)
Event: 14.114 Thread 0x00000248c306e800 nmethod 3378 0x00000248adefe910 code [0x00000248adefeae0, 0x00000248adefed28]
Event: 14.122 Thread 0x00000248c306e800 3379       3       java.lang.Math::toRadians (6 bytes)
Event: 14.122 Thread 0x00000248c306e800 nmethod 3379 0x00000248adefee10 code [0x00000248adefefe0, 0x00000248adeff0b8]
Event: 14.130 Thread 0x00000248c306e800 3380       3       javafx.scene.Scene$MouseHandler::access$1200 (7 bytes)
Event: 14.130 Thread 0x00000248c306e800 nmethod 3380 0x00000248adeff190 code [0x00000248adeff340, 0x00000248adeff448]
Event: 14.130 Thread 0x00000248c306e800 3381       3       javafx.scene.Scene$MouseHandler::process (735 bytes)
Event: 14.133 Thread 0x00000248c306e800 nmethod 3381 0x00000248adeff510 code [0x00000248adeffb20, 0x00000248adf02f98]
Event: 14.185 Thread 0x00000248c306e800 3382       3       javafx.scene.Scene::getEffectiveCamera (80 bytes)
Event: 14.187 Thread 0x00000248c306e800 nmethod 3382 0x00000248adf03f90 code [0x00000248adf042c0, 0x00000248adf057d8]

GC Heap History (4 events):
Event: 1.172 GC heap before
{Heap before GC invocations=0 (full 0):
 garbage-first heap   total 98304K, used 23552K [0x00000000a1c00000, 0x0000000100000000)
  region size 1024K, 24 young (24576K), 0 survivors (0K)
 Metaspace       used 13066K, capacity 13445K, committed 13568K, reserved 1060864K
  class space    used 1362K, capacity 1533K, committed 1536K, reserved 1048576K
}
Event: 1.177 GC heap after
{Heap after GC invocations=1 (full 0):
 garbage-first heap   total 98304K, used 3929K [0x00000000a1c00000, 0x0000000100000000)
  region size 1024K, 3 young (3072K), 3 survivors (3072K)
 Metaspace       used 13066K, capacity 13445K, committed 13568K, reserved 1060864K
  class space    used 1362K, capacity 1533K, committed 1536K, reserved 1048576K
}
Event: 1.960 GC heap before
{Heap before GC invocations=1 (full 0):
 garbage-first heap   total 98304K, used 27481K [0x00000000a1c00000, 0x0000000100000000)
  region size 1024K, 27 young (27648K), 3 survivors (3072K)
 Metaspace       used 20562K, capacity 21132K, committed 21296K, reserved 1069056K
  class space    used 2372K, capacity 2620K, committed 2688K, reserved 1048576K
}
Event: 1.968 GC heap after
{Heap after GC invocations=2 (full 0):
 garbage-first heap   total 98304K, used 7783K [0x00000000a1c00000, 0x0000000100000000)
  region size 1024K, 7 young (7168K), 7 survivors (7168K)
 Metaspace       used 20562K, capacity 21132K, committed 21296K, reserved 1069056K
  class space    used 2372K, capacity 2620K, committed 2688K, reserved 1048576K
}

Deoptimization events (20 events):
Event: 10.925 Thread 0x00000248c4729800 DEOPT PACKING pc=0x00000248adc160c5 sp=0x0000008cb16fa5c0
Event: 10.925 Thread 0x00000248c4729800 DEOPT UNPACKING pc=0x00000248ad36a95e sp=0x0000008cb16f9a80 mode 0
Event: 10.925 Thread 0x00000248c4729800 DEOPT PACKING pc=0x00000248adc160c5 sp=0x0000008cb16fa5c0
Event: 10.925 Thread 0x00000248c4729800 DEOPT UNPACKING pc=0x00000248ad36a95e sp=0x0000008cb16f9a80 mode 0
Event: 10.925 Thread 0x00000248c4729800 DEOPT PACKING pc=0x00000248adc160c5 sp=0x0000008cb16fa5c0
Event: 10.925 Thread 0x00000248c4729800 DEOPT UNPACKING pc=0x00000248ad36a95e sp=0x0000008cb16f9a80 mode 0
Event: 10.925 Thread 0x00000248c4729800 DEOPT PACKING pc=0x00000248adc160c5 sp=0x0000008cb16fa5c0
Event: 10.925 Thread 0x00000248c4729800 DEOPT UNPACKING pc=0x00000248ad36a95e sp=0x0000008cb16f9a80 mode 0
Event: 10.925 Thread 0x00000248c4729800 DEOPT PACKING pc=0x00000248adc160c5 sp=0x0000008cb16fa5c0
Event: 10.925 Thread 0x00000248c4729800 DEOPT UNPACKING pc=0x00000248ad36a95e sp=0x0000008cb16f9a80 mode 0
Event: 10.944 Thread 0x00000248c3cc1800 DEOPT PACKING pc=0x00000248adcd011c sp=0x0000008cb10fd550
Event: 10.944 Thread 0x00000248c3cc1800 DEOPT UNPACKING pc=0x00000248ad36a95e sp=0x0000008cb10fc970 mode 0
Event: 10.980 Thread 0x00000248c3cc1800 DEOPT PACKING pc=0x00000248adc37b5f sp=0x0000008cb10fd900
Event: 10.981 Thread 0x00000248c3cc1800 DEOPT UNPACKING pc=0x00000248ad36a95e sp=0x0000008cb10fcd90 mode 0
Event: 12.447 Thread 0x00000248c4729800 DEOPT PACKING pc=0x00000248adaea8d5 sp=0x0000008cb16f5760
Event: 12.447 Thread 0x00000248c4729800 DEOPT UNPACKING pc=0x00000248ad36a95e sp=0x0000008cb16f4c58 mode 0
Event: 12.453 Thread 0x00000248c4729800 DEOPT PACKING pc=0x00000248adaea8d5 sp=0x0000008cb16f5620
Event: 12.453 Thread 0x00000248c4729800 DEOPT UNPACKING pc=0x00000248ad36a95e sp=0x0000008cb16f4b18 mode 0
Event: 12.454 Thread 0x00000248c4729800 DEOPT PACKING pc=0x00000248adaea8d5 sp=0x0000008cb16f5620
Event: 12.454 Thread 0x00000248c4729800 DEOPT UNPACKING pc=0x00000248ad36a95e sp=0x0000008cb16f4b18 mode 0

Classes redefined (0 events):
No events

Internal exceptions (20 events):
Event: 2.021 Thread 0x00000248c4729800 Exception <a 'java/lang/IncompatibleClassChangeError'{0x00000000a791be28}: Found class java.lang.Object, but interface was expected> (0x00000000a791be28) thrown at [./src/hotspot/share/interpreter/linkResolver.cpp, line 839]
Event: 2.086 Thread 0x00000248c4729800 Exception <a 'java/lang/ClassNotFoundException'{0x00000000a77a1658}: com/sun/javafx/scene/control/skin/resources/controls> (0x00000000a77a1658) thrown at [./src/hotspot/share/prims/jni.cpp, line 638]
Event: 2.087 Thread 0x00000248c4729800 Exception <a 'java/lang/ClassNotFoundException'{0x00000000a77af1b0}: com/sun/javafx/scene/control/skin/resources/controls_es> (0x00000000a77af1b0) thrown at [./src/hotspot/share/prims/jni.cpp, line 638]
Event: 2.088 Thread 0x00000248c4729800 Exception <a 'java/lang/ClassNotFoundException'{0x00000000a77bc9c8}: com/sun/javafx/scene/control/skin/resources/controls_es_AR> (0x00000000a77bc9c8) thrown at [./src/hotspot/share/prims/jni.cpp, line 638]
Event: 2.129 Thread 0x00000248c4729800 Exception <a 'java/lang/NoSuchMethodError'{0x00000000a7533d88}: 'void java.lang.invoke.DirectMethodHandle$Holder.invokeSpecial(java.lang.Object, java.lang.Object, java.lang.Object, java.lang.Object, java.lang.Object, java.lang.Object)'> (0x00000000a7533d88) thrown at [./src/hotspot/share/interpreter/linkResolver.cpp, line 773]
Event: 2.274 Thread 0x00000248c3cc1800 Exception <a 'java/lang/NoSuchMethodError'{0x00000000a7019808}: 'int java.lang.invoke.DirectMethodHandle$Holder.invokeStaticInit(java.lang.Object, java.lang.Object)'> (0x00000000a7019808) thrown at [./src/hotspot/share/interpreter/linkResolver.cpp, line 773]
Event: 3.857 Thread 0x00000248c4729800 Exception <a 'java/lang/NoSuchMethodError'{0x00000000a6dc8d28}: 'long java.lang.invoke.DirectMethodHandle$Holder.invokeStaticInit(java.lang.Object, java.lang.Object, java.lang.Object)'> (0x00000000a6dc8d28) thrown at [./src/hotspot/share/interpreter/linkResolver.cpp, line 773]
Event: 3.859 Thread 0x00000248c4729800 Exception <a 'java/lang/NoSuchMethodError'{0x00000000a6de1370}: 'java.lang.Object java.lang.invoke.DirectMethodHandle$Holder.invokeStatic(java.lang.Object, java.lang.Object, long)'> (0x00000000a6de1370) thrown at [./src/hotspot/share/interpreter/linkResolver.cpp, line 773]
Event: 3.859 Thread 0x00000248c4729800 Exception <a 'java/lang/NoSuchMethodError'{0x00000000a6de74e8}: 'java.lang.Object java.lang.invoke.Invokers$Holder.linkToTargetMethod(java.lang.Object, long, java.lang.Object)'> (0x00000000a6de74e8) thrown at [./src/hotspot/share/interpreter/linkResolver.cpp, line 773]
Event: 7.755 Thread 0x00000248c4729800 Exception <a 'java/lang/NoSuchMethodError'{0x00000000a6cf0c60}: 'java.lang.Object java.lang.invoke.DirectMethodHandle$Holder.invokeStatic(java.lang.Object, java.lang.Object, int, int, int, int, int, java.lang.Object)'> (0x00000000a6cf0c60) thrown at [./src/hotspot/share/interpreter/linkResolver.cpp, line 773]
Event: 7.756 Thread 0x00000248c4729800 Exception <a 'java/lang/NoSuchMethodError'{0x00000000a6b01da0}: 'java.lang.Object java.lang.invoke.DirectMethodHandle$Holder.invokeStatic(java.lang.Object, java.lang.Object, java.lang.Object, int, int, int, int, int)'> (0x00000000a6b01da0) thrown at [./src/hotspot/share/interpreter/linkResolver.cpp, line 773]
Event: 7.757 Thread 0x00000248c4729800 Exception <a 'java/lang/NoSuchMethodError'{0x00000000a6b08610}: 'java.lang.Object java.lang.invoke.Invokers$Holder.linkToTargetMethod(java.lang.Object, java.lang.Object, int, int, int, int, int, java.lang.Object)'> (0x00000000a6b08610) thrown at [./src/hotspot/share/interpreter/linkResolver.cpp, line 773]
Event: 10.203 Thread 0x00000248c4729800 Exception <a 'sun/nio/fs/WindowsException'{0x00000000a6b8eda8}> (0x00000000a6b8eda8) thrown at [./src/hotspot/share/prims/jni.cpp, line 617]
Event: 10.389 Thread 0x00000248c4729800 Exception <a 'java/lang/NoSuchMethodError'{0x00000000a6af5bd0}: 'java.lang.Object java.lang.invoke.DirectMethodHandle$Holder.invokeStatic(java.lang.Object, int, int, int, int)'> (0x00000000a6af5bd0) thrown at [./src/hotspot/share/interpreter/linkResolver.cpp, line 773]
Event: 10.389 Thread 0x00000248c4729800 Exception <a 'java/lang/NoSuchMethodError'{0x00000000a6af9248}: 'java.lang.Object java.lang.invoke.DirectMethodHandle$Holder.invokeStaticInit(java.lang.Object, int, int, int, int)'> (0x00000000a6af9248) thrown at [./src/hotspot/share/interpreter/linkResolver.cpp, line 773]
Event: 10.561 Thread 0x00000248c4729800 Exception <a 'java/lang/NoSuchMethodError'{0x00000000a695ec30}: 'java.lang.Object java.lang.invoke.DirectMethodHandle$Holder.invokeStatic(java.lang.Object, java.lang.Object, int, int, int, int)'> (0x00000000a695ec30) thrown at [./src/hotspot/share/interpreter/linkResolver.cpp, line 773]
Event: 10.561 Thread 0x00000248c4729800 Exception <a 'java/lang/NoSuchMethodError'{0x00000000a69624d8}: 'java.lang.Object java.lang.invoke.DirectMethodHandle$Holder.invokeStaticInit(java.lang.Object, java.lang.Object, int, int, int, int)'> (0x00000000a69624d8) thrown at [./src/hotspot/share/interpreter/linkResolver.cpp, line 773]
Event: 10.632 Thread 0x00000248c4729800 Exception <a 'sun/nio/fs/WindowsException'{0x00000000a68905d0}> (0x00000000a68905d0) thrown at [./src/hotspot/share/prims/jni.cpp, line 617]
Event: 10.637 Thread 0x00000248c4729800 Exception <a 'sun/nio/fs/WindowsException'{0x00000000a68a6b70}> (0x00000000a68a6b70) thrown at [./src/hotspot/share/prims/jni.cpp, line 617]
Event: 16.240 Thread 0x00000248c488b000 Exception <a 'java/lang/IllegalStateException'{0x00000000a5605a08}> (0x00000000a5605a08) thrown at [./src/hotspot/share/prims/jvm.cpp, line 1310]

Events (20 events):
Event: 16.238 Executing VM operation: RevokeBias done
Event: 16.238 Executing VM operation: RevokeBias
Event: 16.238 Executing VM operation: RevokeBias done
Event: 16.238 Executing VM operation: RevokeBias
Event: 16.239 Executing VM operation: RevokeBias done
Event: 16.239 Executing VM operation: RevokeBias
Event: 16.239 Executing VM operation: RevokeBias done
Event: 16.239 Executing VM operation: RevokeBias
Event: 16.239 Executing VM operation: RevokeBias done
Event: 16.239 Executing VM operation: RevokeBias
Event: 16.239 loading class com/sun/javafx/tk/quantum/QuantumRenderer
Event: 16.239 loading class com/sun/javafx/tk/quantum/QuantumRenderer done
Event: 16.239 Executing VM operation: RevokeBias done
Event: 16.239 Executing VM operation: RevokeBias
Event: 16.239 Executing VM operation: RevokeBias done
Event: 16.239 Thread 0x00000248c4891000 Thread exited: 0x00000248c4891000
Event: 16.240 loading class com/sun/javafx/tk/quantum/QuantumToolkit
Event: 16.240 loading class com/sun/javafx/tk/quantum/QuantumToolkit done
Event: 16.240 Thread 0x00000248c488b000 Thread exited: 0x00000248c488b000
Event: 16.240 Executing VM operation: Exit


Dynamic libraries:
0x00007ff66bbd0000 - 0x00007ff66bbdd000 	C:\Users\Facundo\.jdks\corretto-11.0.15\bin\java.exe
0x00007ffe37ad0000 - 0x00007ffe37cc8000 	C:\Windows\SYSTEM32\ntdll.dll
0x00007ffe374d0000 - 0x00007ffe3758d000 	C:\Windows\System32\KERNEL32.DLL
0x00007ffe354a0000 - 0x00007ffe3576e000 	C:\Windows\System32\KERNELBASE.dll
0x00007ffe35300000 - 0x00007ffe35400000 	C:\Windows\System32\ucrtbase.dll
0x00007ffe2fde0000 - 0x00007ffe2fdf7000 	C:\Users\Facundo\.jdks\corretto-11.0.15\bin\jli.dll
0x00007ffe2fe10000 - 0x00007ffe2fe29000 	C:\Users\Facundo\.jdks\corretto-11.0.15\bin\VCRUNTIME140.dll
0x00007ffe35f80000 - 0x00007ffe36120000 	C:\Windows\System32\USER32.dll
0x00007ffe23c10000 - 0x00007ffe23eaa000 	C:\Windows\WinSxS\amd64_microsoft.windows.common-controls_6595b64144ccf1df_6.0.19041.1110_none_60b5254171f9507e\COMCTL32.dll
0x00007ffe35920000 - 0x00007ffe35942000 	C:\Windows\System32\win32u.dll
0x00007ffe37590000 - 0x00007ffe3762e000 	C:\Windows\System32\msvcrt.dll
0x00007ffe37700000 - 0x00007ffe3772a000 	C:\Windows\System32\GDI32.dll
0x00007ffe351f0000 - 0x00007ffe352fb000 	C:\Windows\System32\gdi32full.dll
0x00007ffe35a90000 - 0x00007ffe35b2d000 	C:\Windows\System32\msvcp_win.dll
0x00007ffe35c70000 - 0x00007ffe35ca0000 	C:\Windows\System32\IMM32.DLL
0x00007ffe28c30000 - 0x00007ffe28ccb000 	C:\Users\Facundo\.jdks\corretto-11.0.15\bin\msvcp140.dll
0x00007ffded240000 - 0x00007ffdeddc3000 	C:\Users\Facundo\.jdks\corretto-11.0.15\bin\server\jvm.dll
0x00007ffe36790000 - 0x00007ffe3683e000 	C:\Windows\System32\ADVAPI32.dll
0x00007ffe361f0000 - 0x00007ffe3628c000 	C:\Windows\System32\sechost.dll
0x00007ffe36850000 - 0x00007ffe36975000 	C:\Windows\System32\RPCRT4.dll
0x00007ffe35c60000 - 0x00007ffe35c68000 	C:\Windows\System32\PSAPI.DLL
0x00007ffe2e620000 - 0x00007ffe2e62a000 	C:\Windows\SYSTEM32\VERSION.dll
0x00007ffe2b540000 - 0x00007ffe2b567000 	C:\Windows\SYSTEM32\WINMM.dll
0x00007ffe20d30000 - 0x00007ffe20d39000 	C:\Windows\SYSTEM32\WSOCK32.dll
0x00007ffe37630000 - 0x00007ffe3769b000 	C:\Windows\System32\WS2_32.dll
0x00007ffe330f0000 - 0x00007ffe33102000 	C:\Windows\SYSTEM32\kernel.appcore.dll
0x00007ffe2fd40000 - 0x00007ffe2fd50000 	C:\Users\Facundo\.jdks\corretto-11.0.15\bin\verify.dll
0x00007ffe2d670000 - 0x00007ffe2d854000 	C:\Windows\SYSTEM32\DBGHELP.DLL
0x00007ffe25650000 - 0x00007ffe2567c000 	C:\Windows\SYSTEM32\dbgcore.DLL
0x00007ffe35a00000 - 0x00007ffe35a82000 	C:\Windows\System32\bcryptPrimitives.dll
0x00007ffe2f0b0000 - 0x00007ffe2f0d8000 	C:\Users\Facundo\.jdks\corretto-11.0.15\bin\java.dll
0x00007ffe2fd30000 - 0x00007ffe2fd3a000 	C:\Users\Facundo\.jdks\corretto-11.0.15\bin\jimage.dll
0x00007ffe2fac0000 - 0x00007ffe2face000 	C:\Users\Facundo\.jdks\corretto-11.0.15\bin\instrument.dll
0x00007ffe2eb40000 - 0x00007ffe2eb58000 	C:\Users\Facundo\.jdks\corretto-11.0.15\bin\zip.dll
0x00007ffe36a60000 - 0x00007ffe371a4000 	C:\Windows\System32\SHELL32.dll
0x00007ffe332f0000 - 0x00007ffe33a84000 	C:\Windows\SYSTEM32\windows.storage.dll
0x00007ffe37730000 - 0x00007ffe37a84000 	C:\Windows\System32\combase.dll
0x00007ffe34be0000 - 0x00007ffe34c10000 	C:\Windows\SYSTEM32\Wldp.dll
0x00007ffe371b0000 - 0x00007ffe3725d000 	C:\Windows\System32\SHCORE.dll
0x00007ffe37260000 - 0x00007ffe372b5000 	C:\Windows\System32\shlwapi.dll
0x00007ffe35130000 - 0x00007ffe3514f000 	C:\Windows\SYSTEM32\profapi.dll
0x00007ffe2e600000 - 0x00007ffe2e619000 	C:\Users\Facundo\.jdks\corretto-11.0.15\bin\net.dll
0x00007ffe246c0000 - 0x00007ffe247ca000 	C:\Windows\SYSTEM32\WINHTTP.dll
0x00007ffe348e0000 - 0x00007ffe3494a000 	C:\Windows\system32\mswsock.dll
0x00007ffe2e5e0000 - 0x00007ffe2e5f3000 	C:\Users\Facundo\.jdks\corretto-11.0.15\bin\nio.dll
0x00007ffe2e5a0000 - 0x00007ffe2e5ba000 	C:\Program Files\JetBrains\IntelliJ IDEA 2022.1.3\bin\breakgen64.dll
0x00000248c55a0000 - 0x00000248c55a3000 	C:\Users\Facundo\.jdks\corretto-11.0.15\bin\api-ms-win-core-console-l1-1-0.dll
0x00000248c55b0000 - 0x00000248c55b3000 	C:\Users\Facundo\.jdks\corretto-11.0.15\bin\api-ms-win-core-datetime-l1-1-0.dll
0x00000248c55c0000 - 0x00000248c55c3000 	C:\Users\Facundo\.jdks\corretto-11.0.15\bin\api-ms-win-core-debug-l1-1-0.dll
0x00000248c55d0000 - 0x00000248c55d3000 	C:\Users\Facundo\.jdks\corretto-11.0.15\bin\api-ms-win-core-errorhandling-l1-1-0.dll
0x00000248c55e0000 - 0x00000248c55e4000 	C:\Users\Facundo\.jdks\corretto-11.0.15\bin\api-ms-win-core-file-l1-1-0.dll
0x00000248c55f0000 - 0x00000248c55f3000 	C:\Users\Facundo\.jdks\corretto-11.0.15\bin\api-ms-win-core-file-l1-2-0.dll
0x00000248c5600000 - 0x00000248c5603000 	C:\Users\Facundo\.jdks\corretto-11.0.15\bin\api-ms-win-core-file-l2-1-0.dll
0x00000248c5610000 - 0x00000248c5613000 	C:\Users\Facundo\.jdks\corretto-11.0.15\bin\api-ms-win-core-handle-l1-1-0.dll
0x00000248c5620000 - 0x00000248c5623000 	C:\Users\Facundo\.jdks\corretto-11.0.15\bin\api-ms-win-core-heap-l1-1-0.dll
0x00000248c5630000 - 0x00000248c5633000 	C:\Users\Facundo\.jdks\corretto-11.0.15\bin\api-ms-win-core-interlocked-l1-1-0.dll
0x00000248c5640000 - 0x00000248c5643000 	C:\Users\Facundo\.jdks\corretto-11.0.15\bin\api-ms-win-core-libraryloader-l1-1-0.dll
0x00000248c5650000 - 0x00000248c5653000 	C:\Users\Facundo\.jdks\corretto-11.0.15\bin\api-ms-win-core-localization-l1-2-0.dll
0x00000248c5660000 - 0x00000248c5663000 	C:\Users\Facundo\.jdks\corretto-11.0.15\bin\api-ms-win-core-memory-l1-1-0.dll
0x00000248c5670000 - 0x00000248c5673000 	C:\Users\Facundo\.jdks\corretto-11.0.15\bin\api-ms-win-core-namedpipe-l1-1-0.dll
0x00000248c5680000 - 0x00000248c5683000 	C:\Users\Facundo\.jdks\corretto-11.0.15\bin\api-ms-win-core-processenvironment-l1-1-0.dll
0x00000248c5690000 - 0x00000248c5693000 	C:\Users\Facundo\.jdks\corretto-11.0.15\bin\api-ms-win-core-processthreads-l1-1-0.dll
0x00000248c56a0000 - 0x00000248c56a3000 	C:\Users\Facundo\.jdks\corretto-11.0.15\bin\api-ms-win-core-processthreads-l1-1-1.dll
0x00000248c56b0000 - 0x00000248c56b3000 	C:\Users\Facundo\.jdks\corretto-11.0.15\bin\api-ms-win-core-profile-l1-1-0.dll
0x00000248c56c0000 - 0x00000248c56c3000 	C:\Users\Facundo\.jdks\corretto-11.0.15\bin\api-ms-win-core-rtlsupport-l1-1-0.dll
0x00000248c56d0000 - 0x00000248c56d3000 	C:\Users\Facundo\.jdks\corretto-11.0.15\bin\api-ms-win-core-string-l1-1-0.dll
0x00000248c56e0000 - 0x00000248c56e3000 	C:\Users\Facundo\.jdks\corretto-11.0.15\bin\api-ms-win-core-synch-l1-1-0.dll
0x00000248c56f0000 - 0x00000248c56f3000 	C:\Users\Facundo\.jdks\corretto-11.0.15\bin\api-ms-win-core-synch-l1-2-0.dll
0x00000248c5700000 - 0x00000248c5703000 	C:\Users\Facundo\.jdks\corretto-11.0.15\bin\api-ms-win-core-sysinfo-l1-1-0.dll
0x00000248c5710000 - 0x00000248c5713000 	C:\Users\Facundo\.jdks\corretto-11.0.15\bin\api-ms-win-core-timezone-l1-1-0.dll
0x00000248c5720000 - 0x00000248c5723000 	C:\Users\Facundo\.jdks\corretto-11.0.15\bin\api-ms-win-core-util-l1-1-0.dll
0x00000248c5730000 - 0x00000248c5733000 	C:\Users\Facundo\.jdks\corretto-11.0.15\bin\api-ms-win-crt-conio-l1-1-0.dll
0x00000248c5740000 - 0x00000248c5744000 	C:\Users\Facundo\.jdks\corretto-11.0.15\bin\api-ms-win-crt-convert-l1-1-0.dll
0x00000248c5750000 - 0x00000248c5753000 	C:\Users\Facundo\.jdks\corretto-11.0.15\bin\api-ms-win-crt-environment-l1-1-0.dll
0x00000248c5760000 - 0x00000248c5763000 	C:\Users\Facundo\.jdks\corretto-11.0.15\bin\api-ms-win-crt-filesystem-l1-1-0.dll
0x00000248c5770000 - 0x00000248c5773000 	C:\Users\Facundo\.jdks\corretto-11.0.15\bin\api-ms-win-crt-heap-l1-1-0.dll
0x00000248c59c0000 - 0x00000248c59c3000 	C:\Users\Facundo\.jdks\corretto-11.0.15\bin\api-ms-win-crt-locale-l1-1-0.dll
0x00000248c59d0000 - 0x00000248c59d5000 	C:\Users\Facundo\.jdks\corretto-11.0.15\bin\api-ms-win-crt-math-l1-1-0.dll
0x00000248c59e0000 - 0x00000248c59e5000 	C:\Users\Facundo\.jdks\corretto-11.0.15\bin\api-ms-win-crt-multibyte-l1-1-0.dll
0x00000248c59f0000 - 0x00000248c5a00000 	C:\Users\Facundo\.jdks\corretto-11.0.15\bin\api-ms-win-crt-private-l1-1-0.dll
0x00000248c5780000 - 0x00000248c5783000 	C:\Users\Facundo\.jdks\corretto-11.0.15\bin\api-ms-win-crt-process-l1-1-0.dll
0x00000248c5790000 - 0x00000248c5794000 	C:\Users\Facundo\.jdks\corretto-11.0.15\bin\api-ms-win-crt-runtime-l1-1-0.dll
0x00000248c57a0000 - 0x00000248c57a4000 	C:\Users\Facundo\.jdks\corretto-11.0.15\bin\api-ms-win-crt-stdio-l1-1-0.dll
0x00000248c57b0000 - 0x00000248c57b4000 	C:\Users\Facundo\.jdks\corretto-11.0.15\bin\api-ms-win-crt-string-l1-1-0.dll
0x00000248c57c0000 - 0x00000248c57c3000 	C:\Users\Facundo\.jdks\corretto-11.0.15\bin\api-ms-win-crt-time-l1-1-0.dll
0x00000248c57d0000 - 0x00000248c57d3000 	C:\Users\Facundo\.jdks\corretto-11.0.15\bin\api-ms-win-crt-utility-l1-1-0.dll
0x00007ffe15600000 - 0x00007ffe156fc000 	C:\Users\Facundo\.jdks\corretto-11.0.15\bin\ucrtbase.dll
0x00007ffe2e550000 - 0x00007ffe2e59e000 	C:\Windows\System32\concrt140.dll
0x00007ffe1ef90000 - 0x00007ffe1ef9c000 	C:\Windows\SYSTEM32\VCRUNTIME140_1.dll
0x00007ffe2e300000 - 0x00007ffe2e323000 	C:\Users\Facundo\.openjfx\cache\11.0.2\prism_d3d.dll
0x00007ffe02280000 - 0x00007ffe0244f000 	C:\Windows\system32\d3d9.dll
0x00007ffe32fe0000 - 0x00007ffe3300f000 	C:\Windows\SYSTEM32\dwmapi.dll
0x00007ffe32c10000 - 0x00007ffe32cae000 	C:\Windows\system32\uxtheme.dll
0x00007ffe35cc0000 - 0x00007ffe35dea000 	C:\Windows\System32\ole32.dll
0x00007ffe358d0000 - 0x00007ffe3591e000 	C:\Windows\System32\cfgmgr32.dll
0x00007ffe35400000 - 0x00007ffe35427000 	C:\Windows\System32\bcrypt.dll
0x00007ffe28ba0000 - 0x00007ffe28be5000 	C:\Users\Facundo\.openjfx\cache\11.0.2\glass.dll
0x00007ffe36980000 - 0x00007ffe36a5a000 	C:\Windows\System32\COMDLG32.dll
0x00007ffe36120000 - 0x00007ffe361ed000 	C:\Windows\System32\OLEAUT32.dll
0x00007ffe35b40000 - 0x00007ffe35c55000 	C:\Windows\System32\MSCTF.dll
0x00007ffe2b980000 - 0x00007ffe2b9bb000 	C:\Windows\SYSTEM32\dxcore.dll
0x00007ffe29460000 - 0x00007ffe29474000 	C:\Users\Facundo\.openjfx\cache\11.0.2\javafx_font.dll
0x00007ffe263d0000 - 0x00007ffe2664f000 	C:\Windows\SYSTEM32\dwrite.dll
0x00007ffe35ed0000 - 0x00007ffe35f79000 	C:\Windows\System32\clbcatq.dll
0x00007ffe2f530000 - 0x00007ffe2f6e4000 	C:\Windows\SYSTEM32\WindowsCodecs.dll
0x00007ffe22fc0000 - 0x00007ffe22ffe000 	C:\Windows\system32\dataexchange.dll
0x00007ffe31060000 - 0x00007ffe312c3000 	C:\Windows\system32\d3d11.dll
0x00007ffe31e50000 - 0x00007ffe32034000 	C:\Windows\system32\dcomp.dll
0x00007ffe33af0000 - 0x00007ffe33be3000 	C:\Windows\system32\dxgi.dll
0x00007ffe2f750000 - 0x00007ffe2f950000 	C:\Windows\system32\twinapi.appcore.dll
0x00007ffe28980000 - 0x00007ffe289b4000 	C:\Program Files\Common Files\Microsoft Shared\Ink\rtscom.dll
0x00007ffe27b60000 - 0x00007ffe27c59000 	C:\Windows\SYSTEM32\textinputframework.dll
0x00007ffe323c0000 - 0x00007ffe3271e000 	C:\Windows\System32\CoreUIComponents.dll
0x00007ffe32800000 - 0x00007ffe328f2000 	C:\Windows\System32\CoreMessaging.dll
0x00007ffe33ef0000 - 0x00007ffe33f23000 	C:\Windows\SYSTEM32\ntmarta.dll
0x00007ffe31730000 - 0x00007ffe31884000 	C:\Windows\SYSTEM32\wintypes.dll
0x00007ffe34610000 - 0x00007ffe346da000 	C:\Windows\SYSTEM32\DNSAPI.dll
0x00007ffe345d0000 - 0x00007ffe3460b000 	C:\Windows\SYSTEM32\IPHLPAPI.DLL
0x00007ffe35b30000 - 0x00007ffe35b38000 	C:\Windows\System32\NSI.dll
0x00007ffe245f0000 - 0x00007ffe245fa000 	C:\Windows\System32\rasadhlp.dll
0x00007ffe249d0000 - 0x00007ffe24a50000 	C:\Windows\System32\fwpuclnt.dll
0x00007ffe34ad0000 - 0x00007ffe34ae8000 	C:\Windows\SYSTEM32\CRYPTSP.dll
0x00007ffe34260000 - 0x00007ffe34294000 	C:\Windows\system32\rsaenh.dll
0x00007ffe350b0000 - 0x00007ffe350de000 	C:\Windows\SYSTEM32\USERENV.dll
0x00007ffe34af0000 - 0x00007ffe34afc000 	C:\Windows\SYSTEM32\CRYPTBASE.dll
0x00007ffe2d4c0000 - 0x00007ffe2d4d7000 	C:\Windows\SYSTEM32\dhcpcsvc6.DLL
0x00007ffe2e890000 - 0x00007ffe2e8ad000 	C:\Windows\SYSTEM32\dhcpcsvc.DLL
0x00007ffe2eb30000 - 0x00007ffe2eb3e000 	C:\Users\Facundo\.jdks\corretto-11.0.15\bin\sunmscapi.dll

dbghelp: loaded successfully - version: 4.0.5 - missing functions: none
symbol engine: initialized successfully - sym options: 0x614 - pdb path: .;C:\Users\Facundo\.jdks\corretto-11.0.15\bin;C:\Windows\SYSTEM32;C:\Windows\WinSxS\amd64_microsoft.windows.common-controls_6595b64144ccf1df_6.0.19041.1110_none_60b5254171f9507e;C:\Users\Facundo\.jdks\corretto-11.0.15\bin\server;C:\Program Files\JetBrains\IntelliJ IDEA 2022.1.3\bin;C:\Users\Facundo\.openjfx\cache\11.0.2;C:\Windows\System32\DriverStore\FileRepository\u0372351.inf_amd64_d9136d66f2036415\B371894;C:\Program Files\Common Files\Microsoft Shared\Ink

VM Arguments:
jvm_args: -javaagent:C:\Program Files\JetBrains\IntelliJ IDEA 2022.1.3\lib\idea_rt.jar=56105:C:\Program Files\JetBrains\IntelliJ IDEA 2022.1.3\bin -Dfile.encoding=UTF-8 --module-path=C:\Users\Facundo\.m2\repository\org\postgresql\postgresql\42.2.8\postgresql-42.2.8.jar;C:\Users\Facundo\.m2\repository\org\openjfx\javafx-graphics\11.0.2\javafx-graphics-11.0.2-win.jar;C:\Users\Facundo\.m2\repository\org\openjfx\javafx-fxml\11.0.2\javafx-fxml-11.0.2-win.jar;C:\Users\Facundo\.m2\repository\org\openjfx\javafx-base\11.0.2\javafx-base-11.0.2-win.jar;C:\Users\Facundo\Desktop\Facultad 2022\Segundo Cuatrimestre\Sistemas Administrativos II\Sistema Contable\target\classes;C:\Users\Facundo\.m2\repository\org\openjfx\javafx-controls\11.0.2\javafx-controls-11.0.2-win.jar -Djdk.module.main=sistemacontable.sistemacontable 
java_command: sistemacontable.sistemacontable/sistemacontable.sistemacontable.HelloApplication
java_class_path (initial): C:\Users\Facundo\.m2\repository\org\openjfx\javafx-controls\11.0.2\javafx-controls-11.0.2.jar;C:\Users\Facundo\.m2\repository\org\openjfx\javafx-graphics\11.0.2\javafx-graphics-11.0.2.jar;C:\Users\Facundo\.m2\repository\org\openjfx\javafx-base\11.0.2\javafx-base-11.0.2.jar;C:\Users\Facundo\.m2\repository\org\openjfx\javafx-fxml\11.0.2\javafx-fxml-11.0.2.jar;C:\Users\Facundo\.m2\repository\org\testng\testng\7.5\testng-7.5.jar;C:\Users\Facundo\.m2\repository\com\google\code\findbugs\jsr305\3.0.1\jsr305-3.0.1.jar;C:\Users\Facundo\.m2\repository\org\slf4j\slf4j-api\1.7.32\slf4j-api-1.7.32.jar;C:\Users\Facundo\.m2\repository\com\beust\jcommander\1.78\jcommander-1.78.jar;C:\Users\Facundo\.m2\repository\org\webjars\jquery\3.5.1\jquery-3.5.1.jar
Launcher Type: SUN_STANDARD

[Global flags]
     intx CICompilerCount                          = 4                                         {product} {ergonomic}
     uint ConcGCThreads                            = 2                                         {product} {ergonomic}
     uint G1ConcRefinementThreads                  = 8                                         {product} {ergonomic}
   size_t G1HeapRegionSize                         = 1048576                                   {product} {ergonomic}
    uintx GCDrainStackTargetSize                   = 64                                        {product} {ergonomic}
   size_t InitialHeapSize                          = 100663296                                 {product} {ergonomic}
   size_t MarkStackSize                            = 4194304                                   {product} {ergonomic}
   size_t MaxHeapSize                              = 1581252608                                {product} {ergonomic}
   size_t MaxNewSize                               = 947912704                                 {product} {ergonomic}
   size_t MinHeapDeltaBytes                        = 1048576                                   {product} {ergonomic}
    uintx NonNMethodCodeHeapSize                   = 5836300                                {pd product} {ergonomic}
    uintx NonProfiledCodeHeapSize                  = 122910970                              {pd product} {ergonomic}
    uintx ProfiledCodeHeapSize                     = 122910970                              {pd product} {ergonomic}
    uintx ReservedCodeCacheSize                    = 251658240                              {pd product} {ergonomic}
     bool SegmentedCodeCache                       = true                                      {product} {ergonomic}
     bool UseCompressedClassPointers               = true                                 {lp64_product} {ergonomic}
     bool UseCompressedOops                        = true                                 {lp64_product} {ergonomic}
     bool UseG1GC                                  = true                                      {product} {ergonomic}
     bool UseLargePagesIndividualAllocation        = false                                  {pd product} {ergonomic}

Logging:
Log output configuration:
 #0: stdout all=warning uptime,level,tags
 #1: stderr all=off uptime,level,tags

Environment Variables:
PATH=C:\Program Files\Common Files\Oracle\Java\javapath;C:\Program Files (x86)\Common Files\Oracle\Java\javapath;C:\Windows\system32;C:\Windows;C:\Windows\System32\Wbem;C:\Windows\System32\WindowsPowerShell\v1.0\;C:\Windows\System32\OpenSSH\;C:\Program Files\Git\cmd;C:\Users\Facundo\AppData\Local\Microsoft\WindowsApps;
USERNAME=Facundo
OS=Windows_NT
PROCESSOR_IDENTIFIER=AMD64 Family 23 Model 24 Stepping 1, AuthenticAMD



---------------  S Y S T E M  ---------------

OS: Windows 10 , 64 bit Build 19041 (10.0.19041.1889)
OS uptime: 1 days 8:46 hours

CPU:total 8 (initial active 8) (8 cores per cpu, 2 threads per core) family 23 model 24 stepping 1 microcode 0x0, cmov, cx8, fxsr, mmx, sse, sse2, sse3, ssse3, sse4.1, sse4.2, popcnt, avx, avx2, aes, clmul, mmxext, 3dnowpref, lzcnt, sse4a, ht, tsc, tscinvbit, tscinv, bmi1, bmi2, adx, sha, fma

Memory: 4k page, system-wide physical 6030M (479M free)
TotalPageFile size 10382M (AvailPageFile size 2073M)
current process WorkingSet (physical memory assigned to process): 130M, peak: 146M
current process commit charge ("private bytes"): 248M, peak: 268M

vm_info: OpenJDK 64-Bit Server VM (11.0.15+9-LTS) for windows-amd64 JRE (11.0.15+9-LTS), built on Apr 15 2022 22:20:31 by "Administrator" with unknown MS VC++:1916

END.
