#
# A fatal error has been detected by the Java Runtime Environment:
#
#  EXCEPTION_ACCESS_VIOLATION (0xc0000005) at pc=0x00007ffc25f66730, pid=980, tid=10716
#
# JRE version: OpenJDK Runtime Environment Corretto-11.0.15.9.1 (11.0.15+9) (build 11.0.15+9-LTS)
# Java VM: OpenJDK 64-Bit Server VM Corretto-11.0.15.9.1 (11.0.15+9-LTS, mixed mode, tiered, compressed oops, g1 gc, windows-amd64)
# Problematic frame:
# C  [glass.dll+0x26730]
#
# No core dump will be written. Minidumps are not enabled by default on client versions of Windows
#
# If you would like to submit a bug report, please visit:
#   https://github.com/corretto/corretto-11/issues/
#

---------------  S U M M A R Y ------------

Command Line: -javaagent:C:\Program Files\JetBrains\IntelliJ IDEA 2022.1.3\lib\idea_rt.jar=55172:C:\Program Files\JetBrains\IntelliJ IDEA 2022.1.3\bin -Dfile.encoding=UTF-8 --module-path=C:\Users\Facundo\.m2\repository\org\bouncycastle\bcprov-jdk15on\1.68\bcprov-jdk15on-1.68.jar;C:\Users\Facundo\.m2\repository\org\testng\testng\7.5\testng-7.5.jar;C:\Users\Facundo\.m2\repository\org\openjfx\javafx-controls\11.0.2\javafx-controls-11.0.2-win.jar;C:\Users\Facundo\.m2\repository\org\openjfx\javafx-graphics\11.0.2\javafx-graphics-11.0.2-win.jar;C:\Users\Facundo\.m2\repository\org\postgresql\postgresql\42.2.8\postgresql-42.2.8.jar;C:\Users\Facundo\.m2\repository\net\sf\jasperreports\jasperreports\6.18.1\jasperreports-6.18.1.jar;C:\Users\Facundo\.m2\repository\org\openjfx\javafx-fxml\11.0.2\javafx-fxml-11.0.2-win.jar;C:\Users\Facundo\Desktop\Facultad 2022\Segundo Cuatrimestre\Sistemas Administrativos II\Sistema Contable\target\classes;C:\Users\Facundo\.m2\repository\org\openjfx\javafx-base\11.0.2\javafx-base-11.0.2-win.jar -Djdk.module.main=sistemacontable.sistemacontable sistemacontable.sistemacontable/sistemacontable.sistemacontable.HelloApplication

Host: AMD Ryzen 5 3450U with Radeon Vega Mobile Gfx  , 8 cores, 5G,  Windows 10 , 64 bit Build 19041 (10.0.19041.2251)
Time: Mon Dec 12 13:56:48 2022 Hora estándar de Argentina elapsed time: 60.930133 seconds (0d 0h 1m 0s)

---------------  T H R E A D  ---------------

Current thread (0x00000186b26f1000):  VMThread "VM Thread" [stack: 0x0000000b6e100000,0x0000000b6e200000] [id=10716]

Stack: [0x0000000b6e100000,0x0000000b6e200000],  sp=0x0000000b6e1febc0,  free space=1018k
Native frames: (J=compiled Java code, j=interpreted, Vv=VM code, C=native code)
C  [glass.dll+0x26730]


siginfo: EXCEPTION_ACCESS_VIOLATION (0xc0000005), reading address 0x0000000000000000


Register to memory mapping:

RIP=0x00007ffc25f66730 glass.dll
RAX=0x0 is NULL
RBX=0x00000186b270b3b0 is a global jni handle
RCX=0x00000186b26f1000 points into unknown readable memory: 0x00007ffbfb89c4c8 | c8 c4 89 fb fb 7f 00 00
RDX=0x0000000b6e1febc0 points into unknown readable memory: 0x0000000000000000 | 00 00 00 00 00 00 00 00
RSP=0x0000000b6e1febc0 points into unknown readable memory: 0x0000000000000000 | 00 00 00 00 00 00 00 00
RBP=0x00000186b3ccf768 points into unknown readable memory: 0x0000cee09cc576cb | cb 76 c5 9c e0 ce 00 00
RSI=0x00000186b3ccf740 points into unknown readable memory: 0x03ff2fcf2d73b6cb | cb b6 73 2d cf 2f ff 03
RDI=0x0000cee09cc576cb is an unknown value
R8 =0x0000000000010002 is an unknown value
R9 =0x0000cee09cc576cb is an unknown value
R10=0x0000000000008000 is an unknown value
R11=0x0000000b6e1feb60 points into unknown readable memory: 0x00000186b3ccf740 | 40 f7 cc b3 86 01 00 00
R12=0x00007ffc25f63be0 glass.dll
R13=0x0000000b6d8ff1c0 is pointing into the stack for thread: 0x00000186b3cb8800
R14=0x0000000b6e1fecc8 points into unknown readable memory: 0x0000000b6e1fecb0 | b0 ec 1f 6e 0b 00 00 00
R15=0x00000186b3ccf740 points into unknown readable memory: 0x03ff2fcf2d73b6cb | cb b6 73 2d cf 2f ff 03


Registers:
RAX=0x0000000000000000, RBX=0x00000186b270b3b0, RCX=0x00000186b26f1000, RDX=0x0000000b6e1febc0
RSP=0x0000000b6e1febc0, RBP=0x00000186b3ccf768, RSI=0x00000186b3ccf740, RDI=0x0000cee09cc576cb
R8 =0x0000000000010002, R9 =0x0000cee09cc576cb, R10=0x0000000000008000, R11=0x0000000b6e1feb60
R12=0x00007ffc25f63be0, R13=0x0000000b6d8ff1c0, R14=0x0000000b6e1fecc8, R15=0x00000186b3ccf740
RIP=0x00007ffc25f66730, EFLAGS=0x0000000000010206

Top of Stack: (sp=0x0000000b6e1febc0)
0x0000000b6e1febc0:   0000000000000000 00007ffc4625f05b
0x0000000b6e1febd0:   00000186b3ccf750 00000186b3ccf740
0x0000000b6e1febe0:   fffffffffffffffe 00007ffc25f63be0
0x0000000b6e1febf0:   00000186b3ccf748 00007ffc462642d6
0x0000000b6e1fec00:   00000186b3ccf750 0000018600000000
0x0000000b6e1fec10:   00000186b3ccf768 00000186b3ccf740
0x0000000b6e1fec20:   fffffffffffffffe 0000000000000000
0x0000000b6e1fec30:   0000000000000001 00007ffc25f40000
0x0000000b6e1fec40:   0000000b6e1fecb8 00007ffc462641fb
0x0000000b6e1fec50:   0000000000000000 0000000b6e1fecc8
0x0000000b6e1fec60:   0000000b6e1fef80 00007ffc46340e40
0x0000000b6e1fec70:   0000000000000001 00007ffc462641b4
0x0000000b6e1fec80:   0000000000000000 0000000000000001
0x0000000b6e1fec90:   00007ffc0000000d 0000000b6e1fecb8
0x0000000b6e1feca0:   0000000000000006 00007ffc25f63a60
0x0000000b6e1fecb0:   00007ffc25f7d100 0000000b00000002 

Instructions: (pc=0x00007ffc25f66730)
0x00007ffc25f66630:   8b 4d 60 e8 d8 c9 ff ff 48 8b 55 68 48 8b 8d 08
0x00007ffc25f66640:   01 00 00 e8 a9 be ff ff 33 d2 33 c9 e8 a9 de ff
0x00007ffc25f66650:   ff 90 cc cc cc cc cc cc cc cc cc cc cc cc cc cc
0x00007ffc25f66660:   48 8d 8a 80 00 00 00 e9 14 ea fe ff 48 89 54 24
0x00007ffc25f66670:   10 55 48 83 ec 20 48 8b ea 48 8d 05 1d cb ff ff
0x00007ffc25f66680:   48 83 c4 20 5d c3 cc 40 55 48 8b ea 48 8b 01 33
0x00007ffc25f66690:   c9 81 38 05 00 00 c0 0f 94 c1 8b c1 5d c3 cc 40
0x00007ffc25f666a0:   55 48 83 ec 20 48 8b ea 8a 4d 40 48 83 c4 20 5d
0x00007ffc25f666b0:   e9 23 ce ff ff cc 40 55 48 83 ec 20 48 8b ea e8
0x00007ffc25f666c0:   3c cc ff ff 8a 4d 38 48 83 c4 20 5d e9 07 ce ff
0x00007ffc25f666d0:   ff cc 40 55 48 83 ec 30 48 8b ea 48 8b 01 8b 10
0x00007ffc25f666e0:   48 89 4c 24 28 89 54 24 20 4c 8d 0d d0 d1 ff ff
0x00007ffc25f666f0:   4c 8b 45 70 8b 55 68 48 8b 4d 60 e8 70 cb ff ff
0x00007ffc25f66700:   90 48 83 c4 30 5d c3 cc cc cc cc cc cc cc cc cc
0x00007ffc25f66710:   40 53 48 83 ec 30 48 c7 44 24 20 fe ff ff ff 48
0x00007ffc25f66720:   8b 1d ea 63 01 00 48 85 db 74 16 e8 90 86 ff ff
0x00007ffc25f66730:   4c 8b 00 48 8b d3 48 8b c8 41 ff 90 b0 00 00 00
0x00007ffc25f66740:   90 48 83 c4 30 5b c3 cc cc cc cc cc cc cc cc cc
0x00007ffc25f66750:   40 53 48 83 ec 20 48 8b 1d 4b 65 01 00 48 85 db
0x00007ffc25f66760:   74 57 b8 ff ff ff ff f0 0f c1 43 10 83 f8 01 75
0x00007ffc25f66770:   3d 48 85 db 74 38 48 8b 0b 48 85 c9 74 0d ff 15
0x00007ffc25f66780:   24 0b 00 00 48 c7 03 00 00 00 00 48 8b 4b 08 48
0x00007ffc25f66790:   85 c9 74 0d e8 77 c8 ff ff 48 c7 43 08 00 00 00
0x00007ffc25f667a0:   00 ba 18 00 00 00 48 8b cb e8 62 c8 ff ff 48 c7
0x00007ffc25f667b0:   05 ef 64 01 00 00 00 00 00 48 83 c4 20 5b c3 cc
0x00007ffc25f667c0:   40 53 48 83 ec 20 48 8b 1d bb 64 01 00 48 85 db
0x00007ffc25f667d0:   74 57 b8 ff ff ff ff f0 0f c1 43 10 83 f8 01 75
0x00007ffc25f667e0:   3d 48 85 db 74 38 48 8b 0b 48 85 c9 74 0d ff 15
0x00007ffc25f667f0:   b4 0a 00 00 48 c7 03 00 00 00 00 48 8b 4b 08 48
0x00007ffc25f66800:   85 c9 74 0d e8 07 c8 ff ff 48 c7 43 08 00 00 00
0x00007ffc25f66810:   00 ba 18 00 00 00 48 8b cb e8 f2 c7 ff ff 48 c7
0x00007ffc25f66820:   05 5f 64 01 00 00 00 00 00 48 83 c4 20 5b c3 cc 


Stack slot to memory mapping:
stack at sp + 0 slots: 0x0 is NULL
stack at sp + 1 slots: 0x00007ffc4625f05b ucrtbase.dll
stack at sp + 2 slots: 0x00000186b3ccf750 points into unknown readable memory: 0x0000cee09cc576cb | cb 76 c5 9c e0 ce 00 00
stack at sp + 3 slots: 0x00000186b3ccf740 points into unknown readable memory: 0x03ff2fcf2d73b6cb | cb b6 73 2d cf 2f ff 03
stack at sp + 4 slots: 0xfffffffffffffffe is an unknown value
stack at sp + 5 slots: 0x00007ffc25f63be0 glass.dll
stack at sp + 6 slots: 0x00000186b3ccf748 points into unknown readable memory: 0x0000cee09cc576cb | cb 76 c5 9c e0 ce 00 00
stack at sp + 7 slots: 0x00007ffc462642d6 ucrtbase.dll

VM_Operation (0x0000000b6d8ff1c0): Exit, mode: safepoint, requested by thread 0x00000186b3cb8800


---------------  P R O C E S S  ---------------

Threads class SMR info:
_java_thread_list=0x00000186bd084580, length=19, elements={
0x000001869426d800, 0x00000186b26f2000, 0x00000186b26fd800, 0x00000186b30c2800,
0x00000186b270e800, 0x00000186b2710000, 0x00000186b271c000, 0x00000186b2724800,
0x00000186b272a000, 0x00000186b2696000, 0x00000186b3d67800, 0x00000186b394e000,
0x00000186b3cda000, 0x00000186b3cda800, 0x00000186b40f2800, 0x00000186b40fb800,
0x00000186bbede000, 0x00000186b4860000, 0x00000186b3cb8800
}

Java Threads: ( => current thread )
  0x000001869426d800 JavaThread "main" [_thread_blocked, id=12944, stack(0x0000000b6db00000,0x0000000b6dc00000)]
  0x00000186b26f2000 JavaThread "Reference Handler" daemon [_thread_blocked, id=13204, stack(0x0000000b6e200000,0x0000000b6e300000)]
  0x00000186b26fd800 JavaThread "Finalizer" daemon [_thread_blocked, id=5188, stack(0x0000000b6e300000,0x0000000b6e400000)]
  0x00000186b30c2800 JavaThread "Signal Dispatcher" daemon [_thread_blocked, id=12376, stack(0x0000000b6e400000,0x0000000b6e500000)]
  0x00000186b270e800 JavaThread "Attach Listener" daemon [_thread_blocked, id=11556, stack(0x0000000b6e500000,0x0000000b6e600000)]
  0x00000186b2710000 JavaThread "Service Thread" daemon [_thread_blocked, id=8652, stack(0x0000000b6e600000,0x0000000b6e700000)]
  0x00000186b271c000 JavaThread "C2 CompilerThread0" daemon [_thread_blocked, id=10772, stack(0x0000000b6e700000,0x0000000b6e800000)]
  0x00000186b2724800 JavaThread "C1 CompilerThread0" daemon [_thread_blocked, id=7724, stack(0x0000000b6e800000,0x0000000b6e900000)]
  0x00000186b272a000 JavaThread "Sweeper thread" daemon [_thread_blocked, id=5708, stack(0x0000000b6e900000,0x0000000b6ea00000)]
  0x00000186b2696000 JavaThread "Common-Cleaner" daemon [_thread_blocked, id=7052, stack(0x0000000b6ea00000,0x0000000b6eb00000)]
  0x00000186b3d67800 JavaThread "Monitor Ctrl-Break" daemon [_thread_in_native, id=5048, stack(0x0000000b6ed00000,0x0000000b6ee00000)]
  0x00000186b394e000 JavaThread "QuantumRenderer-0" daemon [_thread_blocked, id=8804, stack(0x0000000b6ef00000,0x0000000b6f000000)]
  0x00000186b3cda000 JavaThread "InvokeLaterDispatcher" daemon [_thread_blocked, id=4908, stack(0x0000000b6f200000,0x0000000b6f300000)]
  0x00000186b3cda800 JavaThread "JavaFX Application Thread" [_thread_in_native, id=6324, stack(0x0000000b6f300000,0x0000000b6f400000)]
  0x00000186b40f2800 JavaThread "Thread-1" daemon [_thread_in_native, id=9476, stack(0x0000000b6fa00000,0x0000000b6fb00000)]
  0x00000186b40fb800 JavaThread "JavaFX-Launcher" [_thread_blocked, id=6256, stack(0x0000000b6fb00000,0x0000000b6fc00000)]
  0x00000186bbede000 JavaThread "Prism Font Disposer" daemon [_thread_blocked, id=1872, stack(0x0000000b70200000,0x0000000b70300000)]
  0x00000186b4860000 JavaThread "Cleaner-0" daemon [_thread_blocked, id=3128, stack(0x0000000b70300000,0x0000000b70400000)]
  0x00000186b3cb8800 JavaThread "SIGINT handler" daemon [_thread_blocked, id=11216, stack(0x0000000b6d800000,0x0000000b6d900000)]

Other Threads:
=>0x00000186b26f1000 VMThread "VM Thread" [stack: 0x0000000b6e100000,0x0000000b6e200000] [id=10716]
  0x0000018694286800 GCTaskThread "GC Thread#0" [stack: 0x0000000b6dc00000,0x0000000b6dd00000] [id=8816]
  0x00000186b381a800 GCTaskThread "GC Thread#1" [stack: 0x0000000b6ec00000,0x0000000b6ed00000] [id=7904]
  0x00000186b4372000 GCTaskThread "GC Thread#2" [stack: 0x0000000b6fc00000,0x0000000b6fd00000] [id=12188]
  0x00000186b436c800 GCTaskThread "GC Thread#3" [stack: 0x0000000b6fd00000,0x0000000b6fe00000] [id=5136]
  0x00000186b46c9800 GCTaskThread "GC Thread#4" [stack: 0x0000000b6fe00000,0x0000000b6ff00000] [id=1556]
  0x00000186b419f800 GCTaskThread "GC Thread#5" [stack: 0x0000000b6ff00000,0x0000000b70000000] [id=6312]
  0x00000186942ac800 ConcurrentGCThread "G1 Main Marker" [stack: 0x0000000b6dd00000,0x0000000b6de00000] [id=1032]
  0x00000186942af000 ConcurrentGCThread "G1 Conc#0" [stack: 0x0000000b6de00000,0x0000000b6df00000] [id=5104]
  0x00000186b456a000 ConcurrentGCThread "G1 Conc#1" [stack: 0x0000000b70000000,0x0000000b70100000] [id=10544]
  0x0000018694335000 ConcurrentGCThread "G1 Refine#0" [stack: 0x0000000b6df00000,0x0000000b6e000000] [id=11532]
  0x0000018694336800 ConcurrentGCThread "G1 Young RemSet Sampling" [stack: 0x0000000b6e000000,0x0000000b6e100000] [id=13192]

Threads with active compile tasks:

VM state:at safepoint (shutting down)

VM Mutex/Monitor currently owned by a thread:  ([mutex/lock_event])
[0x0000018694269f50] Threads_lock - owner thread: 0x00000186b26f1000

Heap address: 0x00000000a1c00000, size: 1508 MB, Compressed Oops mode: 32-bit
Narrow klass base: 0x0000000000000000, Narrow klass shift: 3
Compressed class space size: 1073741824 Address: 0x0000000100000000

Heap:
 garbage-first heap   total 157696K, used 98737K [0x00000000a1c00000, 0x0000000100000000)
  region size 1024K, 4 young (4096K), 2 survivors (2048K)
 Metaspace       used 34699K, capacity 36114K, committed 36352K, reserved 1081344K
  class space    used 4190K, capacity 4773K, committed 4864K, reserved 1048576K
Heap Regions: E=young(eden), S=young(survivor), O=old, HS=humongous(starts), HC=humongous(continues), CS=collection set, F=free, A=archive, TAMS=top-at-mark-start (previous, next)
|   0|0x00000000a1c00000, 0x00000000a1d00000, 0x00000000a1d00000|100%| O|  |TAMS 0x00000000a1d00000, 0x00000000a1c00000| Untracked 
|   1|0x00000000a1d00000, 0x00000000a1e00000, 0x00000000a1e00000|100%|HS|  |TAMS 0x00000000a1e00000, 0x00000000a1d00000| Complete 
|   2|0x00000000a1e00000, 0x00000000a1f00000, 0x00000000a1f00000|100%|HC|  |TAMS 0x00000000a1f00000, 0x00000000a1e00000| Complete 
|   3|0x00000000a1f00000, 0x00000000a2000000, 0x00000000a2000000|100%|HC|  |TAMS 0x00000000a2000000, 0x00000000a1f00000| Complete 
|   4|0x00000000a2000000, 0x00000000a2100000, 0x00000000a2100000|100%|HC|  |TAMS 0x00000000a2100000, 0x00000000a2000000| Complete 
|   5|0x00000000a2100000, 0x00000000a2200000, 0x00000000a2200000|100%|HC|  |TAMS 0x00000000a2200000, 0x00000000a2100000| Complete 
|   6|0x00000000a2200000, 0x00000000a2300000, 0x00000000a2300000|100%|HS|  |TAMS 0x00000000a2300000, 0x00000000a2200000| Complete 
|   7|0x00000000a2300000, 0x00000000a2400000, 0x00000000a2400000|100%| O|  |TAMS 0x00000000a2400000, 0x00000000a2300000| Untracked 
|   8|0x00000000a2400000, 0x00000000a2500000, 0x00000000a2500000|100%| O|  |TAMS 0x00000000a2500000, 0x00000000a2400000| Untracked 
|   9|0x00000000a2500000, 0x00000000a2600000, 0x00000000a2600000|100%| O|  |TAMS 0x00000000a2600000, 0x00000000a2500000| Untracked 
|  10|0x00000000a2600000, 0x00000000a2700000, 0x00000000a2700000|100%| O|  |TAMS 0x00000000a2700000, 0x00000000a2600000| Untracked 
|  11|0x00000000a2700000, 0x00000000a2800000, 0x00000000a2800000|100%| O|  |TAMS 0x00000000a2800000, 0x00000000a2700000| Untracked 
|  12|0x00000000a2800000, 0x00000000a2900000, 0x00000000a2900000|100%| O|  |TAMS 0x00000000a2900000, 0x00000000a2800000| Untracked 
|  13|0x00000000a2900000, 0x00000000a2a00000, 0x00000000a2a00000|100%| O|  |TAMS 0x00000000a2a00000, 0x00000000a2900000| Untracked 
|  14|0x00000000a2a00000, 0x00000000a2b00000, 0x00000000a2b00000|100%| O|  |TAMS 0x00000000a2b00000, 0x00000000a2a00000| Untracked 
|  15|0x00000000a2b00000, 0x00000000a2c00000, 0x00000000a2c00000|100%| O|  |TAMS 0x00000000a2c00000, 0x00000000a2b00000| Untracked 
|  16|0x00000000a2c00000, 0x00000000a2c00000, 0x00000000a2d00000|  0%| F|  |TAMS 0x00000000a2c00000, 0x00000000a2c00000| Untracked 
|  17|0x00000000a2d00000, 0x00000000a2d00000, 0x00000000a2e00000|  0%| F|  |TAMS 0x00000000a2d00000, 0x00000000a2d00000| Untracked 
|  18|0x00000000a2e00000, 0x00000000a2f00000, 0x00000000a2f00000|100%|HS|  |TAMS 0x00000000a2f00000, 0x00000000a2e00000| Complete 
|  19|0x00000000a2f00000, 0x00000000a3000000, 0x00000000a3000000|100%| O|  |TAMS 0x00000000a3000000, 0x00000000a2f00000| Untracked 
|  20|0x00000000a3000000, 0x00000000a3100000, 0x00000000a3100000|100%| O|  |TAMS 0x00000000a3100000, 0x00000000a3000000| Untracked 
|  21|0x00000000a3100000, 0x00000000a3200000, 0x00000000a3200000|100%| O|  |TAMS 0x00000000a3200000, 0x00000000a3100000| Untracked 
|  22|0x00000000a3200000, 0x00000000a3300000, 0x00000000a3300000|100%| O|  |TAMS 0x00000000a3300000, 0x00000000a3200000| Untracked 
|  23|0x00000000a3300000, 0x00000000a3400000, 0x00000000a3400000|100%| O|  |TAMS 0x00000000a3400000, 0x00000000a3300000| Untracked 
|  24|0x00000000a3400000, 0x00000000a3500000, 0x00000000a3500000|100%| O|  |TAMS 0x00000000a3500000, 0x00000000a3400000| Untracked 
|  25|0x00000000a3500000, 0x00000000a3600000, 0x00000000a3600000|100%| O|  |TAMS 0x00000000a3600000, 0x00000000a3500000| Untracked 
|  26|0x00000000a3600000, 0x00000000a3700000, 0x00000000a3700000|100%| O|  |TAMS 0x00000000a3700000, 0x00000000a3600000| Untracked 
|  27|0x00000000a3700000, 0x00000000a3800000, 0x00000000a3800000|100%| O|  |TAMS 0x00000000a3800000, 0x00000000a3700000| Untracked 
|  28|0x00000000a3800000, 0x00000000a3900000, 0x00000000a3900000|100%|HS|  |TAMS 0x00000000a3900000, 0x00000000a3800000| Complete 
|  29|0x00000000a3900000, 0x00000000a3a00000, 0x00000000a3a00000|100%|HC|  |TAMS 0x00000000a3a00000, 0x00000000a3900000| Complete 
|  30|0x00000000a3a00000, 0x00000000a3b00000, 0x00000000a3b00000|100%|HC|  |TAMS 0x00000000a3b00000, 0x00000000a3a00000| Complete 
|  31|0x00000000a3b00000, 0x00000000a3c00000, 0x00000000a3c00000|100%| O|  |TAMS 0x00000000a3c00000, 0x00000000a3b00000| Untracked 
|  32|0x00000000a3c00000, 0x00000000a3d00000, 0x00000000a3d00000|100%| O|  |TAMS 0x00000000a3d00000, 0x00000000a3c00000| Untracked 
|  33|0x00000000a3d00000, 0x00000000a3e00000, 0x00000000a3e00000|100%| O|  |TAMS 0x00000000a3e00000, 0x00000000a3d00000| Untracked 
|  34|0x00000000a3e00000, 0x00000000a3f00000, 0x00000000a3f00000|100%| O|  |TAMS 0x00000000a3f00000, 0x00000000a3e00000| Untracked 
|  35|0x00000000a3f00000, 0x00000000a3fa9400, 0x00000000a4000000| 66%| O|  |TAMS 0x00000000a3fa9400, 0x00000000a3f00000| Untracked 
|  36|0x00000000a4000000, 0x00000000a4100000, 0x00000000a4100000|100%|HS|  |TAMS 0x00000000a4000000, 0x00000000a4000000| Complete 
|  37|0x00000000a4100000, 0x00000000a4200000, 0x00000000a4200000|100%|HC|  |TAMS 0x00000000a4100000, 0x00000000a4100000| Complete 
|  38|0x00000000a4200000, 0x00000000a4200000, 0x00000000a4300000|  0%| F|  |TAMS 0x00000000a4200000, 0x00000000a4200000| Untracked 
|  39|0x00000000a4300000, 0x00000000a4300000, 0x00000000a4400000|  0%| F|  |TAMS 0x00000000a4300000, 0x00000000a4300000| Untracked 
|  40|0x00000000a4400000, 0x00000000a4400000, 0x00000000a4500000|  0%| F|  |TAMS 0x00000000a4400000, 0x00000000a4400000| Untracked 
|  41|0x00000000a4500000, 0x00000000a4500000, 0x00000000a4600000|  0%| F|  |TAMS 0x00000000a4500000, 0x00000000a4500000| Untracked 
|  42|0x00000000a4600000, 0x00000000a4600000, 0x00000000a4700000|  0%| F|  |TAMS 0x00000000a4600000, 0x00000000a4600000| Untracked 
|  43|0x00000000a4700000, 0x00000000a4700000, 0x00000000a4800000|  0%| F|  |TAMS 0x00000000a4700000, 0x00000000a4700000| Untracked 
|  44|0x00000000a4800000, 0x00000000a4800000, 0x00000000a4900000|  0%| F|  |TAMS 0x00000000a4800000, 0x00000000a4800000| Untracked 
|  45|0x00000000a4900000, 0x00000000a4900000, 0x00000000a4a00000|  0%| F|  |TAMS 0x00000000a4900000, 0x00000000a4900000| Untracked 
|  46|0x00000000a4a00000, 0x00000000a4a00000, 0x00000000a4b00000|  0%| F|  |TAMS 0x00000000a4a00000, 0x00000000a4a00000| Untracked 
|  47|0x00000000a4b00000, 0x00000000a4b00000, 0x00000000a4c00000|  0%| F|  |TAMS 0x00000000a4b00000, 0x00000000a4b00000| Untracked 
|  48|0x00000000a4c00000, 0x00000000a4c00000, 0x00000000a4d00000|  0%| F|  |TAMS 0x00000000a4c00000, 0x00000000a4c00000| Untracked 
|  49|0x00000000a4d00000, 0x00000000a4d00000, 0x00000000a4e00000|  0%| F|  |TAMS 0x00000000a4d00000, 0x00000000a4d00000| Untracked 
|  50|0x00000000a4e00000, 0x00000000a4e00000, 0x00000000a4f00000|  0%| F|  |TAMS 0x00000000a4e00000, 0x00000000a4e00000| Untracked 
|  51|0x00000000a4f00000, 0x00000000a4f00000, 0x00000000a5000000|  0%| F|  |TAMS 0x00000000a4f00000, 0x00000000a4f00000| Untracked 
|  52|0x00000000a5000000, 0x00000000a5000000, 0x00000000a5100000|  0%| F|  |TAMS 0x00000000a5000000, 0x00000000a5000000| Untracked 
|  53|0x00000000a5100000, 0x00000000a5100000, 0x00000000a5200000|  0%| F|  |TAMS 0x00000000a5100000, 0x00000000a5100000| Untracked 
|  54|0x00000000a5200000, 0x00000000a5200000, 0x00000000a5300000|  0%| F|  |TAMS 0x00000000a5200000, 0x00000000a5200000| Untracked 
|  55|0x00000000a5300000, 0x00000000a5300000, 0x00000000a5400000|  0%| F|  |TAMS 0x00000000a5300000, 0x00000000a5300000| Untracked 
|  56|0x00000000a5400000, 0x00000000a5400000, 0x00000000a5500000|  0%| F|  |TAMS 0x00000000a5400000, 0x00000000a5400000| Untracked 
|  57|0x00000000a5500000, 0x00000000a5500000, 0x00000000a5600000|  0%| F|  |TAMS 0x00000000a5500000, 0x00000000a5500000| Untracked 
|  58|0x00000000a5600000, 0x00000000a5600000, 0x00000000a5700000|  0%| F|  |TAMS 0x00000000a5600000, 0x00000000a5600000| Untracked 
|  59|0x00000000a5700000, 0x00000000a5700000, 0x00000000a5800000|  0%| F|  |TAMS 0x00000000a5700000, 0x00000000a5700000| Untracked 
|  60|0x00000000a5800000, 0x00000000a5800000, 0x00000000a5900000|  0%| F|  |TAMS 0x00000000a5800000, 0x00000000a5800000| Untracked 
|  61|0x00000000a5900000, 0x00000000a5900000, 0x00000000a5a00000|  0%| F|  |TAMS 0x00000000a5900000, 0x00000000a5900000| Untracked 
|  62|0x00000000a5a00000, 0x00000000a5a00000, 0x00000000a5b00000|  0%| F|  |TAMS 0x00000000a5a00000, 0x00000000a5a00000| Untracked 
|  63|0x00000000a5b00000, 0x00000000a5b00000, 0x00000000a5c00000|  0%| F|  |TAMS 0x00000000a5b00000, 0x00000000a5b00000| Untracked 
|  64|0x00000000a5c00000, 0x00000000a5c00000, 0x00000000a5d00000|  0%| F|  |TAMS 0x00000000a5c00000, 0x00000000a5c00000| Untracked 
|  65|0x00000000a5d00000, 0x00000000a5d00000, 0x00000000a5e00000|  0%| F|  |TAMS 0x00000000a5d00000, 0x00000000a5d00000| Untracked 
|  66|0x00000000a5e00000, 0x00000000a5e00000, 0x00000000a5f00000|  0%| F|  |TAMS 0x00000000a5e00000, 0x00000000a5e00000| Untracked 
|  67|0x00000000a5f00000, 0x00000000a5f00000, 0x00000000a6000000|  0%| F|  |TAMS 0x00000000a5f00000, 0x00000000a5f00000| Untracked 
|  68|0x00000000a6000000, 0x00000000a6000000, 0x00000000a6100000|  0%| F|  |TAMS 0x00000000a6000000, 0x00000000a6000000| Untracked 
|  69|0x00000000a6100000, 0x00000000a6100000, 0x00000000a6200000|  0%| F|  |TAMS 0x00000000a6100000, 0x00000000a6100000| Untracked 
|  70|0x00000000a6200000, 0x00000000a6200000, 0x00000000a6300000|  0%| F|  |TAMS 0x00000000a6200000, 0x00000000a6200000| Untracked 
|  71|0x00000000a6300000, 0x00000000a6300000, 0x00000000a6400000|  0%| F|  |TAMS 0x00000000a6300000, 0x00000000a6300000| Untracked 
|  72|0x00000000a6400000, 0x00000000a6400000, 0x00000000a6500000|  0%| F|  |TAMS 0x00000000a6400000, 0x00000000a6400000| Untracked 
|  73|0x00000000a6500000, 0x00000000a6500000, 0x00000000a6600000|  0%| F|  |TAMS 0x00000000a6500000, 0x00000000a6500000| Untracked 
|  74|0x00000000a6600000, 0x00000000a6600000, 0x00000000a6700000|  0%| F|  |TAMS 0x00000000a6600000, 0x00000000a6600000| Untracked 
|  75|0x00000000a6700000, 0x00000000a6700000, 0x00000000a6800000|  0%| F|  |TAMS 0x00000000a6700000, 0x00000000a6700000| Untracked 
|  76|0x00000000a6800000, 0x00000000a6800000, 0x00000000a6900000|  0%| F|  |TAMS 0x00000000a6800000, 0x00000000a6800000| Untracked 
|  77|0x00000000a6900000, 0x00000000a6a00000, 0x00000000a6a00000|100%|HS|  |TAMS 0x00000000a6a00000, 0x00000000a6900000| Complete 
|  78|0x00000000a6a00000, 0x00000000a6b00000, 0x00000000a6b00000|100%|HC|  |TAMS 0x00000000a6b00000, 0x00000000a6a00000| Complete 
|  79|0x00000000a6b00000, 0x00000000a6c00000, 0x00000000a6c00000|100%|HC|  |TAMS 0x00000000a6c00000, 0x00000000a6b00000| Complete 
|  80|0x00000000a6c00000, 0x00000000a6d00000, 0x00000000a6d00000|100%|HC|  |TAMS 0x00000000a6d00000, 0x00000000a6c00000| Complete 
|  81|0x00000000a6d00000, 0x00000000a6e00000, 0x00000000a6e00000|100%|HC|  |TAMS 0x00000000a6e00000, 0x00000000a6d00000| Complete 
|  82|0x00000000a6e00000, 0x00000000a6f00000, 0x00000000a6f00000|100%|HC|  |TAMS 0x00000000a6f00000, 0x00000000a6e00000| Complete 
|  83|0x00000000a6f00000, 0x00000000a7000000, 0x00000000a7000000|100%|HC|  |TAMS 0x00000000a7000000, 0x00000000a6f00000| Complete 
|  84|0x00000000a7000000, 0x00000000a7100000, 0x00000000a7100000|100%|HC|  |TAMS 0x00000000a7100000, 0x00000000a7000000| Complete 
|  85|0x00000000a7100000, 0x00000000a7200000, 0x00000000a7200000|100%|HC|  |TAMS 0x00000000a7200000, 0x00000000a7100000| Complete 
|  86|0x00000000a7200000, 0x00000000a7300000, 0x00000000a7300000|100%|HC|  |TAMS 0x00000000a7300000, 0x00000000a7200000| Complete 
|  87|0x00000000a7300000, 0x00000000a7400000, 0x00000000a7400000|100%|HC|  |TAMS 0x00000000a7400000, 0x00000000a7300000| Complete 
|  88|0x00000000a7400000, 0x00000000a7500000, 0x00000000a7500000|100%|HC|  |TAMS 0x00000000a7500000, 0x00000000a7400000| Complete 
|  89|0x00000000a7500000, 0x00000000a7600000, 0x00000000a7600000|100%|HC|  |TAMS 0x00000000a7600000, 0x00000000a7500000| Complete 
|  90|0x00000000a7600000, 0x00000000a7700000, 0x00000000a7700000|100%|HC|  |TAMS 0x00000000a7700000, 0x00000000a7600000| Complete 
|  91|0x00000000a7700000, 0x00000000a7800000, 0x00000000a7800000|100%|HC|  |TAMS 0x00000000a7800000, 0x00000000a7700000| Complete 
|  92|0x00000000a7800000, 0x00000000a7900000, 0x00000000a7900000|100%|HC|  |TAMS 0x00000000a7900000, 0x00000000a7800000| Complete 
|  93|0x00000000a7900000, 0x00000000a7a00000, 0x00000000a7a00000|100%|HC|  |TAMS 0x00000000a7a00000, 0x00000000a7900000| Complete 
|  94|0x00000000a7a00000, 0x00000000a7b00000, 0x00000000a7b00000|100%|HC|  |TAMS 0x00000000a7b00000, 0x00000000a7a00000| Complete 
|  95|0x00000000a7b00000, 0x00000000a7c00000, 0x00000000a7c00000|100%|HC|  |TAMS 0x00000000a7c00000, 0x00000000a7b00000| Complete 
|  96|0x00000000a7c00000, 0x00000000a7d00000, 0x00000000a7d00000|100%|HC|  |TAMS 0x00000000a7d00000, 0x00000000a7c00000| Complete 
|  97|0x00000000a7d00000, 0x00000000a7e00000, 0x00000000a7e00000|100%|HC|  |TAMS 0x00000000a7e00000, 0x00000000a7d00000| Complete 
|  98|0x00000000a7e00000, 0x00000000a7f00000, 0x00000000a7f00000|100%|HC|  |TAMS 0x00000000a7f00000, 0x00000000a7e00000| Complete 
|  99|0x00000000a7f00000, 0x00000000a8000000, 0x00000000a8000000|100%|HC|  |TAMS 0x00000000a8000000, 0x00000000a7f00000| Complete 
| 100|0x00000000a8000000, 0x00000000a8100000, 0x00000000a8100000|100%|HC|  |TAMS 0x00000000a8100000, 0x00000000a8000000| Complete 
| 101|0x00000000a8100000, 0x00000000a8200000, 0x00000000a8200000|100%|HC|  |TAMS 0x00000000a8200000, 0x00000000a8100000| Complete 
| 102|0x00000000a8200000, 0x00000000a8300000, 0x00000000a8300000|100%|HC|  |TAMS 0x00000000a8300000, 0x00000000a8200000| Complete 
| 103|0x00000000a8300000, 0x00000000a8400000, 0x00000000a8400000|100%|HC|  |TAMS 0x00000000a8400000, 0x00000000a8300000| Complete 
| 104|0x00000000a8400000, 0x00000000a8500000, 0x00000000a8500000|100%|HC|  |TAMS 0x00000000a8500000, 0x00000000a8400000| Complete 
| 105|0x00000000a8500000, 0x00000000a8600000, 0x00000000a8600000|100%|HC|  |TAMS 0x00000000a8600000, 0x00000000a8500000| Complete 
| 106|0x00000000a8600000, 0x00000000a8700000, 0x00000000a8700000|100%|HC|  |TAMS 0x00000000a8700000, 0x00000000a8600000| Complete 
| 107|0x00000000a8700000, 0x00000000a8800000, 0x00000000a8800000|100%|HC|  |TAMS 0x00000000a8800000, 0x00000000a8700000| Complete 
| 108|0x00000000a8800000, 0x00000000a8900000, 0x00000000a8900000|100%|HC|  |TAMS 0x00000000a8900000, 0x00000000a8800000| Complete 
| 109|0x00000000a8900000, 0x00000000a8a00000, 0x00000000a8a00000|100%|HC|  |TAMS 0x00000000a8a00000, 0x00000000a8900000| Complete 
| 110|0x00000000a8a00000, 0x00000000a8b00000, 0x00000000a8b00000|100%|HC|  |TAMS 0x00000000a8b00000, 0x00000000a8a00000| Complete 
| 111|0x00000000a8b00000, 0x00000000a8c00000, 0x00000000a8c00000|100%|HC|  |TAMS 0x00000000a8c00000, 0x00000000a8b00000| Complete 
| 112|0x00000000a8c00000, 0x00000000a8d00000, 0x00000000a8d00000|100%|HC|  |TAMS 0x00000000a8d00000, 0x00000000a8c00000| Complete 
| 113|0x00000000a8d00000, 0x00000000a8e00000, 0x00000000a8e00000|100%|HC|  |TAMS 0x00000000a8e00000, 0x00000000a8d00000| Complete 
| 114|0x00000000a8e00000, 0x00000000a8f00000, 0x00000000a8f00000|100%|HC|  |TAMS 0x00000000a8f00000, 0x00000000a8e00000| Complete 
| 115|0x00000000a8f00000, 0x00000000a9000000, 0x00000000a9000000|100%|HC|  |TAMS 0x00000000a9000000, 0x00000000a8f00000| Complete 
| 116|0x00000000a9000000, 0x00000000a9100000, 0x00000000a9100000|100%|HC|  |TAMS 0x00000000a9100000, 0x00000000a9000000| Complete 
| 117|0x00000000a9100000, 0x00000000a9200000, 0x00000000a9200000|100%|HC|  |TAMS 0x00000000a9200000, 0x00000000a9100000| Complete 
| 118|0x00000000a9200000, 0x00000000a9300000, 0x00000000a9300000|100%|HC|  |TAMS 0x00000000a9300000, 0x00000000a9200000| Complete 
| 119|0x00000000a9300000, 0x00000000a9400000, 0x00000000a9400000|100%|HC|  |TAMS 0x00000000a9400000, 0x00000000a9300000| Complete 
| 120|0x00000000a9400000, 0x00000000a9500000, 0x00000000a9500000|100%|HC|  |TAMS 0x00000000a9500000, 0x00000000a9400000| Complete 
| 121|0x00000000a9500000, 0x00000000a9600000, 0x00000000a9600000|100%|HC|  |TAMS 0x00000000a9600000, 0x00000000a9500000| Complete 
| 122|0x00000000a9600000, 0x00000000a9700000, 0x00000000a9700000|100%|HC|  |TAMS 0x00000000a9700000, 0x00000000a9600000| Complete 
| 123|0x00000000a9700000, 0x00000000a9800000, 0x00000000a9800000|100%|HC|  |TAMS 0x00000000a9800000, 0x00000000a9700000| Complete 
| 124|0x00000000a9800000, 0x00000000a9900000, 0x00000000a9900000|100%|HC|  |TAMS 0x00000000a9900000, 0x00000000a9800000| Complete 
| 125|0x00000000a9900000, 0x00000000a9a00000, 0x00000000a9a00000|100%|HC|  |TAMS 0x00000000a9a00000, 0x00000000a9900000| Complete 
| 126|0x00000000a9a00000, 0x00000000a9b00000, 0x00000000a9b00000|100%|HC|  |TAMS 0x00000000a9b00000, 0x00000000a9a00000| Complete 
| 127|0x00000000a9b00000, 0x00000000a9c00000, 0x00000000a9c00000|100%|HC|  |TAMS 0x00000000a9c00000, 0x00000000a9b00000| Complete 
| 128|0x00000000a9c00000, 0x00000000a9d00000, 0x00000000a9d00000|100%|HC|  |TAMS 0x00000000a9d00000, 0x00000000a9c00000| Complete 
| 129|0x00000000a9d00000, 0x00000000a9e00000, 0x00000000a9e00000|100%|HC|  |TAMS 0x00000000a9e00000, 0x00000000a9d00000| Complete 
| 130|0x00000000a9e00000, 0x00000000a9f00000, 0x00000000a9f00000|100%|HC|  |TAMS 0x00000000a9f00000, 0x00000000a9e00000| Complete 
| 131|0x00000000a9f00000, 0x00000000aa000000, 0x00000000aa000000|100%|HC|  |TAMS 0x00000000aa000000, 0x00000000a9f00000| Complete 
| 132|0x00000000aa000000, 0x00000000aa100000, 0x00000000aa100000|100%|HC|  |TAMS 0x00000000aa100000, 0x00000000aa000000| Complete 
| 133|0x00000000aa100000, 0x00000000aa200000, 0x00000000aa200000|100%|HC|  |TAMS 0x00000000aa200000, 0x00000000aa100000| Complete 
| 134|0x00000000aa200000, 0x00000000aa300000, 0x00000000aa300000|100%|HC|  |TAMS 0x00000000aa300000, 0x00000000aa200000| Complete 
| 135|0x00000000aa300000, 0x00000000aa300000, 0x00000000aa400000|  0%| F|  |TAMS 0x00000000aa300000, 0x00000000aa300000| Untracked 
| 136|0x00000000aa400000, 0x00000000aa400000, 0x00000000aa500000|  0%| F|  |TAMS 0x00000000aa400000, 0x00000000aa400000| Untracked 
| 137|0x00000000aa500000, 0x00000000aa500000, 0x00000000aa600000|  0%| F|  |TAMS 0x00000000aa500000, 0x00000000aa500000| Untracked 
| 138|0x00000000aa600000, 0x00000000aa600000, 0x00000000aa700000|  0%| F|  |TAMS 0x00000000aa600000, 0x00000000aa600000| Untracked 
| 139|0x00000000aa700000, 0x00000000aa700000, 0x00000000aa800000|  0%| F|  |TAMS 0x00000000aa700000, 0x00000000aa700000| Untracked 
| 140|0x00000000aa800000, 0x00000000aa800000, 0x00000000aa900000|  0%| F|  |TAMS 0x00000000aa800000, 0x00000000aa800000| Untracked 
| 141|0x00000000aa900000, 0x00000000aa900000, 0x00000000aaa00000|  0%| F|  |TAMS 0x00000000aa900000, 0x00000000aa900000| Untracked 
| 142|0x00000000aaa00000, 0x00000000aaa00000, 0x00000000aab00000|  0%| F|  |TAMS 0x00000000aaa00000, 0x00000000aaa00000| Untracked 
| 143|0x00000000aab00000, 0x00000000aab00000, 0x00000000aac00000|  0%| F|  |TAMS 0x00000000aab00000, 0x00000000aab00000| Untracked 
| 144|0x00000000aac00000, 0x00000000aac00000, 0x00000000aad00000|  0%| F|  |TAMS 0x00000000aac00000, 0x00000000aac00000| Untracked 
| 145|0x00000000aad00000, 0x00000000aad00000, 0x00000000aae00000|  0%| F|  |TAMS 0x00000000aad00000, 0x00000000aad00000| Untracked 
| 146|0x00000000aae00000, 0x00000000aae00000, 0x00000000aaf00000|  0%| F|  |TAMS 0x00000000aae00000, 0x00000000aae00000| Untracked 
| 147|0x00000000aaf00000, 0x00000000aaf00000, 0x00000000ab000000|  0%| F|  |TAMS 0x00000000aaf00000, 0x00000000aaf00000| Untracked 
| 148|0x00000000ab000000, 0x00000000ab0c30f0, 0x00000000ab100000| 76%| S|CS|TAMS 0x00000000ab000000, 0x00000000ab000000| Complete 
| 149|0x00000000ab100000, 0x00000000ab200000, 0x00000000ab200000|100%| S|CS|TAMS 0x00000000ab100000, 0x00000000ab100000| Complete 
| 150|0x00000000ab200000, 0x00000000ab200000, 0x00000000ab300000|  0%| F|  |TAMS 0x00000000ab200000, 0x00000000ab200000| Untracked 
| 151|0x00000000ab300000, 0x00000000ab300000, 0x00000000ab400000|  0%| F|  |TAMS 0x00000000ab300000, 0x00000000ab300000| Untracked 
| 152|0x00000000ab400000, 0x00000000ab437d18, 0x00000000ab500000| 21%| E|  |TAMS 0x00000000ab400000, 0x00000000ab400000| Complete 
| 153|0x00000000ab500000, 0x00000000ab600000, 0x00000000ab600000|100%| E|CS|TAMS 0x00000000ab500000, 0x00000000ab500000| Complete 

Card table byte_map: [0x00000186ac740000,0x00000186aca40000] _byte_map_base: 0x00000186ac232000

Marking Bits (Prev, Next): (CMBitMap*) 0x00000186942a5f20, (CMBitMap*) 0x00000186942a5ee8
 Prev Bits: [0x00000186ae4d0000, 0x00000186afc60000)
 Next Bits: [0x00000186acd40000, 0x00000186ae4d0000)

Polling page: 0x0000018692970000

Metaspace:

Usage:
  Non-class:     30.61 MB capacity,    29.79 MB ( 97%) used,   669.66 KB (  2%) free+waste,   162.75 KB ( <1%) overhead. 
      Class:      4.66 MB capacity,     4.09 MB ( 88%) used,   502.54 KB ( 11%) free+waste,    79.81 KB (  2%) overhead. 
       Both:     35.27 MB capacity,    33.89 MB ( 96%) used,     1.14 MB (  3%) free+waste,   242.56 KB ( <1%) overhead. 

Virtual space:
  Non-class space:       32.00 MB reserved,      30.75 MB ( 96%) committed 
      Class space:        1.00 GB reserved,       4.75 MB ( <1%) committed 
             Both:        1.03 GB reserved,      35.50 MB (  3%) committed 

Chunk freelists:
   Non-Class:  19.00 KB
       Class:  0 bytes
        Both:  19.00 KB

MaxMetaspaceSize: 17179869184.00 GB
CompressedClassSpaceSize: 1.00 GB
Initial GC threshold: 20.80 MB
Current GC threshold: 59.17 MB
CDS: off

CodeHeap 'non-profiled nmethods': size=120000Kb used=2313Kb max_used=2313Kb free=117686Kb
 bounds [0x00000186a44a0000, 0x00000186a4710000, 0x00000186ab9d0000]
CodeHeap 'profiled nmethods': size=120000Kb used=11669Kb max_used=11669Kb free=108330Kb
 bounds [0x000001869cf70000, 0x000001869dae0000, 0x00000186a44a0000]
CodeHeap 'non-nmethods': size=5760Kb used=1471Kb max_used=1496Kb free=4288Kb
 bounds [0x000001869c9d0000, 0x000001869cc40000, 0x000001869cf70000]
 total_blobs=6232 nmethods=5416 adapters=728
 compilation: enabled
              stopped_count=0, restarted_count=0
 full_count=0

Compilation events (20 events):
Event: 48.332 Thread 0x00000186b2724800 5457       3       javafx.scene.Node$1::intersects (7 bytes)
Event: 48.332 Thread 0x00000186b2724800 nmethod 5457 0x000001869dad3910 code [0x000001869dad3ac0, 0x000001869dad3c08]
Event: 48.542 Thread 0x00000186b2724800 5458       3       com.sun.javafx.scene.ParentHelper::pickNodeLocalImpl (12 bytes)
Event: 48.543 Thread 0x00000186b2724800 nmethod 5458 0x000001869dad3d10 code [0x000001869dad3ee0, 0x000001869dad4228]
Event: 48.543 Thread 0x00000186b2724800 5459       3       javafx.scene.Parent$1::doPickNodeLocal (10 bytes)
Event: 48.543 Thread 0x00000186b2724800 nmethod 5459 0x000001869dad4390 code [0x000001869dad4560, 0x000001869dad47e8]
Event: 48.655 Thread 0x00000186b271c000 5460       4       com.sun.javafx.geom.transform.Identity::transform (20 bytes)
Event: 48.655 Thread 0x00000186b2724800 5461       3       com.sun.javafx.util.Logging::getInputLogger (18 bytes)
Event: 48.656 Thread 0x00000186b2724800 nmethod 5461 0x000001869dad4910 code [0x000001869dad4ae0, 0x000001869dad4ca8]
Event: 48.656 Thread 0x00000186b271c000 nmethod 5460 0x00000186a46e1110 code [0x00000186a46e12a0, 0x00000186a46e1358]
Event: 58.067 Thread 0x00000186b271c000 5462       4       com.sun.javafx.geom.transform.Identity::inverseTransform (20 bytes)
Event: 58.069 Thread 0x00000186b271c000 nmethod 5462 0x00000186a46e1410 code [0x00000186a46e15a0, 0x00000186a46e1658]
Event: 58.150 Thread 0x00000186b271c000 5463       4       com.sun.javafx.event.EventDispatchChainImpl::dispatchEvent (101 bytes)
Event: 58.153 Thread 0x00000186b271c000 nmethod 5463 0x00000186a46e1710 code [0x00000186a46e18a0, 0x00000186a46e1a18]
Event: 58.607 Thread 0x00000186b271c000 5464       4       javafx.scene.Node::sceneToLocal (21 bytes)
Event: 58.621 Thread 0x00000186b271c000 nmethod 5464 0x00000186a46e1b90 code [0x00000186a46e1d80, 0x00000186a46e2188]
Event: 58.623 Thread 0x00000186b2724800 5465       3       java.util.ArrayDeque::remove (5 bytes)
Event: 58.623 Thread 0x00000186b2724800 nmethod 5465 0x000001869dad4d90 code [0x000001869dad4f60, 0x000001869dad51f8]
Event: 60.564 Thread 0x00000186b2724800 5466       3       com.sun.prism.GraphicsPipeline::getPipeline (4 bytes)
Event: 60.565 Thread 0x00000186b2724800 nmethod 5466 0x000001869dad5310 code [0x000001869dad54c0, 0x000001869dad55b8]

GC Heap History (18 events):
Event: 0.920 GC heap before
{Heap before GC invocations=0 (full 0):
 garbage-first heap   total 98304K, used 31744K [0x00000000a1c00000, 0x0000000100000000)
  region size 1024K, 24 young (24576K), 0 survivors (0K)
 Metaspace       used 8802K, capacity 8929K, committed 9088K, reserved 1056768K
  class space    used 782K, capacity 823K, committed 896K, reserved 1048576K
}
Event: 0.925 GC heap after
{Heap after GC invocations=1 (full 0):
 garbage-first heap   total 98304K, used 1977K [0x00000000a1c00000, 0x0000000100000000)
  region size 1024K, 2 young (2048K), 2 survivors (2048K)
 Metaspace       used 8802K, capacity 8929K, committed 9088K, reserved 1056768K
  class space    used 782K, capacity 823K, committed 896K, reserved 1048576K
}
Event: 2.439 GC heap before
{Heap before GC invocations=1 (full 0):
 garbage-first heap   total 98304K, used 51129K [0x00000000a1c00000, 0x0000000100000000)
  region size 1024K, 45 young (46080K), 2 survivors (2048K)
 Metaspace       used 20598K, capacity 21181K, committed 21248K, reserved 1069056K
  class space    used 2274K, capacity 2517K, committed 2560K, reserved 1048576K
}
Event: 2.454 GC heap after
{Heap after GC invocations=2 (full 0):
 garbage-first heap   total 98304K, used 15725K [0x00000000a1c00000, 0x0000000100000000)
  region size 1024K, 8 young (8192K), 8 survivors (8192K)
 Metaspace       used 20598K, capacity 21181K, committed 21248K, reserved 1069056K
  class space    used 2274K, capacity 2517K, committed 2560K, reserved 1048576K
}
Event: 2.584 GC heap before
{Heap before GC invocations=3 (full 0):
 garbage-first heap   total 98304K, used 19821K [0x00000000a1c00000, 0x0000000100000000)
  region size 1024K, 12 young (12288K), 8 survivors (8192K)
 Metaspace       used 21503K, capacity 22095K, committed 22144K, reserved 1069056K
  class space    used 2438K, capacity 2672K, committed 2688K, reserved 1048576K
}
Event: 2.593 GC heap after
{Heap after GC invocations=4 (full 0):
 garbage-first heap   total 98304K, used 16693K [0x00000000a1c00000, 0x0000000100000000)
  region size 1024K, 1 young (1024K), 1 survivors (1024K)
 Metaspace       used 21503K, capacity 22095K, committed 22144K, reserved 1069056K
  class space    used 2438K, capacity 2672K, committed 2688K, reserved 1048576K
}
Event: 11.782 GC heap before
{Heap before GC invocations=4 (full 0):
 garbage-first heap   total 98304K, used 54581K [0x00000000a1c00000, 0x0000000100000000)
  region size 1024K, 32 young (32768K), 1 survivors (1024K)
 Metaspace       used 28490K, capacity 29416K, committed 29696K, reserved 1075200K
  class space    used 3408K, capacity 3807K, committed 3840K, reserved 1048576K
}
Event: 11.793 GC heap after
{Heap after GC invocations=5 (full 0):
 garbage-first heap   total 98304K, used 26734K [0x00000000a1c00000, 0x0000000100000000)
  region size 1024K, 4 young (4096K), 4 survivors (4096K)
 Metaspace       used 28490K, capacity 29416K, committed 29696K, reserved 1075200K
  class space    used 3408K, capacity 3807K, committed 3840K, reserved 1048576K
}
Event: 12.591 GC heap before
{Heap before GC invocations=5 (full 0):
 garbage-first heap   total 98304K, used 47214K [0x00000000a1c00000, 0x0000000100000000)
  region size 1024K, 23 young (23552K), 4 survivors (4096K)
 Metaspace       used 30750K, capacity 31748K, committed 31872K, reserved 1077248K
  class space    used 3685K, capacity 4112K, committed 4224K, reserved 1048576K
}
Event: 12.602 GC heap after
{Heap after GC invocations=6 (full 0):
 garbage-first heap   total 98304K, used 26563K [0x00000000a1c00000, 0x0000000100000000)
  region size 1024K, 3 young (3072K), 3 survivors (3072K)
 Metaspace       used 30750K, capacity 31748K, committed 31872K, reserved 1077248K
  class space    used 3685K, capacity 4112K, committed 4224K, reserved 1048576K
}
Event: 12.992 GC heap before
{Heap before GC invocations=7 (full 0):
 garbage-first heap   total 157696K, used 84931K [0x00000000a1c00000, 0x0000000100000000)
  region size 1024K, 4 young (4096K), 3 survivors (3072K)
 Metaspace       used 30758K, capacity 31760K, committed 31872K, reserved 1077248K
  class space    used 3686K, capacity 4114K, committed 4224K, reserved 1048576K
}
Event: 12.998 GC heap after
{Heap after GC invocations=8 (full 0):
 garbage-first heap   total 157696K, used 85072K [0x00000000a1c00000, 0x0000000100000000)
  region size 1024K, 3 young (3072K), 3 survivors (3072K)
 Metaspace       used 30758K, capacity 31760K, committed 31872K, reserved 1077248K
  class space    used 3686K, capacity 4114K, committed 4224K, reserved 1048576K
}
Event: 14.569 GC heap before
{Heap before GC invocations=9 (full 0):
 garbage-first heap   total 157696K, used 88144K [0x00000000a1c00000, 0x0000000100000000)
  region size 1024K, 7 young (7168K), 3 survivors (3072K)
 Metaspace       used 31276K, capacity 32355K, committed 32640K, reserved 1077248K
  class space    used 3712K, capacity 4148K, committed 4224K, reserved 1048576K
}
Event: 14.577 GC heap after
{Heap after GC invocations=10 (full 0):
 garbage-first heap   total 157696K, used 86911K [0x00000000a1c00000, 0x0000000100000000)
  region size 1024K, 2 young (2048K), 2 survivors (2048K)
 Metaspace       used 31276K, capacity 32355K, committed 32640K, reserved 1077248K
  class space    used 3712K, capacity 4148K, committed 4224K, reserved 1048576K
}
Event: 18.639 GC heap before
{Heap before GC invocations=11 (full 0):
 garbage-first heap   total 157696K, used 116607K [0x00000000a1c00000, 0x0000000100000000)
  region size 1024K, 29 young (29696K), 2 survivors (2048K)
 Metaspace       used 34580K, capacity 36043K, committed 36352K, reserved 1081344K
  class space    used 4186K, capacity 4771K, committed 4864K, reserved 1048576K
}
Event: 18.649 GC heap after
{Heap after GC invocations=12 (full 0):
 garbage-first heap   total 157696K, used 96034K [0x00000000a1c00000, 0x0000000100000000)
  region size 1024K, 4 young (4096K), 4 survivors (4096K)
 Metaspace       used 34580K, capacity 36043K, committed 36352K, reserved 1081344K
  class space    used 4186K, capacity 4771K, committed 4864K, reserved 1048576K
}
Event: 18.827 GC heap before
{Heap before GC invocations=12 (full 0):
 garbage-first heap   total 157696K, used 98082K [0x00000000a1c00000, 0x0000000100000000)
  region size 1024K, 8 young (8192K), 4 survivors (4096K)
 Metaspace       used 34654K, capacity 36108K, committed 36352K, reserved 1081344K
  class space    used 4186K, capacity 4771K, committed 4864K, reserved 1048576K
}
Event: 18.845 GC heap after
{Heap after GC invocations=13 (full 0):
 garbage-first heap   total 157696K, used 97713K [0x00000000a1c00000, 0x0000000100000000)
  region size 1024K, 2 young (2048K), 2 survivors (2048K)
 Metaspace       used 34654K, capacity 36108K, committed 36352K, reserved 1081344K
  class space    used 4186K, capacity 4771K, committed 4864K, reserved 1048576K
}

Deoptimization events (20 events):
Event: 18.507 Thread 0x00000186b3cda800 DEOPT PACKING pc=0x00000186a46bf5e4 sp=0x0000000b6f3f4800
Event: 18.507 Thread 0x00000186b3cda800 DEOPT UNPACKING pc=0x000001869ca1a1af sp=0x0000000b6f3f4790 mode 2
Event: 18.507 Thread 0x00000186b3cda800 Uncommon trap: trap_request=0xffffffbe fr.pc=0x00000186a46bf5e4 relative=0x0000000000000384
Event: 18.507 Thread 0x00000186b3cda800 Uncommon trap: reason=profile_predicate action=maybe_recompile pc=0x00000186a46bf5e4 method=javafx.css.CompoundSelector.applies(Ljavafx/css/Styleable;[Ljava/util/Set;I)Z @ 89 c2
Event: 18.507 Thread 0x00000186b3cda800 DEOPT PACKING pc=0x00000186a46bf5e4 sp=0x0000000b6f3f4800
Event: 18.507 Thread 0x00000186b3cda800 DEOPT UNPACKING pc=0x000001869ca1a1af sp=0x0000000b6f3f4790 mode 2
Event: 18.509 Thread 0x00000186b3cda800 Uncommon trap: trap_request=0xffffffbe fr.pc=0x00000186a46bf5e4 relative=0x0000000000000384
Event: 18.509 Thread 0x00000186b3cda800 Uncommon trap: reason=profile_predicate action=maybe_recompile pc=0x00000186a46bf5e4 method=javafx.css.CompoundSelector.applies(Ljavafx/css/Styleable;[Ljava/util/Set;I)Z @ 89 c2
Event: 18.509 Thread 0x00000186b3cda800 DEOPT PACKING pc=0x00000186a46bf5e4 sp=0x0000000b6f3f4800
Event: 18.509 Thread 0x00000186b3cda800 DEOPT UNPACKING pc=0x000001869ca1a1af sp=0x0000000b6f3f4790 mode 2
Event: 18.509 Thread 0x00000186b3cda800 Uncommon trap: trap_request=0xffffffbe fr.pc=0x00000186a46bf5e4 relative=0x0000000000000384
Event: 18.509 Thread 0x00000186b3cda800 Uncommon trap: reason=profile_predicate action=maybe_recompile pc=0x00000186a46bf5e4 method=javafx.css.CompoundSelector.applies(Ljavafx/css/Styleable;[Ljava/util/Set;I)Z @ 89 c2
Event: 18.509 Thread 0x00000186b3cda800 DEOPT PACKING pc=0x00000186a46bf5e4 sp=0x0000000b6f3f4800
Event: 18.509 Thread 0x00000186b3cda800 DEOPT UNPACKING pc=0x000001869ca1a1af sp=0x0000000b6f3f4790 mode 2
Event: 18.825 Thread 0x00000186b394e000 DEOPT PACKING pc=0x000001869d96841f sp=0x0000000b6effda00
Event: 18.825 Thread 0x00000186b394e000 DEOPT UNPACKING pc=0x000001869ca1a95e sp=0x0000000b6effce18 mode 0
Event: 18.826 Thread 0x00000186b394e000 Uncommon trap: trap_request=0xffffff4d fr.pc=0x00000186a4607a98 relative=0x0000000000003db8
Event: 18.826 Thread 0x00000186b394e000 Uncommon trap: reason=unstable_if action=reinterpret pc=0x00000186a4607a98 method=com.sun.marlin.DRenderer._endRendering(IILcom/sun/marlin/MarlinAlphaConsumer;)V @ 2410 c2
Event: 18.826 Thread 0x00000186b394e000 DEOPT PACKING pc=0x00000186a4607a98 sp=0x0000000b6effda40
Event: 18.826 Thread 0x00000186b394e000 DEOPT UNPACKING pc=0x000001869ca1a1af sp=0x0000000b6effd918 mode 2

Classes redefined (0 events):
No events

Internal exceptions (20 events):
Event: 3.063 Thread 0x00000186b394e000 Exception <a 'java/lang/NoSuchMethodError'{0x00000000a6c19768}: 'int java.lang.invoke.DirectMethodHandle$Holder.invokeStaticInit(java.lang.Object, java.lang.Object)'> (0x00000000a6c19768) thrown at [./src/hotspot/share/interpreter/linkResolver.cpp, line 773]
Event: 3.085 Thread 0x00000186b394e000 Exception <a 'java/lang/NoSuchMethodError'{0x00000000a6cb6b38}: 'java.lang.Object java.lang.invoke.DirectMethodHandle$Holder.invokeStaticInit(java.lang.Object, int)'> (0x00000000a6cb6b38) thrown at [./src/hotspot/share/interpreter/linkResolver.cpp, line 773]
Event: 4.355 Thread 0x00000186b3cda800 Exception <a 'java/lang/NoSuchMethodError'{0x00000000a686dae0}: 'long java.lang.invoke.DirectMethodHandle$Holder.invokeStaticInit(java.lang.Object, java.lang.Object, java.lang.Object)'> (0x00000000a686dae0) thrown at [./src/hotspot/share/interpreter/linkResolver.cpp, line 773]
Event: 4.364 Thread 0x00000186b3cda800 Exception <a 'java/lang/NoSuchMethodError'{0x00000000a6886380}: 'java.lang.Object java.lang.invoke.DirectMethodHandle$Holder.invokeStatic(java.lang.Object, java.lang.Object, long)'> (0x00000000a6886380) thrown at [./src/hotspot/share/interpreter/linkResolver.cpp, line 773]
Event: 4.365 Thread 0x00000186b3cda800 Exception <a 'java/lang/NoSuchMethodError'{0x00000000a688c4f8}: 'java.lang.Object java.lang.invoke.Invokers$Holder.linkToTargetMethod(java.lang.Object, long, java.lang.Object)'> (0x00000000a688c4f8) thrown at [./src/hotspot/share/interpreter/linkResolver.cpp, line 773]
Event: 11.126 Thread 0x00000186b3cda800 Exception <a 'sun/nio/fs/WindowsException'{0x00000000a6439418}> (0x00000000a6439418) thrown at [./src/hotspot/share/prims/jni.cpp, line 617]
Event: 11.259 Thread 0x00000186b3cda800 Exception <a 'java/lang/NoSuchMethodError'{0x00000000a63c8658}: 'java.lang.Object java.lang.invoke.DirectMethodHandle$Holder.invokeStatic(java.lang.Object, int, int, int, int)'> (0x00000000a63c8658) thrown at [./src/hotspot/share/interpreter/linkResolver.cpp, line 773]
Event: 11.259 Thread 0x00000186b3cda800 Exception <a 'java/lang/NoSuchMethodError'{0x00000000a63cbcd0}: 'java.lang.Object java.lang.invoke.DirectMethodHandle$Holder.invokeStaticInit(java.lang.Object, int, int, int, int)'> (0x00000000a63cbcd0) thrown at [./src/hotspot/share/interpreter/linkResolver.cpp, line 773]
Event: 11.667 Thread 0x00000186b3cda800 Exception <a 'java/lang/NoSuchMethodError'{0x00000000a62211c0}: 'java.lang.Object java.lang.invoke.DirectMethodHandle$Holder.invokeStatic(java.lang.Object, java.lang.Object, int, int, int, int)'> (0x00000000a62211c0) thrown at [./src/hotspot/share/interpreter/linkResolver.cpp, line 773]
Event: 11.667 Thread 0x00000186b3cda800 Exception <a 'java/lang/NoSuchMethodError'{0x00000000a6224a68}: 'java.lang.Object java.lang.invoke.DirectMethodHandle$Holder.invokeStaticInit(java.lang.Object, java.lang.Object, int, int, int, int)'> (0x00000000a6224a68) thrown at [./src/hotspot/share/interpreter/linkResolver.cpp, line 773]
Event: 12.135 Thread 0x00000186b3cda800 Exception <a 'sun/nio/fs/WindowsException'{0x00000000a6de0860}> (0x00000000a6de0860) thrown at [./src/hotspot/share/prims/jni.cpp, line 617]
Event: 12.142 Thread 0x00000186b3cda800 Exception <a 'sun/nio/fs/WindowsException'{0x00000000a6df8a78}> (0x00000000a6df8a78) thrown at [./src/hotspot/share/prims/jni.cpp, line 617]
Event: 13.066 Thread 0x00000186b3cda800 Exception <a 'sun/nio/fs/WindowsException'{0x00000000ab592d80}> (0x00000000ab592d80) thrown at [./src/hotspot/share/prims/jni.cpp, line 617]
Event: 13.240 Thread 0x00000186b3cda800 Exception <a 'java/io/FileNotFoundException'{0x00000000ab19ea50}> (0x00000000ab19ea50) thrown at [./src/hotspot/share/prims/jni.cpp, line 617]
Event: 15.974 Thread 0x00000186b3cda800 Exception <a 'java/io/FileNotFoundException'{0x00000000ab0b5e48}> (0x00000000ab0b5e48) thrown at [./src/hotspot/share/prims/jni.cpp, line 617]
Event: 18.239 Thread 0x00000186b3cda800 Exception <a 'java/lang/NoSuchMethodError'{0x00000000a670e328}: 'java.lang.Object java.lang.invoke.DirectMethodHandle$Holder.invokeStatic(java.lang.Object, int, java.lang.Object)'> (0x00000000a670e328) thrown at [./src/hotspot/share/interpreter/linkResolver.cpp, line 773]
Event: 18.244 Thread 0x00000186b3cda800 Exception <a 'java/io/FileNotFoundException'{0x00000000a6721ea8}> (0x00000000a6721ea8) thrown at [./src/hotspot/share/prims/jni.cpp, line 617]
Event: 18.395 Thread 0x00000186b3cda800 Exception <a 'java/lang/NoSuchMethodError'{0x00000000a65132b0}: 'void java.lang.invoke.DirectMethodHandle$Holder.invokeSpecialIFC(java.lang.Object, java.lang.Object, java.lang.Object, java.lang.Object)'> (0x00000000a65132b0) thrown at [./src/hotspot/share/interpreter/linkResolver.cpp, line 773]
Event: 18.495 Thread 0x00000186b3cda800 Implicit null exception at 0x00000186a468c67a to 0x00000186a468cf68
Event: 60.564 Thread 0x00000186b3c10800 Exception <a 'java/lang/IllegalStateException'{0x00000000ab42add8}> (0x00000000ab42add8) thrown at [./src/hotspot/share/prims/jvm.cpp, line 1310]

Events (20 events):
Event: 60.560 loading class java/util/IdentityHashMap$KeyIterator done
Event: 60.561 Thread 0x00000186b3cbd000 Thread added: 0x00000186b3cbd000
Event: 60.561 Thread 0x00000186b3c10800 Thread added: 0x00000186b3c10800
Event: 60.561 Executing VM operation: RevokeBias
Event: 60.562 Executing VM operation: RevokeBias done
Event: 60.562 Executing VM operation: RevokeBias
Event: 60.562 Executing coalesced safepoint VM operation: RevokeBias
Event: 60.562 Executing coalesced safepoint VM operation: RevokeBias done
Event: 60.562 Executing VM operation: RevokeBias done
Event: 60.563 Executing VM operation: RevokeBias
Event: 60.563 Executing VM operation: RevokeBias done
Event: 60.563 Executing VM operation: RevokeBias
Event: 60.563 Executing VM operation: RevokeBias done
Event: 60.563 loading class com/sun/javafx/tk/quantum/QuantumRenderer
Event: 60.563 loading class com/sun/javafx/tk/quantum/QuantumRenderer done
Event: 60.563 Thread 0x00000186b3cbd000 Thread exited: 0x00000186b3cbd000
Event: 60.564 loading class com/sun/javafx/tk/quantum/QuantumToolkit
Event: 60.564 loading class com/sun/javafx/tk/quantum/QuantumToolkit done
Event: 60.564 Thread 0x00000186b3c10800 Thread exited: 0x00000186b3c10800
Event: 60.566 Executing VM operation: Exit


Dynamic libraries:
0x00007ff6fa930000 - 0x00007ff6fa93d000 	C:\Users\Facundo\.jdks\corretto-11.0.15\bin\java.exe
0x00007ffc483f0000 - 0x00007ffc485e8000 	C:\Windows\SYSTEM32\ntdll.dll
0x00007ffc482b0000 - 0x00007ffc4836f000 	C:\Windows\System32\KERNEL32.DLL
0x00007ffc45af0000 - 0x00007ffc45dc2000 	C:\Windows\System32\KERNELBASE.dll
0x00007ffc46250000 - 0x00007ffc46350000 	C:\Windows\System32\ucrtbase.dll
0x00007ffc07490000 - 0x00007ffc074a9000 	C:\Users\Facundo\.jdks\corretto-11.0.15\bin\VCRUNTIME140.dll
0x00007ffc07530000 - 0x00007ffc07547000 	C:\Users\Facundo\.jdks\corretto-11.0.15\bin\jli.dll
0x00007ffc48030000 - 0x00007ffc481cd000 	C:\Windows\System32\USER32.dll
0x00007ffc34720000 - 0x00007ffc349ba000 	C:\Windows\WinSxS\amd64_microsoft.windows.common-controls_6595b64144ccf1df_6.0.19041.1110_none_60b5254171f9507e\COMCTL32.dll
0x00007ffc46030000 - 0x00007ffc46052000 	C:\Windows\System32\win32u.dll
0x00007ffc475e0000 - 0x00007ffc4767e000 	C:\Windows\System32\msvcrt.dll
0x00007ffc48380000 - 0x00007ffc483ab000 	C:\Windows\System32\GDI32.dll
0x00007ffc45e40000 - 0x00007ffc45f4f000 	C:\Windows\System32\gdi32full.dll
0x00007ffc463a0000 - 0x00007ffc4643d000 	C:\Windows\System32\msvcp_win.dll
0x00007ffc46ca0000 - 0x00007ffc46cd2000 	C:\Windows\System32\IMM32.DLL
0x00007ffc052d0000 - 0x00007ffc0536b000 	C:\Users\Facundo\.jdks\corretto-11.0.15\bin\msvcp140.dll
0x00007ffbfaf60000 - 0x00007ffbfbae3000 	C:\Users\Facundo\.jdks\corretto-11.0.15\bin\server\jvm.dll
0x00007ffc47710000 - 0x00007ffc477be000 	C:\Windows\System32\ADVAPI32.dll
0x00007ffc46700000 - 0x00007ffc4679c000 	C:\Windows\System32\sechost.dll
0x00007ffc473d0000 - 0x00007ffc474f5000 	C:\Windows\System32\RPCRT4.dll
0x00007ffc46c90000 - 0x00007ffc46c98000 	C:\Windows\System32\PSAPI.DLL
0x00007ffc2eca0000 - 0x00007ffc2eca9000 	C:\Windows\SYSTEM32\WSOCK32.dll
0x00007ffc3b1b0000 - 0x00007ffc3b1d7000 	C:\Windows\SYSTEM32\WINMM.dll
0x00007ffc3d970000 - 0x00007ffc3d97a000 	C:\Windows\SYSTEM32\VERSION.dll
0x00007ffc471d0000 - 0x00007ffc4723b000 	C:\Windows\System32\WS2_32.dll
0x00007ffc439b0000 - 0x00007ffc439c2000 	C:\Windows\SYSTEM32\kernel.appcore.dll
0x00007ffc27270000 - 0x00007ffc27280000 	C:\Users\Facundo\.jdks\corretto-11.0.15\bin\verify.dll
0x00007ffc3d510000 - 0x00007ffc3d6f4000 	C:\Windows\SYSTEM32\DBGHELP.DLL
0x00007ffc31700000 - 0x00007ffc3172c000 	C:\Windows\SYSTEM32\dbgcore.DLL
0x00007ffc46060000 - 0x00007ffc460e2000 	C:\Windows\System32\bcryptPrimitives.dll
0x00007ffc07460000 - 0x00007ffc07488000 	C:\Users\Facundo\.jdks\corretto-11.0.15\bin\java.dll
0x00007ffc25ec0000 - 0x00007ffc25eca000 	C:\Users\Facundo\.jdks\corretto-11.0.15\bin\jimage.dll
0x00007ffc40ae0000 - 0x00007ffc40aee000 	C:\Users\Facundo\.jdks\corretto-11.0.15\bin\instrument.dll
0x00007ffc07440000 - 0x00007ffc07458000 	C:\Users\Facundo\.jdks\corretto-11.0.15\bin\zip.dll
0x00007ffc478e0000 - 0x00007ffc48023000 	C:\Windows\System32\SHELL32.dll
0x00007ffc43bb0000 - 0x00007ffc44342000 	C:\Windows\SYSTEM32\windows.storage.dll
0x00007ffc46820000 - 0x00007ffc46b74000 	C:\Windows\System32\combase.dll
0x00007ffc45470000 - 0x00007ffc454a0000 	C:\Windows\SYSTEM32\Wldp.dll
0x00007ffc46440000 - 0x00007ffc464ed000 	C:\Windows\System32\SHCORE.dll
0x00007ffc47370000 - 0x00007ffc473c5000 	C:\Windows\System32\shlwapi.dll
0x00007ffc45a30000 - 0x00007ffc45a4f000 	C:\Windows\SYSTEM32\profapi.dll
0x00007ffc07420000 - 0x00007ffc07439000 	C:\Users\Facundo\.jdks\corretto-11.0.15\bin\net.dll
0x00007ffc35e30000 - 0x00007ffc35f3c000 	C:\Windows\SYSTEM32\WINHTTP.dll
0x00007ffc451d0000 - 0x00007ffc4523a000 	C:\Windows\system32\mswsock.dll
0x00007ffc06fd0000 - 0x00007ffc06fe3000 	C:\Users\Facundo\.jdks\corretto-11.0.15\bin\nio.dll
0x00007ffc3e630000 - 0x00007ffc3e64a000 	C:\Program Files\JetBrains\IntelliJ IDEA 2022.1.3\bin\breakgen64.dll
0x00000186b5060000 - 0x00000186b5063000 	C:\Users\Facundo\.jdks\corretto-11.0.15\bin\api-ms-win-core-console-l1-1-0.dll
0x00000186b5070000 - 0x00000186b5073000 	C:\Users\Facundo\.jdks\corretto-11.0.15\bin\api-ms-win-core-datetime-l1-1-0.dll
0x00000186b5080000 - 0x00000186b5083000 	C:\Users\Facundo\.jdks\corretto-11.0.15\bin\api-ms-win-core-debug-l1-1-0.dll
0x00000186b5090000 - 0x00000186b5093000 	C:\Users\Facundo\.jdks\corretto-11.0.15\bin\api-ms-win-core-errorhandling-l1-1-0.dll
0x00000186b50a0000 - 0x00000186b50a4000 	C:\Users\Facundo\.jdks\corretto-11.0.15\bin\api-ms-win-core-file-l1-1-0.dll
0x00000186b50b0000 - 0x00000186b50b3000 	C:\Users\Facundo\.jdks\corretto-11.0.15\bin\api-ms-win-core-file-l1-2-0.dll
0x00000186b50c0000 - 0x00000186b50c3000 	C:\Users\Facundo\.jdks\corretto-11.0.15\bin\api-ms-win-core-file-l2-1-0.dll
0x00000186b50d0000 - 0x00000186b50d3000 	C:\Users\Facundo\.jdks\corretto-11.0.15\bin\api-ms-win-core-handle-l1-1-0.dll
0x00000186b50e0000 - 0x00000186b50e3000 	C:\Users\Facundo\.jdks\corretto-11.0.15\bin\api-ms-win-core-heap-l1-1-0.dll
0x00000186b50f0000 - 0x00000186b50f3000 	C:\Users\Facundo\.jdks\corretto-11.0.15\bin\api-ms-win-core-interlocked-l1-1-0.dll
0x00000186b5100000 - 0x00000186b5103000 	C:\Users\Facundo\.jdks\corretto-11.0.15\bin\api-ms-win-core-libraryloader-l1-1-0.dll
0x00000186b5110000 - 0x00000186b5113000 	C:\Users\Facundo\.jdks\corretto-11.0.15\bin\api-ms-win-core-localization-l1-2-0.dll
0x00000186b5120000 - 0x00000186b5123000 	C:\Users\Facundo\.jdks\corretto-11.0.15\bin\api-ms-win-core-memory-l1-1-0.dll
0x00000186b5130000 - 0x00000186b5133000 	C:\Users\Facundo\.jdks\corretto-11.0.15\bin\api-ms-win-core-namedpipe-l1-1-0.dll
0x00000186b5140000 - 0x00000186b5143000 	C:\Users\Facundo\.jdks\corretto-11.0.15\bin\api-ms-win-core-processenvironment-l1-1-0.dll
0x00000186b5150000 - 0x00000186b5153000 	C:\Users\Facundo\.jdks\corretto-11.0.15\bin\api-ms-win-core-processthreads-l1-1-0.dll
0x00000186b5160000 - 0x00000186b5163000 	C:\Users\Facundo\.jdks\corretto-11.0.15\bin\api-ms-win-core-processthreads-l1-1-1.dll
0x00000186b5170000 - 0x00000186b5173000 	C:\Users\Facundo\.jdks\corretto-11.0.15\bin\api-ms-win-core-profile-l1-1-0.dll
0x00000186b5180000 - 0x00000186b5183000 	C:\Users\Facundo\.jdks\corretto-11.0.15\bin\api-ms-win-core-rtlsupport-l1-1-0.dll
0x00000186b5190000 - 0x00000186b5193000 	C:\Users\Facundo\.jdks\corretto-11.0.15\bin\api-ms-win-core-string-l1-1-0.dll
0x00000186b51a0000 - 0x00000186b51a3000 	C:\Users\Facundo\.jdks\corretto-11.0.15\bin\api-ms-win-core-synch-l1-1-0.dll
0x00000186b51b0000 - 0x00000186b51b3000 	C:\Users\Facundo\.jdks\corretto-11.0.15\bin\api-ms-win-core-synch-l1-2-0.dll
0x00000186b51c0000 - 0x00000186b51c3000 	C:\Users\Facundo\.jdks\corretto-11.0.15\bin\api-ms-win-core-sysinfo-l1-1-0.dll
0x00000186b51d0000 - 0x00000186b51d3000 	C:\Users\Facundo\.jdks\corretto-11.0.15\bin\api-ms-win-core-timezone-l1-1-0.dll
0x00000186b51e0000 - 0x00000186b51e3000 	C:\Users\Facundo\.jdks\corretto-11.0.15\bin\api-ms-win-core-util-l1-1-0.dll
0x00000186b51f0000 - 0x00000186b51f3000 	C:\Users\Facundo\.jdks\corretto-11.0.15\bin\api-ms-win-crt-conio-l1-1-0.dll
0x00000186b5200000 - 0x00000186b5204000 	C:\Users\Facundo\.jdks\corretto-11.0.15\bin\api-ms-win-crt-convert-l1-1-0.dll
0x00000186b5210000 - 0x00000186b5213000 	C:\Users\Facundo\.jdks\corretto-11.0.15\bin\api-ms-win-crt-environment-l1-1-0.dll
0x00000186b5220000 - 0x00000186b5223000 	C:\Users\Facundo\.jdks\corretto-11.0.15\bin\api-ms-win-crt-filesystem-l1-1-0.dll
0x00000186b5230000 - 0x00000186b5233000 	C:\Users\Facundo\.jdks\corretto-11.0.15\bin\api-ms-win-crt-heap-l1-1-0.dll
0x00000186b5240000 - 0x00000186b5243000 	C:\Users\Facundo\.jdks\corretto-11.0.15\bin\api-ms-win-crt-locale-l1-1-0.dll
0x00000186b5250000 - 0x00000186b5255000 	C:\Users\Facundo\.jdks\corretto-11.0.15\bin\api-ms-win-crt-math-l1-1-0.dll
0x00000186b5260000 - 0x00000186b5265000 	C:\Users\Facundo\.jdks\corretto-11.0.15\bin\api-ms-win-crt-multibyte-l1-1-0.dll
0x00000186b5270000 - 0x00000186b5280000 	C:\Users\Facundo\.jdks\corretto-11.0.15\bin\api-ms-win-crt-private-l1-1-0.dll
0x00000186b5280000 - 0x00000186b5283000 	C:\Users\Facundo\.jdks\corretto-11.0.15\bin\api-ms-win-crt-process-l1-1-0.dll
0x00000186b5290000 - 0x00000186b5294000 	C:\Users\Facundo\.jdks\corretto-11.0.15\bin\api-ms-win-crt-runtime-l1-1-0.dll
0x00000186b52a0000 - 0x00000186b52a4000 	C:\Users\Facundo\.jdks\corretto-11.0.15\bin\api-ms-win-crt-stdio-l1-1-0.dll
0x00000186b54f0000 - 0x00000186b54f4000 	C:\Users\Facundo\.jdks\corretto-11.0.15\bin\api-ms-win-crt-string-l1-1-0.dll
0x00000186b5500000 - 0x00000186b5503000 	C:\Users\Facundo\.jdks\corretto-11.0.15\bin\api-ms-win-crt-time-l1-1-0.dll
0x00000186b5510000 - 0x00000186b5513000 	C:\Users\Facundo\.jdks\corretto-11.0.15\bin\api-ms-win-crt-utility-l1-1-0.dll
0x00007ffc23780000 - 0x00007ffc2387c000 	C:\Users\Facundo\.jdks\corretto-11.0.15\bin\ucrtbase.dll
0x00007ffc2af00000 - 0x00007ffc2af4e000 	C:\Windows\System32\concrt140.dll
0x00007ffc30fc0000 - 0x00007ffc30fcc000 	C:\Windows\SYSTEM32\VCRUNTIME140_1.dll
0x00007ffc3e5c0000 - 0x00007ffc3e5e3000 	C:\Users\Facundo\.openjfx\cache\11.0.2\prism_d3d.dll
0x00007ffc1cf10000 - 0x00007ffc1d0df000 	C:\Windows\system32\d3d9.dll
0x00007ffc438a0000 - 0x00007ffc438cf000 	C:\Windows\SYSTEM32\dwmapi.dll
0x00007ffc434e0000 - 0x00007ffc4357e000 	C:\Windows\system32\uxtheme.dll
0x00007ffc3b1e0000 - 0x00007ffc3b398000 	C:\Windows\System32\DriverStore\FileRepository\u0372351.inf_amd64_d9136d66f2036415\B371894\aticfx64.dll
0x00007ffc2e0c0000 - 0x00007ffc2e0f4000 	C:\Windows\System32\DriverStore\FileRepository\u0372351.inf_amd64_d9136d66f2036415\B371894\atiu9p64.dll
0x00007ffbfa200000 - 0x00007ffbfaf54000 	C:\Windows\System32\DriverStore\FileRepository\u0372351.inf_amd64_d9136d66f2036415\B371894\atiumd64.dll
0x00007ffc47240000 - 0x00007ffc4736a000 	C:\Windows\System32\ole32.dll
0x0000000054ae0000 - 0x0000000055955000 	C:\Windows\System32\DriverStore\FileRepository\u0372351.inf_amd64_d9136d66f2036415\B371894\atiumd6a.dll
0x00007ffc46d60000 - 0x00007ffc471c8000 	C:\Windows\System32\SETUPAPI.dll
0x00007ffc46350000 - 0x00007ffc4639e000 	C:\Windows\System32\cfgmgr32.dll
0x00007ffc45960000 - 0x00007ffc459ab000 	C:\Windows\SYSTEM32\POWRPROF.dll
0x00007ffc45f50000 - 0x00007ffc45f77000 	C:\Windows\System32\bcrypt.dll
0x00007ffc45940000 - 0x00007ffc45952000 	C:\Windows\SYSTEM32\UMPDC.dll
0x00007ffc38f30000 - 0x00007ffc38f60000 	C:\Windows\SYSTEM32\amdihk64.dll
0x00007ffc25f40000 - 0x00007ffc25f85000 	C:\Users\Facundo\.openjfx\cache\11.0.2\glass.dll
0x00007ffc47500000 - 0x00007ffc475da000 	C:\Windows\System32\COMDLG32.dll
0x00007ffc481e0000 - 0x00007ffc482ad000 	C:\Windows\System32\OLEAUT32.dll
0x00007ffc477c0000 - 0x00007ffc478d5000 	C:\Windows\System32\MSCTF.dll
0x00007ffc3b600000 - 0x00007ffc3b63b000 	C:\Windows\SYSTEM32\dxcore.dll
0x00007ffc2b0d0000 - 0x00007ffc2b0fc000 	C:\Users\Facundo\.openjfx\cache\11.0.2\javafx_iio.dll
0x00007ffc38a00000 - 0x00007ffc38a14000 	C:\Users\Facundo\.openjfx\cache\11.0.2\javafx_font.dll
0x00007ffc37e50000 - 0x00007ffc380cf000 	C:\Windows\SYSTEM32\dwrite.dll
0x00007ffc46be0000 - 0x00007ffc46c8f000 	C:\Windows\System32\clbcatq.dll
0x00007ffc3fd50000 - 0x00007ffc3ff04000 	C:\Windows\SYSTEM32\WindowsCodecs.dll
0x00007ffc33e90000 - 0x00007ffc33ece000 	C:\Windows\system32\dataexchange.dll
0x00007ffc41920000 - 0x00007ffc41b83000 	C:\Windows\system32\d3d11.dll
0x00007ffc42710000 - 0x00007ffc428f3000 	C:\Windows\system32\dcomp.dll
0x00007ffc443b0000 - 0x00007ffc444a3000 	C:\Windows\system32\dxgi.dll
0x00007ffc406c0000 - 0x00007ffc408c0000 	C:\Windows\system32\twinapi.appcore.dll
0x00007ffc24db0000 - 0x00007ffc24de4000 	C:\Program Files\Common Files\Microsoft Shared\Ink\rtscom.dll
0x00007ffc3f2f0000 - 0x00007ffc3f3e9000 	C:\Windows\SYSTEM32\textinputframework.dll
0x00007ffc430c0000 - 0x00007ffc431b2000 	C:\Windows\System32\CoreMessaging.dll
0x00007ffc42d60000 - 0x00007ffc430be000 	C:\Windows\System32\CoreUIComponents.dll
0x00007ffc425b0000 - 0x00007ffc42704000 	C:\Windows\SYSTEM32\wintypes.dll
0x00007ffc44c10000 - 0x00007ffc44c43000 	C:\Windows\SYSTEM32\ntmarta.dll
0x00007ffc44f00000 - 0x00007ffc44fca000 	C:\Windows\SYSTEM32\DNSAPI.dll
0x00007ffc44ec0000 - 0x00007ffc44efb000 	C:\Windows\SYSTEM32\IPHLPAPI.DLL
0x00007ffc481d0000 - 0x00007ffc481d8000 	C:\Windows\System32\NSI.dll

dbghelp: loaded successfully - version: 4.0.5 - missing functions: none
symbol engine: initialized successfully - sym options: 0x614 - pdb path: .;C:\Users\Facundo\.jdks\corretto-11.0.15\bin;C:\Windows\SYSTEM32;C:\Windows\WinSxS\amd64_microsoft.windows.common-controls_6595b64144ccf1df_6.0.19041.1110_none_60b5254171f9507e;C:\Users\Facundo\.jdks\corretto-11.0.15\bin\server;C:\Program Files\JetBrains\IntelliJ IDEA 2022.1.3\bin;C:\Users\Facundo\.openjfx\cache\11.0.2;C:\Windows\System32\DriverStore\FileRepository\u0372351.inf_amd64_d9136d66f2036415\B371894;C:\Program Files\Common Files\Microsoft Shared\Ink

VM Arguments:
jvm_args: -javaagent:C:\Program Files\JetBrains\IntelliJ IDEA 2022.1.3\lib\idea_rt.jar=55172:C:\Program Files\JetBrains\IntelliJ IDEA 2022.1.3\bin -Dfile.encoding=UTF-8 --module-path=C:\Users\Facundo\.m2\repository\org\bouncycastle\bcprov-jdk15on\1.68\bcprov-jdk15on-1.68.jar;C:\Users\Facundo\.m2\repository\org\testng\testng\7.5\testng-7.5.jar;C:\Users\Facundo\.m2\repository\org\openjfx\javafx-controls\11.0.2\javafx-controls-11.0.2-win.jar;C:\Users\Facundo\.m2\repository\org\openjfx\javafx-graphics\11.0.2\javafx-graphics-11.0.2-win.jar;C:\Users\Facundo\.m2\repository\org\postgresql\postgresql\42.2.8\postgresql-42.2.8.jar;C:\Users\Facundo\.m2\repository\net\sf\jasperreports\jasperreports\6.18.1\jasperreports-6.18.1.jar;C:\Users\Facundo\.m2\repository\org\openjfx\javafx-fxml\11.0.2\javafx-fxml-11.0.2-win.jar;C:\Users\Facundo\Desktop\Facultad 2022\Segundo Cuatrimestre\Sistemas Administrativos II\Sistema Contable\target\classes;C:\Users\Facundo\.m2\repository\org\openjfx\javafx-base\11.0.2\javafx-base-11.0.2-win.jar -Djdk.module.main=sistemacontable.sistemacontable 
java_command: sistemacontable.sistemacontable/sistemacontable.sistemacontable.HelloApplication
java_class_path (initial): C:\Users\Facundo\.m2\repository\commons-beanutils\commons-beanutils\1.9.4\commons-beanutils-1.9.4.jar;C:\Users\Facundo\.m2\repository\commons-collections\commons-collections\3.2.2\commons-collections-3.2.2.jar;C:\Users\Facundo\.m2\repository\commons-digester\commons-digester\2.1\commons-digester-2.1.jar;C:\Users\Facundo\.m2\repository\commons-logging\commons-logging\1.1.1\commons-logging-1.1.1.jar;C:\Users\Facundo\.m2\repository\org\apache\commons\commons-collections4\4.2\commons-collections4-4.2.jar;C:\Users\Facundo\.m2\repository\com\lowagie\itext\2.1.7.js9\itext-2.1.7.js9.jar;C:\Users\Facundo\.m2\repository\org\jfree\jcommon\1.0.23\jcommon-1.0.23.jar;C:\Users\Facundo\.m2\repository\org\jfree\jfreechart\1.0.19\jfreechart-1.0.19.jar;C:\Users\Facundo\.m2\repository\org\eclipse\jdt\ecj\3.21.0\ecj-3.21.0.jar;C:\Users\Facundo\.m2\repository\org\codehaus\castor\castor-xml\1.4.1\castor-xml-1.4.1.jar;C:\Users\Facundo\.m2\repository\org\codehaus\castor\castor-core\1.4.1\castor-core-1.4.1.jar;C:\Users\Facundo\.m2\repository\org\apache\commons\commons-lang3\3.4\commons-lang3-3.4.jar;C:\Users\Facundo\.m2\repository\javax\inject\javax.inject\1\javax.inject-1.jar;C:\Users\Facundo\.m2\repository\com\fasterxml\jackson\core\jackson-core\2.12.2\jackson-core-2.12.2.jar;C:\Users\Facundo\.m2\repository\com\fasterxml\jackson\core\jackson-databind\2.12.2\jackson-databind-2.12.2.jar;C:\Users\Facundo\.m2\repository\com\fasterxml\jackson\core\jackson-annotations\2.12.2\jackson-annotations-2.12.2.jar;C:\Users\Facundo\.m2\repository\org\openjfx\javafx-controls\11.0.2\javafx-controls-11.0.2.jar;C:\Users\Facundo\.m2\repository\org\openjfx\javafx-graphics\11.0.2\javafx-graphics-11.0.2.jar;C:\Users\Facundo\.m2\repository\org\openjfx\javafx-base\11.0.2\javafx-base-11.0.2.jar;C:\Users\Facundo\.m2\repository\org\openjfx\javafx-fxml\11.0.2\javafx-fxml-11.0.2.jar;C:\Users\Facundo\.m2\repository\com\lowagie\itext\2.1.7\itext-2.1.7.jar;C:\Users\Facundo\.m2\repository\bouncy
Launcher Type: SUN_STANDARD

[Global flags]
     intx CICompilerCount                          = 4                                         {product} {ergonomic}
     uint ConcGCThreads                            = 2                                         {product} {ergonomic}
     uint G1ConcRefinementThreads                  = 8                                         {product} {ergonomic}
   size_t G1HeapRegionSize                         = 1048576                                   {product} {ergonomic}
    uintx GCDrainStackTargetSize                   = 64                                        {product} {ergonomic}
   size_t InitialHeapSize                          = 100663296                                 {product} {ergonomic}
   size_t MarkStackSize                            = 4194304                                   {product} {ergonomic}
   size_t MaxHeapSize                              = 1581252608                                {product} {ergonomic}
   size_t MaxNewSize                               = 947912704                                 {product} {ergonomic}
   size_t MinHeapDeltaBytes                        = 1048576                                   {product} {ergonomic}
    uintx NonNMethodCodeHeapSize                   = 5836300                                {pd product} {ergonomic}
    uintx NonProfiledCodeHeapSize                  = 122910970                              {pd product} {ergonomic}
    uintx ProfiledCodeHeapSize                     = 122910970                              {pd product} {ergonomic}
    uintx ReservedCodeCacheSize                    = 251658240                              {pd product} {ergonomic}
     bool SegmentedCodeCache                       = true                                      {product} {ergonomic}
     bool UseCompressedClassPointers               = true                                 {lp64_product} {ergonomic}
     bool UseCompressedOops                        = true                                 {lp64_product} {ergonomic}
     bool UseG1GC                                  = true                                      {product} {ergonomic}
     bool UseLargePagesIndividualAllocation        = false                                  {pd product} {ergonomic}

Logging:
Log output configuration:
 #0: stdout all=warning uptime,level,tags
 #1: stderr all=off uptime,level,tags

Environment Variables:
JAVA_HOME=C:\Program Files\Java\jdk1.8.0_333
PATH=C:\Program Files\Java\jdk1.8.0_333;C:\Program Files (x86)\Common Files\Oracle\Java\javapath;C:\Windows\system32;C:\Windows;C:\Windows\System32\Wbem;C:\Windows\System32\WindowsPowerShell\v1.0\;C:\Windows\System32\OpenSSH\;C:\Program Files\Git\cmd;C:\Program Files\Java\jdk1.8.0_333\bin;C:\Program Files\MySQL\MySQL Shell 8.0\bin\;C:\Users\Facundo\AppData\Local\Microsoft\WindowsApps;
USERNAME=Facundo
OS=Windows_NT
PROCESSOR_IDENTIFIER=AMD64 Family 23 Model 24 Stepping 1, AuthenticAMD



---------------  S Y S T E M  ---------------

OS: Windows 10 , 64 bit Build 19041 (10.0.19041.2251)
OS uptime: 3 days 0:10 hours

CPU:total 8 (initial active 8) (8 cores per cpu, 2 threads per core) family 23 model 24 stepping 1 microcode 0x0, cmov, cx8, fxsr, mmx, sse, sse2, sse3, ssse3, sse4.1, sse4.2, popcnt, avx, avx2, aes, clmul, mmxext, 3dnowpref, lzcnt, sse4a, ht, tsc, tscinvbit, tscinv, bmi1, bmi2, adx, sha, fma

Memory: 4k page, system-wide physical 6030M (208M free)
TotalPageFile size 11959M (AvailPageFile size 2763M)
current process WorkingSet (physical memory assigned to process): 330M, peak: 339M
current process commit charge ("private bytes"): 510M, peak: 524M

vm_info: OpenJDK 64-Bit Server VM (11.0.15+9-LTS) for windows-amd64 JRE (11.0.15+9-LTS), built on Apr 15 2022 22:20:31 by "Administrator" with unknown MS VC++:1916

END.
